
createBranch(master,DemoProjectX) =============
{
  "ref": "refs/heads/DemoProjectX",
  "node_id": "MDM6UmVmMjQwNTk5ODQ3OkRlbW9Qcm9qZWN0WA==",
  "url": "https://api.github.com/repos/jodybot/policy-ops/git/refs/heads/DemoProjectX",
  "object": {
    "sha": "db6ff92dafaf522c71dabc5a7518dcb16613a802",
    "type": "commit",
    "url": "https://api.github.com/repos/jodybot/policy-ops/git/commits/db6ff92dafaf522c71dabc5a7518dcb16613a802"
  }
}
{
  "url": "https://api.github.com/repos/jodybot/policy-ops/branches/DemoProjectX/protection",
  "required_pull_request_reviews": {
    "url": "https://api.github.com/repos/jodybot/policy-ops/branches/DemoProjectX/protection/required_pull_request_reviews",
    "dismiss_stale_reviews": false,
    "require_code_owner_reviews": false,
    "required_approving_review_count": 1
  },
  "enforce_admins": {
    "url": "https://api.github.com/repos/jodybot/policy-ops/branches/DemoProjectX/protection/enforce_admins",
    "enabled": false
  },
  "required_linear_history": {
    "enabled": false
  },
  "allow_force_pushes": {
    "enabled": false
  },
  "allow_deletions": {
    "enabled": true
  }
}

commitFile(DemoProjectX,2020/02/19/DemoProjectX/access-request.json) =============
{
  "content": {
    "name": "access-request.json",
    "path": "2020/02/19/DemoProjectX/access-request.json",
    "sha": "5ed94d6fd236bcb26531c837a1860f101cdb5828",
    "size": 849,
    "url": "https://api.github.com/repos/jodybot/policy-ops/contents/2020/02/19/DemoProjectX/access-request.json?ref=DemoProjectX",
    "html_url": "https://github.com/jodybot/policy-ops/blob/DemoProjectX/2020/02/19/DemoProjectX/access-request.json",
    "git_url": "https://api.github.com/repos/jodybot/policy-ops/git/blobs/5ed94d6fd236bcb26531c837a1860f101cdb5828",
    "download_url": "https://raw.githubusercontent.com/jodybot/policy-ops/DemoProjectX/2020/02/19/DemoProjectX/access-request.json",
    "type": "file",
    "_links": {
      "self": "https://api.github.com/repos/jodybot/policy-ops/contents/2020/02/19/DemoProjectX/access-request.json?ref=DemoProjectX",
      "git": "https://api.github.com/repos/jodybot/policy-ops/git/blobs/5ed94d6fd236bcb26531c837a1860f101cdb5828",
      "html": "https://github.com/jodybot/policy-ops/blob/DemoProjectX/2020/02/19/DemoProjectX/access-request.json"
    }
  },
  "commit": {
    "sha": "d78f5460fd34d69619c006eb2df21f4e7fabc3bb",
    "node_id": "MDY6Q29tbWl0MjQwNTk5ODQ3OmQ3OGY1NDYwZmQzNGQ2OTYxOWMwMDZlYjJkZjIxZjRlN2ZhYmMzYmI=",
    "url": "https://api.github.com/repos/jodybot/policy-ops/git/commits/d78f5460fd34d69619c006eb2df21f4e7fabc3bb",
    "html_url": "https://github.com/jodybot/policy-ops/commit/d78f5460fd34d69619c006eb2df21f4e7fabc3bb",
    "author": {
      "name": "jodybot",
      "email": "61066454+jodybot@users.noreply.github.com",
      "date": "2020-02-19T16:08:33Z"
    },
    "committer": {
      "name": "jodybot",
      "email": "61066454+jodybot@users.noreply.github.com",
      "date": "2020-02-19T16:08:33Z"
    },
    "tree": {
      "sha": "209c830b0d37cf69016c8ccdd1571d6f9249b5cf",
      "url": "https://api.github.com/repos/jodybot/policy-ops/git/trees/209c830b0d37cf69016c8ccdd1571d6f9249b5cf"
    },
    "message": "DemoProjectX, access-request.json, 2020-02-19/10:08:32",
    "parents": [
      {
        "sha": "db6ff92dafaf522c71dabc5a7518dcb16613a802",
        "url": "https://api.github.com/repos/jodybot/policy-ops/git/commits/db6ff92dafaf522c71dabc5a7518dcb16613a802",
        "html_url": "https://github.com/jodybot/policy-ops/commit/db6ff92dafaf522c71dabc5a7518dcb16613a802"
      }
    ],
    "verification": {
      "verified": false,
      "reason": "unsigned",
      "signature": null,
      "payload": null
    }
  }
}

createPullRequest(DemoProjectX,access-request.json) =============
{
  "url": "https://api.github.com/repos/jodybot/policy-ops/pulls/44",
  "id": 377247862,
  "node_id": "MDExOlB1bGxSZXF1ZXN0Mzc3MjQ3ODYy",
  "html_url": "https://github.com/jodybot/policy-ops/pull/44",
  "diff_url": "https://github.com/jodybot/policy-ops/pull/44.diff",
  "patch_url": "https://github.com/jodybot/policy-ops/pull/44.patch",
  "issue_url": "https://api.github.com/repos/jodybot/policy-ops/issues/44",
  "number": 44,
  "state": "open",
  "locked": false,
  "title": "DemoProjectX project onboarding.",
  "user": {
    "login": "jodybot",
    "id": 61066454,
    "node_id": "MDQ6VXNlcjYxMDY2NDU0",
    "avatar_url": "https://avatars1.githubusercontent.com/u/61066454?v=4",
    "gravatar_id": "",
    "url": "https://api.github.com/users/jodybot",
    "html_url": "https://github.com/jodybot",
    "followers_url": "https://api.github.com/users/jodybot/followers",
    "following_url": "https://api.github.com/users/jodybot/following{/other_user}",
    "gists_url": "https://api.github.com/users/jodybot/gists{/gist_id}",
    "starred_url": "https://api.github.com/users/jodybot/starred{/owner}{/repo}",
    "subscriptions_url": "https://api.github.com/users/jodybot/subscriptions",
    "organizations_url": "https://api.github.com/users/jodybot/orgs",
    "repos_url": "https://api.github.com/users/jodybot/repos",
    "events_url": "https://api.github.com/users/jodybot/events{/privacy}",
    "received_events_url": "https://api.github.com/users/jodybot/received_events",
    "type": "User",
    "site_admin": false
  },
  "body": "access-request.json",
  "created_at": "2020-02-19T16:08:34Z",
  "updated_at": "2020-02-19T16:08:34Z",
  "closed_at": null,
  "merged_at": null,
  "merge_commit_sha": null,
  "assignee": null,
  "assignees": [],
  "requested_reviewers": [],
  "requested_teams": [],
  "labels": [],
  "milestone": null,
  "commits_url": "https://api.github.com/repos/jodybot/policy-ops/pulls/44/commits",
  "review_comments_url": "https://api.github.com/repos/jodybot/policy-ops/pulls/44/comments",
  "review_comment_url": "https://api.github.com/repos/jodybot/policy-ops/pulls/comments{/number}",
  "comments_url": "https://api.github.com/repos/jodybot/policy-ops/issues/44/comments",
  "statuses_url": "https://api.github.com/repos/jodybot/policy-ops/statuses/d78f5460fd34d69619c006eb2df21f4e7fabc3bb",
  "head": {
    "label": "jodybot:DemoProjectX",
    "ref": "DemoProjectX",
    "sha": "d78f5460fd34d69619c006eb2df21f4e7fabc3bb",
    "user": {
      "login": "jodybot",
      "id": 61066454,
      "node_id": "MDQ6VXNlcjYxMDY2NDU0",
      "avatar_url": "https://avatars1.githubusercontent.com/u/61066454?v=4",
      "gravatar_id": "",
      "url": "https://api.github.com/users/jodybot",
      "html_url": "https://github.com/jodybot",
      "followers_url": "https://api.github.com/users/jodybot/followers",
      "following_url": "https://api.github.com/users/jodybot/following{/other_user}",
      "gists_url": "https://api.github.com/users/jodybot/gists{/gist_id}",
      "starred_url": "https://api.github.com/users/jodybot/starred{/owner}{/repo}",
      "subscriptions_url": "https://api.github.com/users/jodybot/subscriptions",
      "organizations_url": "https://api.github.com/users/jodybot/orgs",
      "repos_url": "https://api.github.com/users/jodybot/repos",
      "events_url": "https://api.github.com/users/jodybot/events{/privacy}",
      "received_events_url": "https://api.github.com/users/jodybot/received_events",
      "type": "User",
      "site_admin": false
    },
    "repo": {
      "id": 240599847,
      "node_id": "MDEwOlJlcG9zaXRvcnkyNDA1OTk4NDc=",
      "name": "policy-ops",
      "full_name": "jodybot/policy-ops",
      "private": false,
      "owner": {
        "login": "jodybot",
        "id": 61066454,
        "node_id": "MDQ6VXNlcjYxMDY2NDU0",
        "avatar_url": "https://avatars1.githubusercontent.com/u/61066454?v=4",
        "gravatar_id": "",
        "url": "https://api.github.com/users/jodybot",
        "html_url": "https://github.com/jodybot",
        "followers_url": "https://api.github.com/users/jodybot/followers",
        "following_url": "https://api.github.com/users/jodybot/following{/other_user}",
        "gists_url": "https://api.github.com/users/jodybot/gists{/gist_id}",
        "starred_url": "https://api.github.com/users/jodybot/starred{/owner}{/repo}",
        "subscriptions_url": "https://api.github.com/users/jodybot/subscriptions",
        "organizations_url": "https://api.github.com/users/jodybot/orgs",
        "repos_url": "https://api.github.com/users/jodybot/repos",
        "events_url": "https://api.github.com/users/jodybot/events{/privacy}",
        "received_events_url": "https://api.github.com/users/jodybot/received_events",
        "type": "User",
        "site_admin": false
      },
      "html_url": "https://github.com/jodybot/policy-ops",
      "description": "test repo for yaml policy gitops management",
      "fork": false,
      "url": "https://api.github.com/repos/jodybot/policy-ops",
      "forks_url": "https://api.github.com/repos/jodybot/policy-ops/forks",
      "keys_url": "https://api.github.com/repos/jodybot/policy-ops/keys{/key_id}",
      "collaborators_url": "https://api.github.com/repos/jodybot/policy-ops/collaborators{/collaborator}",
      "teams_url": "https://api.github.com/repos/jodybot/policy-ops/teams",
      "hooks_url": "https://api.github.com/repos/jodybot/policy-ops/hooks",
      "issue_events_url": "https://api.github.com/repos/jodybot/policy-ops/issues/events{/number}",
      "events_url": "https://api.github.com/repos/jodybot/policy-ops/events",
      "assignees_url": "https://api.github.com/repos/jodybot/policy-ops/assignees{/user}",
      "branches_url": "https://api.github.com/repos/jodybot/policy-ops/branches{/branch}",
      "tags_url": "https://api.github.com/repos/jodybot/policy-ops/tags",
      "blobs_url": "https://api.github.com/repos/jodybot/policy-ops/git/blobs{/sha}",
      "git_tags_url": "https://api.github.com/repos/jodybot/policy-ops/git/tags{/sha}",
      "git_refs_url": "https://api.github.com/repos/jodybot/policy-ops/git/refs{/sha}",
      "trees_url": "https://api.github.com/repos/jodybot/policy-ops/git/trees{/sha}",
      "statuses_url": "https://api.github.com/repos/jodybot/policy-ops/statuses/{sha}",
      "languages_url": "https://api.github.com/repos/jodybot/policy-ops/languages",
      "stargazers_url": "https://api.github.com/repos/jodybot/policy-ops/stargazers",
      "contributors_url": "https://api.github.com/repos/jodybot/policy-ops/contributors",
      "subscribers_url": "https://api.github.com/repos/jodybot/policy-ops/subscribers",
      "subscription_url": "https://api.github.com/repos/jodybot/policy-ops/subscription",
      "commits_url": "https://api.github.com/repos/jodybot/policy-ops/commits{/sha}",
      "git_commits_url": "https://api.github.com/repos/jodybot/policy-ops/git/commits{/sha}",
      "comments_url": "https://api.github.com/repos/jodybot/policy-ops/comments{/number}",
      "issue_comment_url": "https://api.github.com/repos/jodybot/policy-ops/issues/comments{/number}",
      "contents_url": "https://api.github.com/repos/jodybot/policy-ops/contents/{+path}",
      "compare_url": "https://api.github.com/repos/jodybot/policy-ops/compare/{base}...{head}",
      "merges_url": "https://api.github.com/repos/jodybot/policy-ops/merges",
      "archive_url": "https://api.github.com/repos/jodybot/policy-ops/{archive_format}{/ref}",
      "downloads_url": "https://api.github.com/repos/jodybot/policy-ops/downloads",
      "issues_url": "https://api.github.com/repos/jodybot/policy-ops/issues{/number}",
      "pulls_url": "https://api.github.com/repos/jodybot/policy-ops/pulls{/number}",
      "milestones_url": "https://api.github.com/repos/jodybot/policy-ops/milestones{/number}",
      "notifications_url": "https://api.github.com/repos/jodybot/policy-ops/notifications{?since,all,participating}",
      "labels_url": "https://api.github.com/repos/jodybot/policy-ops/labels{/name}",
      "releases_url": "https://api.github.com/repos/jodybot/policy-ops/releases{/id}",
      "deployments_url": "https://api.github.com/repos/jodybot/policy-ops/deployments",
      "created_at": "2020-02-14T21:15:07Z",
      "updated_at": "2020-02-19T15:59:07Z",
      "pushed_at": "2020-02-19T16:08:33Z",
      "git_url": "git://github.com/jodybot/policy-ops.git",
      "ssh_url": "git@github.com:jodybot/policy-ops.git",
      "clone_url": "https://github.com/jodybot/policy-ops.git",
      "svn_url": "https://github.com/jodybot/policy-ops",
      "homepage": null,
      "size": 38,
      "stargazers_count": 0,
      "watchers_count": 0,
      "language": null,
      "has_issues": true,
      "has_projects": true,
      "has_downloads": true,
      "has_wiki": true,
      "has_pages": false,
      "forks_count": 0,
      "mirror_url": null,
      "archived": false,
      "disabled": false,
      "open_issues_count": 1,
      "license": null,
      "forks": 0,
      "open_issues": 1,
      "watchers": 0,
      "default_branch": "master"
    }
  },
  "base": {
    "label": "jodybot:master",
    "ref": "master",
    "sha": "db6ff92dafaf522c71dabc5a7518dcb16613a802",
    "user": {
      "login": "jodybot",
      "id": 61066454,
      "node_id": "MDQ6VXNlcjYxMDY2NDU0",
      "avatar_url": "https://avatars1.githubusercontent.com/u/61066454?v=4",
      "gravatar_id": "",
      "url": "https://api.github.com/users/jodybot",
      "html_url": "https://github.com/jodybot",
      "followers_url": "https://api.github.com/users/jodybot/followers",
      "following_url": "https://api.github.com/users/jodybot/following{/other_user}",
      "gists_url": "https://api.github.com/users/jodybot/gists{/gist_id}",
      "starred_url": "https://api.github.com/users/jodybot/starred{/owner}{/repo}",
      "subscriptions_url": "https://api.github.com/users/jodybot/subscriptions",
      "organizations_url": "https://api.github.com/users/jodybot/orgs",
      "repos_url": "https://api.github.com/users/jodybot/repos",
      "events_url": "https://api.github.com/users/jodybot/events{/privacy}",
      "received_events_url": "https://api.github.com/users/jodybot/received_events",
      "type": "User",
      "site_admin": false
    },
    "repo": {
      "id": 240599847,
      "node_id": "MDEwOlJlcG9zaXRvcnkyNDA1OTk4NDc=",
      "name": "policy-ops",
      "full_name": "jodybot/policy-ops",
      "private": false,
      "owner": {
        "login": "jodybot",
        "id": 61066454,
        "node_id": "MDQ6VXNlcjYxMDY2NDU0",
        "avatar_url": "https://avatars1.githubusercontent.com/u/61066454?v=4",
        "gravatar_id": "",
        "url": "https://api.github.com/users/jodybot",
        "html_url": "https://github.com/jodybot",
        "followers_url": "https://api.github.com/users/jodybot/followers",
        "following_url": "https://api.github.com/users/jodybot/following{/other_user}",
        "gists_url": "https://api.github.com/users/jodybot/gists{/gist_id}",
        "starred_url": "https://api.github.com/users/jodybot/starred{/owner}{/repo}",
        "subscriptions_url": "https://api.github.com/users/jodybot/subscriptions",
        "organizations_url": "https://api.github.com/users/jodybot/orgs",
        "repos_url": "https://api.github.com/users/jodybot/repos",
        "events_url": "https://api.github.com/users/jodybot/events{/privacy}",
        "received_events_url": "https://api.github.com/users/jodybot/received_events",
        "type": "User",
        "site_admin": false
      },
      "html_url": "https://github.com/jodybot/policy-ops",
      "description": "test repo for yaml policy gitops management",
      "fork": false,
      "url": "https://api.github.com/repos/jodybot/policy-ops",
      "forks_url": "https://api.github.com/repos/jodybot/policy-ops/forks",
      "keys_url": "https://api.github.com/repos/jodybot/policy-ops/keys{/key_id}",
      "collaborators_url": "https://api.github.com/repos/jodybot/policy-ops/collaborators{/collaborator}",
      "teams_url": "https://api.github.com/repos/jodybot/policy-ops/teams",
      "hooks_url": "https://api.github.com/repos/jodybot/policy-ops/hooks",
      "issue_events_url": "https://api.github.com/repos/jodybot/policy-ops/issues/events{/number}",
      "events_url": "https://api.github.com/repos/jodybot/policy-ops/events",
      "assignees_url": "https://api.github.com/repos/jodybot/policy-ops/assignees{/user}",
      "branches_url": "https://api.github.com/repos/jodybot/policy-ops/branches{/branch}",
      "tags_url": "https://api.github.com/repos/jodybot/policy-ops/tags",
      "blobs_url": "https://api.github.com/repos/jodybot/policy-ops/git/blobs{/sha}",
      "git_tags_url": "https://api.github.com/repos/jodybot/policy-ops/git/tags{/sha}",
      "git_refs_url": "https://api.github.com/repos/jodybot/policy-ops/git/refs{/sha}",
      "trees_url": "https://api.github.com/repos/jodybot/policy-ops/git/trees{/sha}",
      "statuses_url": "https://api.github.com/repos/jodybot/policy-ops/statuses/{sha}",
      "languages_url": "https://api.github.com/repos/jodybot/policy-ops/languages",
      "stargazers_url": "https://api.github.com/repos/jodybot/policy-ops/stargazers",
      "contributors_url": "https://api.github.com/repos/jodybot/policy-ops/contributors",
      "subscribers_url": "https://api.github.com/repos/jodybot/policy-ops/subscribers",
      "subscription_url": "https://api.github.com/repos/jodybot/policy-ops/subscription",
      "commits_url": "https://api.github.com/repos/jodybot/policy-ops/commits{/sha}",
      "git_commits_url": "https://api.github.com/repos/jodybot/policy-ops/git/commits{/sha}",
      "comments_url": "https://api.github.com/repos/jodybot/policy-ops/comments{/number}",
      "issue_comment_url": "https://api.github.com/repos/jodybot/policy-ops/issues/comments{/number}",
      "contents_url": "https://api.github.com/repos/jodybot/policy-ops/contents/{+path}",
      "compare_url": "https://api.github.com/repos/jodybot/policy-ops/compare/{base}...{head}",
      "merges_url": "https://api.github.com/repos/jodybot/policy-ops/merges",
      "archive_url": "https://api.github.com/repos/jodybot/policy-ops/{archive_format}{/ref}",
      "downloads_url": "https://api.github.com/repos/jodybot/policy-ops/downloads",
      "issues_url": "https://api.github.com/repos/jodybot/policy-ops/issues{/number}",
      "pulls_url": "https://api.github.com/repos/jodybot/policy-ops/pulls{/number}",
      "milestones_url": "https://api.github.com/repos/jodybot/policy-ops/milestones{/number}",
      "notifications_url": "https://api.github.com/repos/jodybot/policy-ops/notifications{?since,all,participating}",
      "labels_url": "https://api.github.com/repos/jodybot/policy-ops/labels{/name}",
      "releases_url": "https://api.github.com/repos/jodybot/policy-ops/releases{/id}",
      "deployments_url": "https://api.github.com/repos/jodybot/policy-ops/deployments",
      "created_at": "2020-02-14T21:15:07Z",
      "updated_at": "2020-02-19T15:59:07Z",
      "pushed_at": "2020-02-19T16:08:33Z",
      "git_url": "git://github.com/jodybot/policy-ops.git",
      "ssh_url": "git@github.com:jodybot/policy-ops.git",
      "clone_url": "https://github.com/jodybot/policy-ops.git",
      "svn_url": "https://github.com/jodybot/policy-ops",
      "homepage": null,
      "size": 38,
      "stargazers_count": 0,
      "watchers_count": 0,
      "language": null,
      "has_issues": true,
      "has_projects": true,
      "has_downloads": true,
      "has_wiki": true,
      "has_pages": false,
      "forks_count": 0,
      "mirror_url": null,
      "archived": false,
      "disabled": false,
      "open_issues_count": 1,
      "license": null,
      "forks": 0,
      "open_issues": 1,
      "watchers": 0,
      "default_branch": "master"
    }
  },
  "_links": {
    "self": {
      "href": "https://api.github.com/repos/jodybot/policy-ops/pulls/44"
    },
    "html": {
      "href": "https://github.com/jodybot/policy-ops/pull/44"
    },
    "issue": {
      "href": "https://api.github.com/repos/jodybot/policy-ops/issues/44"
    },
    "comments": {
      "href": "https://api.github.com/repos/jodybot/policy-ops/issues/44/comments"
    },
    "review_comments": {
      "href": "https://api.github.com/repos/jodybot/policy-ops/pulls/44/comments"
    },
    "review_comment": {
      "href": "https://api.github.com/repos/jodybot/policy-ops/pulls/comments{/number}"
    },
    "commits": {
      "href": "https://api.github.com/repos/jodybot/policy-ops/pulls/44/commits"
    },
    "statuses": {
      "href": "https://api.github.com/repos/jodybot/policy-ops/statuses/d78f5460fd34d69619c006eb2df21f4e7fabc3bb"
    }
  },
  "author_association": "OWNER",
  "merged": false,
  "mergeable": null,
  "rebaseable": null,
  "mergeable_state": "unknown",
  "merged_by": null,
  "comments": 0,
  "review_comments": 0,
  "maintainer_can_modify": false,
  "commits": 1,
  "additions": 36,
  "deletions": 0,
  "changed_files": 1
}

requestPRReview(DemoProjectX,access-request.json) =============
{
  "url": "https://api.github.com/repos/jodybot/policy-ops/pulls/44",
  "id": 377247862,
  "node_id": "MDExOlB1bGxSZXF1ZXN0Mzc3MjQ3ODYy",
  "html_url": "https://github.com/jodybot/policy-ops/pull/44",
  "diff_url": "https://github.com/jodybot/policy-ops/pull/44.diff",
  "patch_url": "https://github.com/jodybot/policy-ops/pull/44.patch",
  "issue_url": "https://api.github.com/repos/jodybot/policy-ops/issues/44",
  "number": 44,
  "state": "open",
  "locked": false,
  "title": "DemoProjectX project onboarding.",
  "user": {
    "login": "jodybot",
    "id": 61066454,
    "node_id": "MDQ6VXNlcjYxMDY2NDU0",
    "avatar_url": "https://avatars1.githubusercontent.com/u/61066454?v=4",
    "gravatar_id": "",
    "url": "https://api.github.com/users/jodybot",
    "html_url": "https://github.com/jodybot",
    "followers_url": "https://api.github.com/users/jodybot/followers",
    "following_url": "https://api.github.com/users/jodybot/following{/other_user}",
    "gists_url": "https://api.github.com/users/jodybot/gists{/gist_id}",
    "starred_url": "https://api.github.com/users/jodybot/starred{/owner}{/repo}",
    "subscriptions_url": "https://api.github.com/users/jodybot/subscriptions",
    "organizations_url": "https://api.github.com/users/jodybot/orgs",
    "repos_url": "https://api.github.com/users/jodybot/repos",
    "events_url": "https://api.github.com/users/jodybot/events{/privacy}",
    "received_events_url": "https://api.github.com/users/jodybot/received_events",
    "type": "User",
    "site_admin": false
  },
  "body": "access-request.json",
  "created_at": "2020-02-19T16:08:34Z",
  "updated_at": "2020-02-19T16:08:36Z",
  "closed_at": null,
  "merged_at": null,
  "merge_commit_sha": "99dd58f2cfe222c752e620065e10db9ef30aa515",
  "assignee": null,
  "assignees": [],
  "requested_reviewers": [
    {
      "login": "jodyhuntatx",
      "id": 8240697,
      "node_id": "MDQ6VXNlcjgyNDA2OTc=",
      "avatar_url": "https://avatars1.githubusercontent.com/u/8240697?v=4",
      "gravatar_id": "",
      "url": "https://api.github.com/users/jodyhuntatx",
      "html_url": "https://github.com/jodyhuntatx",
      "followers_url": "https://api.github.com/users/jodyhuntatx/followers",
      "following_url": "https://api.github.com/users/jodyhuntatx/following{/other_user}",
      "gists_url": "https://api.github.com/users/jodyhuntatx/gists{/gist_id}",
      "starred_url": "https://api.github.com/users/jodyhuntatx/starred{/owner}{/repo}",
      "subscriptions_url": "https://api.github.com/users/jodyhuntatx/subscriptions",
      "organizations_url": "https://api.github.com/users/jodyhuntatx/orgs",
      "repos_url": "https://api.github.com/users/jodyhuntatx/repos",
      "events_url": "https://api.github.com/users/jodyhuntatx/events{/privacy}",
      "received_events_url": "https://api.github.com/users/jodyhuntatx/received_events",
      "type": "User",
      "site_admin": false
    }
  ],
  "requested_teams": [],
  "labels": [],
  "milestone": null,
  "commits_url": "https://api.github.com/repos/jodybot/policy-ops/pulls/44/commits",
  "review_comments_url": "https://api.github.com/repos/jodybot/policy-ops/pulls/44/comments",
  "review_comment_url": "https://api.github.com/repos/jodybot/policy-ops/pulls/comments{/number}",
  "comments_url": "https://api.github.com/repos/jodybot/policy-ops/issues/44/comments",
  "statuses_url": "https://api.github.com/repos/jodybot/policy-ops/statuses/d78f5460fd34d69619c006eb2df21f4e7fabc3bb",
  "head": {
    "label": "jodybot:DemoProjectX",
    "ref": "DemoProjectX",
    "sha": "d78f5460fd34d69619c006eb2df21f4e7fabc3bb",
    "user": {
      "login": "jodybot",
      "id": 61066454,
      "node_id": "MDQ6VXNlcjYxMDY2NDU0",
      "avatar_url": "https://avatars1.githubusercontent.com/u/61066454?v=4",
      "gravatar_id": "",
      "url": "https://api.github.com/users/jodybot",
      "html_url": "https://github.com/jodybot",
      "followers_url": "https://api.github.com/users/jodybot/followers",
      "following_url": "https://api.github.com/users/jodybot/following{/other_user}",
      "gists_url": "https://api.github.com/users/jodybot/gists{/gist_id}",
      "starred_url": "https://api.github.com/users/jodybot/starred{/owner}{/repo}",
      "subscriptions_url": "https://api.github.com/users/jodybot/subscriptions",
      "organizations_url": "https://api.github.com/users/jodybot/orgs",
      "repos_url": "https://api.github.com/users/jodybot/repos",
      "events_url": "https://api.github.com/users/jodybot/events{/privacy}",
      "received_events_url": "https://api.github.com/users/jodybot/received_events",
      "type": "User",
      "site_admin": false
    },
    "repo": {
      "id": 240599847,
      "node_id": "MDEwOlJlcG9zaXRvcnkyNDA1OTk4NDc=",
      "name": "policy-ops",
      "full_name": "jodybot/policy-ops",
      "private": false,
      "owner": {
        "login": "jodybot",
        "id": 61066454,
        "node_id": "MDQ6VXNlcjYxMDY2NDU0",
        "avatar_url": "https://avatars1.githubusercontent.com/u/61066454?v=4",
        "gravatar_id": "",
        "url": "https://api.github.com/users/jodybot",
        "html_url": "https://github.com/jodybot",
        "followers_url": "https://api.github.com/users/jodybot/followers",
        "following_url": "https://api.github.com/users/jodybot/following{/other_user}",
        "gists_url": "https://api.github.com/users/jodybot/gists{/gist_id}",
        "starred_url": "https://api.github.com/users/jodybot/starred{/owner}{/repo}",
        "subscriptions_url": "https://api.github.com/users/jodybot/subscriptions",
        "organizations_url": "https://api.github.com/users/jodybot/orgs",
        "repos_url": "https://api.github.com/users/jodybot/repos",
        "events_url": "https://api.github.com/users/jodybot/events{/privacy}",
        "received_events_url": "https://api.github.com/users/jodybot/received_events",
        "type": "User",
        "site_admin": false
      },
      "html_url": "https://github.com/jodybot/policy-ops",
      "description": "test repo for yaml policy gitops management",
      "fork": false,
      "url": "https://api.github.com/repos/jodybot/policy-ops",
      "forks_url": "https://api.github.com/repos/jodybot/policy-ops/forks",
      "keys_url": "https://api.github.com/repos/jodybot/policy-ops/keys{/key_id}",
      "collaborators_url": "https://api.github.com/repos/jodybot/policy-ops/collaborators{/collaborator}",
      "teams_url": "https://api.github.com/repos/jodybot/policy-ops/teams",
      "hooks_url": "https://api.github.com/repos/jodybot/policy-ops/hooks",
      "issue_events_url": "https://api.github.com/repos/jodybot/policy-ops/issues/events{/number}",
      "events_url": "https://api.github.com/repos/jodybot/policy-ops/events",
      "assignees_url": "https://api.github.com/repos/jodybot/policy-ops/assignees{/user}",
      "branches_url": "https://api.github.com/repos/jodybot/policy-ops/branches{/branch}",
      "tags_url": "https://api.github.com/repos/jodybot/policy-ops/tags",
      "blobs_url": "https://api.github.com/repos/jodybot/policy-ops/git/blobs{/sha}",
      "git_tags_url": "https://api.github.com/repos/jodybot/policy-ops/git/tags{/sha}",
      "git_refs_url": "https://api.github.com/repos/jodybot/policy-ops/git/refs{/sha}",
      "trees_url": "https://api.github.com/repos/jodybot/policy-ops/git/trees{/sha}",
      "statuses_url": "https://api.github.com/repos/jodybot/policy-ops/statuses/{sha}",
      "languages_url": "https://api.github.com/repos/jodybot/policy-ops/languages",
      "stargazers_url": "https://api.github.com/repos/jodybot/policy-ops/stargazers",
      "contributors_url": "https://api.github.com/repos/jodybot/policy-ops/contributors",
      "subscribers_url": "https://api.github.com/repos/jodybot/policy-ops/subscribers",
      "subscription_url": "https://api.github.com/repos/jodybot/policy-ops/subscription",
      "commits_url": "https://api.github.com/repos/jodybot/policy-ops/commits{/sha}",
      "git_commits_url": "https://api.github.com/repos/jodybot/policy-ops/git/commits{/sha}",
      "comments_url": "https://api.github.com/repos/jodybot/policy-ops/comments{/number}",
      "issue_comment_url": "https://api.github.com/repos/jodybot/policy-ops/issues/comments{/number}",
      "contents_url": "https://api.github.com/repos/jodybot/policy-ops/contents/{+path}",
      "compare_url": "https://api.github.com/repos/jodybot/policy-ops/compare/{base}...{head}",
      "merges_url": "https://api.github.com/repos/jodybot/policy-ops/merges",
      "archive_url": "https://api.github.com/repos/jodybot/policy-ops/{archive_format}{/ref}",
      "downloads_url": "https://api.github.com/repos/jodybot/policy-ops/downloads",
      "issues_url": "https://api.github.com/repos/jodybot/policy-ops/issues{/number}",
      "pulls_url": "https://api.github.com/repos/jodybot/policy-ops/pulls{/number}",
      "milestones_url": "https://api.github.com/repos/jodybot/policy-ops/milestones{/number}",
      "notifications_url": "https://api.github.com/repos/jodybot/policy-ops/notifications{?since,all,participating}",
      "labels_url": "https://api.github.com/repos/jodybot/policy-ops/labels{/name}",
      "releases_url": "https://api.github.com/repos/jodybot/policy-ops/releases{/id}",
      "deployments_url": "https://api.github.com/repos/jodybot/policy-ops/deployments",
      "created_at": "2020-02-14T21:15:07Z",
      "updated_at": "2020-02-19T15:59:07Z",
      "pushed_at": "2020-02-19T16:08:35Z",
      "git_url": "git://github.com/jodybot/policy-ops.git",
      "ssh_url": "git@github.com:jodybot/policy-ops.git",
      "clone_url": "https://github.com/jodybot/policy-ops.git",
      "svn_url": "https://github.com/jodybot/policy-ops",
      "homepage": null,
      "size": 38,
      "stargazers_count": 0,
      "watchers_count": 0,
      "language": null,
      "has_issues": true,
      "has_projects": true,
      "has_downloads": true,
      "has_wiki": true,
      "has_pages": false,
      "forks_count": 0,
      "mirror_url": null,
      "archived": false,
      "disabled": false,
      "open_issues_count": 1,
      "license": null,
      "forks": 0,
      "open_issues": 1,
      "watchers": 0,
      "default_branch": "master"
    }
  },
  "base": {
    "label": "jodybot:master",
    "ref": "master",
    "sha": "db6ff92dafaf522c71dabc5a7518dcb16613a802",
    "user": {
      "login": "jodybot",
      "id": 61066454,
      "node_id": "MDQ6VXNlcjYxMDY2NDU0",
      "avatar_url": "https://avatars1.githubusercontent.com/u/61066454?v=4",
      "gravatar_id": "",
      "url": "https://api.github.com/users/jodybot",
      "html_url": "https://github.com/jodybot",
      "followers_url": "https://api.github.com/users/jodybot/followers",
      "following_url": "https://api.github.com/users/jodybot/following{/other_user}",
      "gists_url": "https://api.github.com/users/jodybot/gists{/gist_id}",
      "starred_url": "https://api.github.com/users/jodybot/starred{/owner}{/repo}",
      "subscriptions_url": "https://api.github.com/users/jodybot/subscriptions",
      "organizations_url": "https://api.github.com/users/jodybot/orgs",
      "repos_url": "https://api.github.com/users/jodybot/repos",
      "events_url": "https://api.github.com/users/jodybot/events{/privacy}",
      "received_events_url": "https://api.github.com/users/jodybot/received_events",
      "type": "User",
      "site_admin": false
    },
    "repo": {
      "id": 240599847,
      "node_id": "MDEwOlJlcG9zaXRvcnkyNDA1OTk4NDc=",
      "name": "policy-ops",
      "full_name": "jodybot/policy-ops",
      "private": false,
      "owner": {
        "login": "jodybot",
        "id": 61066454,
        "node_id": "MDQ6VXNlcjYxMDY2NDU0",
        "avatar_url": "https://avatars1.githubusercontent.com/u/61066454?v=4",
        "gravatar_id": "",
        "url": "https://api.github.com/users/jodybot",
        "html_url": "https://github.com/jodybot",
        "followers_url": "https://api.github.com/users/jodybot/followers",
        "following_url": "https://api.github.com/users/jodybot/following{/other_user}",
        "gists_url": "https://api.github.com/users/jodybot/gists{/gist_id}",
        "starred_url": "https://api.github.com/users/jodybot/starred{/owner}{/repo}",
        "subscriptions_url": "https://api.github.com/users/jodybot/subscriptions",
        "organizations_url": "https://api.github.com/users/jodybot/orgs",
        "repos_url": "https://api.github.com/users/jodybot/repos",
        "events_url": "https://api.github.com/users/jodybot/events{/privacy}",
        "received_events_url": "https://api.github.com/users/jodybot/received_events",
        "type": "User",
        "site_admin": false
      },
      "html_url": "https://github.com/jodybot/policy-ops",
      "description": "test repo for yaml policy gitops management",
      "fork": false,
      "url": "https://api.github.com/repos/jodybot/policy-ops",
      "forks_url": "https://api.github.com/repos/jodybot/policy-ops/forks",
      "keys_url": "https://api.github.com/repos/jodybot/policy-ops/keys{/key_id}",
      "collaborators_url": "https://api.github.com/repos/jodybot/policy-ops/collaborators{/collaborator}",
      "teams_url": "https://api.github.com/repos/jodybot/policy-ops/teams",
      "hooks_url": "https://api.github.com/repos/jodybot/policy-ops/hooks",
      "issue_events_url": "https://api.github.com/repos/jodybot/policy-ops/issues/events{/number}",
      "events_url": "https://api.github.com/repos/jodybot/policy-ops/events",
      "assignees_url": "https://api.github.com/repos/jodybot/policy-ops/assignees{/user}",
      "branches_url": "https://api.github.com/repos/jodybot/policy-ops/branches{/branch}",
      "tags_url": "https://api.github.com/repos/jodybot/policy-ops/tags",
      "blobs_url": "https://api.github.com/repos/jodybot/policy-ops/git/blobs{/sha}",
      "git_tags_url": "https://api.github.com/repos/jodybot/policy-ops/git/tags{/sha}",
      "git_refs_url": "https://api.github.com/repos/jodybot/policy-ops/git/refs{/sha}",
      "trees_url": "https://api.github.com/repos/jodybot/policy-ops/git/trees{/sha}",
      "statuses_url": "https://api.github.com/repos/jodybot/policy-ops/statuses/{sha}",
      "languages_url": "https://api.github.com/repos/jodybot/policy-ops/languages",
      "stargazers_url": "https://api.github.com/repos/jodybot/policy-ops/stargazers",
      "contributors_url": "https://api.github.com/repos/jodybot/policy-ops/contributors",
      "subscribers_url": "https://api.github.com/repos/jodybot/policy-ops/subscribers",
      "subscription_url": "https://api.github.com/repos/jodybot/policy-ops/subscription",
      "commits_url": "https://api.github.com/repos/jodybot/policy-ops/commits{/sha}",
      "git_commits_url": "https://api.github.com/repos/jodybot/policy-ops/git/commits{/sha}",
      "comments_url": "https://api.github.com/repos/jodybot/policy-ops/comments{/number}",
      "issue_comment_url": "https://api.github.com/repos/jodybot/policy-ops/issues/comments{/number}",
      "contents_url": "https://api.github.com/repos/jodybot/policy-ops/contents/{+path}",
      "compare_url": "https://api.github.com/repos/jodybot/policy-ops/compare/{base}...{head}",
      "merges_url": "https://api.github.com/repos/jodybot/policy-ops/merges",
      "archive_url": "https://api.github.com/repos/jodybot/policy-ops/{archive_format}{/ref}",
      "downloads_url": "https://api.github.com/repos/jodybot/policy-ops/downloads",
      "issues_url": "https://api.github.com/repos/jodybot/policy-ops/issues{/number}",
      "pulls_url": "https://api.github.com/repos/jodybot/policy-ops/pulls{/number}",
      "milestones_url": "https://api.github.com/repos/jodybot/policy-ops/milestones{/number}",
      "notifications_url": "https://api.github.com/repos/jodybot/policy-ops/notifications{?since,all,participating}",
      "labels_url": "https://api.github.com/repos/jodybot/policy-ops/labels{/name}",
      "releases_url": "https://api.github.com/repos/jodybot/policy-ops/releases{/id}",
      "deployments_url": "https://api.github.com/repos/jodybot/policy-ops/deployments",
      "created_at": "2020-02-14T21:15:07Z",
      "updated_at": "2020-02-19T15:59:07Z",
      "pushed_at": "2020-02-19T16:08:35Z",
      "git_url": "git://github.com/jodybot/policy-ops.git",
      "ssh_url": "git@github.com:jodybot/policy-ops.git",
      "clone_url": "https://github.com/jodybot/policy-ops.git",
      "svn_url": "https://github.com/jodybot/policy-ops",
      "homepage": null,
      "size": 38,
      "stargazers_count": 0,
      "watchers_count": 0,
      "language": null,
      "has_issues": true,
      "has_projects": true,
      "has_downloads": true,
      "has_wiki": true,
      "has_pages": false,
      "forks_count": 0,
      "mirror_url": null,
      "archived": false,
      "disabled": false,
      "open_issues_count": 1,
      "license": null,
      "forks": 0,
      "open_issues": 1,
      "watchers": 0,
      "default_branch": "master"
    }
  },
  "_links": {
    "self": {
      "href": "https://api.github.com/repos/jodybot/policy-ops/pulls/44"
    },
    "html": {
      "href": "https://github.com/jodybot/policy-ops/pull/44"
    },
    "issue": {
      "href": "https://api.github.com/repos/jodybot/policy-ops/issues/44"
    },
    "comments": {
      "href": "https://api.github.com/repos/jodybot/policy-ops/issues/44/comments"
    },
    "review_comments": {
      "href": "https://api.github.com/repos/jodybot/policy-ops/pulls/44/comments"
    },
    "review_comment": {
      "href": "https://api.github.com/repos/jodybot/policy-ops/pulls/comments{/number}"
    },
    "commits": {
      "href": "https://api.github.com/repos/jodybot/policy-ops/pulls/44/commits"
    },
    "statuses": {
      "href": "https://api.github.com/repos/jodybot/policy-ops/statuses/d78f5460fd34d69619c006eb2df21f4e7fabc3bb"
    }
  },
  "author_association": "OWNER"
}

mergePullRequest(master,DemoProjectX,access-request.json) =============
Merge successful.

mergePullRequest(master,DemoProjectX,access-request.json) =============
Merge branch or base does not exist.
