
createBranch(master,demoproject) =============
{
  "ref": "refs/heads/demoproject",
  "node_id": "MDM6UmVmMjQwNTk5ODQ3OmRlbW9wcm9qZWN0",
  "url": "https://api.github.com/repos/jodybot/policy-ops/git/refs/heads/demoproject",
  "object": {
    "sha": "ebfee58545dd442408f70659b4834d7e3aef5acb",
    "type": "commit",
    "url": "https://api.github.com/repos/jodybot/policy-ops/git/commits/ebfee58545dd442408f70659b4834d7e3aef5acb"
  }
}
{
  "url": "https://api.github.com/repos/jodybot/policy-ops/branches/demoproject/protection",
  "required_pull_request_reviews": {
    "url": "https://api.github.com/repos/jodybot/policy-ops/branches/demoproject/protection/required_pull_request_reviews",
    "dismiss_stale_reviews": false,
    "require_code_owner_reviews": false,
    "required_approving_review_count": 1
  },
  "enforce_admins": {
    "url": "https://api.github.com/repos/jodybot/policy-ops/branches/demoproject/protection/enforce_admins",
    "enabled": false
  },
  "required_linear_history": {
    "enabled": false
  },
  "allow_force_pushes": {
    "enabled": false
  },
  "allow_deletions": {
    "enabled": true
  }
}

commitFile(demoproject,2020/02/17/demoproject/access-request.json) =============
{
  "content": {
    "name": "access-request.json",
    "path": "2020/02/17/demoproject/access-request.json",
    "sha": "a31ee9598f86cb5d3d2a12f28369108812577f64",
    "size": 890,
    "url": "https://api.github.com/repos/jodybot/policy-ops/contents/2020/02/17/demoproject/access-request.json?ref=demoproject",
    "html_url": "https://github.com/jodybot/policy-ops/blob/demoproject/2020/02/17/demoproject/access-request.json",
    "git_url": "https://api.github.com/repos/jodybot/policy-ops/git/blobs/a31ee9598f86cb5d3d2a12f28369108812577f64",
    "download_url": "https://raw.githubusercontent.com/jodybot/policy-ops/demoproject/2020/02/17/demoproject/access-request.json",
    "type": "file",
    "_links": {
      "self": "https://api.github.com/repos/jodybot/policy-ops/contents/2020/02/17/demoproject/access-request.json?ref=demoproject",
      "git": "https://api.github.com/repos/jodybot/policy-ops/git/blobs/a31ee9598f86cb5d3d2a12f28369108812577f64",
      "html": "https://github.com/jodybot/policy-ops/blob/demoproject/2020/02/17/demoproject/access-request.json"
    }
  },
  "commit": {
    "sha": "d0fe00d30db04e8689b11c679454c152fe341596",
    "node_id": "MDY6Q29tbWl0MjQwNTk5ODQ3OmQwZmUwMGQzMGRiMDRlODY4OWIxMWM2Nzk0NTRjMTUyZmUzNDE1OTY=",
    "url": "https://api.github.com/repos/jodybot/policy-ops/git/commits/d0fe00d30db04e8689b11c679454c152fe341596",
    "html_url": "https://github.com/jodybot/policy-ops/commit/d0fe00d30db04e8689b11c679454c152fe341596",
    "author": {
      "name": "jodybot",
      "email": "61066454+jodybot@users.noreply.github.com",
      "date": "2020-02-18T01:56:41Z"
    },
    "committer": {
      "name": "jodybot",
      "email": "61066454+jodybot@users.noreply.github.com",
      "date": "2020-02-18T01:56:41Z"
    },
    "tree": {
      "sha": "356baa0447e74feee7c792aab2353baf0366dbc7",
      "url": "https://api.github.com/repos/jodybot/policy-ops/git/trees/356baa0447e74feee7c792aab2353baf0366dbc7"
    },
    "message": "demoproject, access-request.json, 2020-02-17/19:56:41",
    "parents": [
      {
        "sha": "ebfee58545dd442408f70659b4834d7e3aef5acb",
        "url": "https://api.github.com/repos/jodybot/policy-ops/git/commits/ebfee58545dd442408f70659b4834d7e3aef5acb",
        "html_url": "https://github.com/jodybot/policy-ops/commit/ebfee58545dd442408f70659b4834d7e3aef5acb"
      }
    ],
    "verification": {
      "verified": false,
      "reason": "unsigned",
      "signature": null,
      "payload": null
    }
  }
}

createPullRequest(demoproject,access-request.json) =============
{
  "url": "https://api.github.com/repos/jodybot/policy-ops/pulls/39",
  "id": 376379334,
  "node_id": "MDExOlB1bGxSZXF1ZXN0Mzc2Mzc5MzM0",
  "html_url": "https://github.com/jodybot/policy-ops/pull/39",
  "diff_url": "https://github.com/jodybot/policy-ops/pull/39.diff",
  "patch_url": "https://github.com/jodybot/policy-ops/pull/39.patch",
  "issue_url": "https://api.github.com/repos/jodybot/policy-ops/issues/39",
  "number": 39,
  "state": "open",
  "locked": false,
  "title": "demoproject project onboarding.",
  "user": {
    "login": "jodybot",
    "id": 61066454,
    "node_id": "MDQ6VXNlcjYxMDY2NDU0",
    "avatar_url": "https://avatars1.githubusercontent.com/u/61066454?v=4",
    "gravatar_id": "",
    "url": "https://api.github.com/users/jodybot",
    "html_url": "https://github.com/jodybot",
    "followers_url": "https://api.github.com/users/jodybot/followers",
    "following_url": "https://api.github.com/users/jodybot/following{/other_user}",
    "gists_url": "https://api.github.com/users/jodybot/gists{/gist_id}",
    "starred_url": "https://api.github.com/users/jodybot/starred{/owner}{/repo}",
    "subscriptions_url": "https://api.github.com/users/jodybot/subscriptions",
    "organizations_url": "https://api.github.com/users/jodybot/orgs",
    "repos_url": "https://api.github.com/users/jodybot/repos",
    "events_url": "https://api.github.com/users/jodybot/events{/privacy}",
    "received_events_url": "https://api.github.com/users/jodybot/received_events",
    "type": "User",
    "site_admin": false
  },
  "body": "access-request.json",
  "created_at": "2020-02-18T01:56:43Z",
  "updated_at": "2020-02-18T01:56:43Z",
  "closed_at": null,
  "merged_at": null,
  "merge_commit_sha": null,
  "assignee": null,
  "assignees": [],
  "requested_reviewers": [],
  "requested_teams": [],
  "labels": [],
  "milestone": null,
  "commits_url": "https://api.github.com/repos/jodybot/policy-ops/pulls/39/commits",
  "review_comments_url": "https://api.github.com/repos/jodybot/policy-ops/pulls/39/comments",
  "review_comment_url": "https://api.github.com/repos/jodybot/policy-ops/pulls/comments{/number}",
  "comments_url": "https://api.github.com/repos/jodybot/policy-ops/issues/39/comments",
  "statuses_url": "https://api.github.com/repos/jodybot/policy-ops/statuses/d0fe00d30db04e8689b11c679454c152fe341596",
  "head": {
    "label": "jodybot:demoproject",
    "ref": "demoproject",
    "sha": "d0fe00d30db04e8689b11c679454c152fe341596",
    "user": {
      "login": "jodybot",
      "id": 61066454,
      "node_id": "MDQ6VXNlcjYxMDY2NDU0",
      "avatar_url": "https://avatars1.githubusercontent.com/u/61066454?v=4",
      "gravatar_id": "",
      "url": "https://api.github.com/users/jodybot",
      "html_url": "https://github.com/jodybot",
      "followers_url": "https://api.github.com/users/jodybot/followers",
      "following_url": "https://api.github.com/users/jodybot/following{/other_user}",
      "gists_url": "https://api.github.com/users/jodybot/gists{/gist_id}",
      "starred_url": "https://api.github.com/users/jodybot/starred{/owner}{/repo}",
      "subscriptions_url": "https://api.github.com/users/jodybot/subscriptions",
      "organizations_url": "https://api.github.com/users/jodybot/orgs",
      "repos_url": "https://api.github.com/users/jodybot/repos",
      "events_url": "https://api.github.com/users/jodybot/events{/privacy}",
      "received_events_url": "https://api.github.com/users/jodybot/received_events",
      "type": "User",
      "site_admin": false
    },
    "repo": {
      "id": 240599847,
      "node_id": "MDEwOlJlcG9zaXRvcnkyNDA1OTk4NDc=",
      "name": "policy-ops",
      "full_name": "jodybot/policy-ops",
      "private": false,
      "owner": {
        "login": "jodybot",
        "id": 61066454,
        "node_id": "MDQ6VXNlcjYxMDY2NDU0",
        "avatar_url": "https://avatars1.githubusercontent.com/u/61066454?v=4",
        "gravatar_id": "",
        "url": "https://api.github.com/users/jodybot",
        "html_url": "https://github.com/jodybot",
        "followers_url": "https://api.github.com/users/jodybot/followers",
        "following_url": "https://api.github.com/users/jodybot/following{/other_user}",
        "gists_url": "https://api.github.com/users/jodybot/gists{/gist_id}",
        "starred_url": "https://api.github.com/users/jodybot/starred{/owner}{/repo}",
        "subscriptions_url": "https://api.github.com/users/jodybot/subscriptions",
        "organizations_url": "https://api.github.com/users/jodybot/orgs",
        "repos_url": "https://api.github.com/users/jodybot/repos",
        "events_url": "https://api.github.com/users/jodybot/events{/privacy}",
        "received_events_url": "https://api.github.com/users/jodybot/received_events",
        "type": "User",
        "site_admin": false
      },
      "html_url": "https://github.com/jodybot/policy-ops",
      "description": "test repo for yaml policy gitops management",
      "fork": false,
      "url": "https://api.github.com/repos/jodybot/policy-ops",
      "forks_url": "https://api.github.com/repos/jodybot/policy-ops/forks",
      "keys_url": "https://api.github.com/repos/jodybot/policy-ops/keys{/key_id}",
      "collaborators_url": "https://api.github.com/repos/jodybot/policy-ops/collaborators{/collaborator}",
      "teams_url": "https://api.github.com/repos/jodybot/policy-ops/teams",
      "hooks_url": "https://api.github.com/repos/jodybot/policy-ops/hooks",
      "issue_events_url": "https://api.github.com/repos/jodybot/policy-ops/issues/events{/number}",
      "events_url": "https://api.github.com/repos/jodybot/policy-ops/events",
      "assignees_url": "https://api.github.com/repos/jodybot/policy-ops/assignees{/user}",
      "branches_url": "https://api.github.com/repos/jodybot/policy-ops/branches{/branch}",
      "tags_url": "https://api.github.com/repos/jodybot/policy-ops/tags",
      "blobs_url": "https://api.github.com/repos/jodybot/policy-ops/git/blobs{/sha}",
      "git_tags_url": "https://api.github.com/repos/jodybot/policy-ops/git/tags{/sha}",
      "git_refs_url": "https://api.github.com/repos/jodybot/policy-ops/git/refs{/sha}",
      "trees_url": "https://api.github.com/repos/jodybot/policy-ops/git/trees{/sha}",
      "statuses_url": "https://api.github.com/repos/jodybot/policy-ops/statuses/{sha}",
      "languages_url": "https://api.github.com/repos/jodybot/policy-ops/languages",
      "stargazers_url": "https://api.github.com/repos/jodybot/policy-ops/stargazers",
      "contributors_url": "https://api.github.com/repos/jodybot/policy-ops/contributors",
      "subscribers_url": "https://api.github.com/repos/jodybot/policy-ops/subscribers",
      "subscription_url": "https://api.github.com/repos/jodybot/policy-ops/subscription",
      "commits_url": "https://api.github.com/repos/jodybot/policy-ops/commits{/sha}",
      "git_commits_url": "https://api.github.com/repos/jodybot/policy-ops/git/commits{/sha}",
      "comments_url": "https://api.github.com/repos/jodybot/policy-ops/comments{/number}",
      "issue_comment_url": "https://api.github.com/repos/jodybot/policy-ops/issues/comments{/number}",
      "contents_url": "https://api.github.com/repos/jodybot/policy-ops/contents/{+path}",
      "compare_url": "https://api.github.com/repos/jodybot/policy-ops/compare/{base}...{head}",
      "merges_url": "https://api.github.com/repos/jodybot/policy-ops/merges",
      "archive_url": "https://api.github.com/repos/jodybot/policy-ops/{archive_format}{/ref}",
      "downloads_url": "https://api.github.com/repos/jodybot/policy-ops/downloads",
      "issues_url": "https://api.github.com/repos/jodybot/policy-ops/issues{/number}",
      "pulls_url": "https://api.github.com/repos/jodybot/policy-ops/pulls{/number}",
      "milestones_url": "https://api.github.com/repos/jodybot/policy-ops/milestones{/number}",
      "notifications_url": "https://api.github.com/repos/jodybot/policy-ops/notifications{?since,all,participating}",
      "labels_url": "https://api.github.com/repos/jodybot/policy-ops/labels{/name}",
      "releases_url": "https://api.github.com/repos/jodybot/policy-ops/releases{/id}",
      "deployments_url": "https://api.github.com/repos/jodybot/policy-ops/deployments",
      "created_at": "2020-02-14T21:15:07Z",
      "updated_at": "2020-02-18T01:44:37Z",
      "pushed_at": "2020-02-18T01:56:42Z",
      "git_url": "git://github.com/jodybot/policy-ops.git",
      "ssh_url": "git@github.com:jodybot/policy-ops.git",
      "clone_url": "https://github.com/jodybot/policy-ops.git",
      "svn_url": "https://github.com/jodybot/policy-ops",
      "homepage": null,
      "size": 29,
      "stargazers_count": 0,
      "watchers_count": 0,
      "language": null,
      "has_issues": true,
      "has_projects": true,
      "has_downloads": true,
      "has_wiki": true,
      "has_pages": false,
      "forks_count": 0,
      "mirror_url": null,
      "archived": false,
      "disabled": false,
      "open_issues_count": 1,
      "license": null,
      "forks": 0,
      "open_issues": 1,
      "watchers": 0,
      "default_branch": "master"
    }
  },
  "base": {
    "label": "jodybot:master",
    "ref": "master",
    "sha": "ebfee58545dd442408f70659b4834d7e3aef5acb",
    "user": {
      "login": "jodybot",
      "id": 61066454,
      "node_id": "MDQ6VXNlcjYxMDY2NDU0",
      "avatar_url": "https://avatars1.githubusercontent.com/u/61066454?v=4",
      "gravatar_id": "",
      "url": "https://api.github.com/users/jodybot",
      "html_url": "https://github.com/jodybot",
      "followers_url": "https://api.github.com/users/jodybot/followers",
      "following_url": "https://api.github.com/users/jodybot/following{/other_user}",
      "gists_url": "https://api.github.com/users/jodybot/gists{/gist_id}",
      "starred_url": "https://api.github.com/users/jodybot/starred{/owner}{/repo}",
      "subscriptions_url": "https://api.github.com/users/jodybot/subscriptions",
      "organizations_url": "https://api.github.com/users/jodybot/orgs",
      "repos_url": "https://api.github.com/users/jodybot/repos",
      "events_url": "https://api.github.com/users/jodybot/events{/privacy}",
      "received_events_url": "https://api.github.com/users/jodybot/received_events",
      "type": "User",
      "site_admin": false
    },
    "repo": {
      "id": 240599847,
      "node_id": "MDEwOlJlcG9zaXRvcnkyNDA1OTk4NDc=",
      "name": "policy-ops",
      "full_name": "jodybot/policy-ops",
      "private": false,
      "owner": {
        "login": "jodybot",
        "id": 61066454,
        "node_id": "MDQ6VXNlcjYxMDY2NDU0",
        "avatar_url": "https://avatars1.githubusercontent.com/u/61066454?v=4",
        "gravatar_id": "",
        "url": "https://api.github.com/users/jodybot",
        "html_url": "https://github.com/jodybot",
        "followers_url": "https://api.github.com/users/jodybot/followers",
        "following_url": "https://api.github.com/users/jodybot/following{/other_user}",
        "gists_url": "https://api.github.com/users/jodybot/gists{/gist_id}",
        "starred_url": "https://api.github.com/users/jodybot/starred{/owner}{/repo}",
        "subscriptions_url": "https://api.github.com/users/jodybot/subscriptions",
        "organizations_url": "https://api.github.com/users/jodybot/orgs",
        "repos_url": "https://api.github.com/users/jodybot/repos",
        "events_url": "https://api.github.com/users/jodybot/events{/privacy}",
        "received_events_url": "https://api.github.com/users/jodybot/received_events",
        "type": "User",
        "site_admin": false
      },
      "html_url": "https://github.com/jodybot/policy-ops",
      "description": "test repo for yaml policy gitops management",
      "fork": false,
      "url": "https://api.github.com/repos/jodybot/policy-ops",
      "forks_url": "https://api.github.com/repos/jodybot/policy-ops/forks",
      "keys_url": "https://api.github.com/repos/jodybot/policy-ops/keys{/key_id}",
      "collaborators_url": "https://api.github.com/repos/jodybot/policy-ops/collaborators{/collaborator}",
      "teams_url": "https://api.github.com/repos/jodybot/policy-ops/teams",
      "hooks_url": "https://api.github.com/repos/jodybot/policy-ops/hooks",
      "issue_events_url": "https://api.github.com/repos/jodybot/policy-ops/issues/events{/number}",
      "events_url": "https://api.github.com/repos/jodybot/policy-ops/events",
      "assignees_url": "https://api.github.com/repos/jodybot/policy-ops/assignees{/user}",
      "branches_url": "https://api.github.com/repos/jodybot/policy-ops/branches{/branch}",
      "tags_url": "https://api.github.com/repos/jodybot/policy-ops/tags",
      "blobs_url": "https://api.github.com/repos/jodybot/policy-ops/git/blobs{/sha}",
      "git_tags_url": "https://api.github.com/repos/jodybot/policy-ops/git/tags{/sha}",
      "git_refs_url": "https://api.github.com/repos/jodybot/policy-ops/git/refs{/sha}",
      "trees_url": "https://api.github.com/repos/jodybot/policy-ops/git/trees{/sha}",
      "statuses_url": "https://api.github.com/repos/jodybot/policy-ops/statuses/{sha}",
      "languages_url": "https://api.github.com/repos/jodybot/policy-ops/languages",
      "stargazers_url": "https://api.github.com/repos/jodybot/policy-ops/stargazers",
      "contributors_url": "https://api.github.com/repos/jodybot/policy-ops/contributors",
      "subscribers_url": "https://api.github.com/repos/jodybot/policy-ops/subscribers",
      "subscription_url": "https://api.github.com/repos/jodybot/policy-ops/subscription",
      "commits_url": "https://api.github.com/repos/jodybot/policy-ops/commits{/sha}",
      "git_commits_url": "https://api.github.com/repos/jodybot/policy-ops/git/commits{/sha}",
      "comments_url": "https://api.github.com/repos/jodybot/policy-ops/comments{/number}",
      "issue_comment_url": "https://api.github.com/repos/jodybot/policy-ops/issues/comments{/number}",
      "contents_url": "https://api.github.com/repos/jodybot/policy-ops/contents/{+path}",
      "compare_url": "https://api.github.com/repos/jodybot/policy-ops/compare/{base}...{head}",
      "merges_url": "https://api.github.com/repos/jodybot/policy-ops/merges",
      "archive_url": "https://api.github.com/repos/jodybot/policy-ops/{archive_format}{/ref}",
      "downloads_url": "https://api.github.com/repos/jodybot/policy-ops/downloads",
      "issues_url": "https://api.github.com/repos/jodybot/policy-ops/issues{/number}",
      "pulls_url": "https://api.github.com/repos/jodybot/policy-ops/pulls{/number}",
      "milestones_url": "https://api.github.com/repos/jodybot/policy-ops/milestones{/number}",
      "notifications_url": "https://api.github.com/repos/jodybot/policy-ops/notifications{?since,all,participating}",
      "labels_url": "https://api.github.com/repos/jodybot/policy-ops/labels{/name}",
      "releases_url": "https://api.github.com/repos/jodybot/policy-ops/releases{/id}",
      "deployments_url": "https://api.github.com/repos/jodybot/policy-ops/deployments",
      "created_at": "2020-02-14T21:15:07Z",
      "updated_at": "2020-02-18T01:44:37Z",
      "pushed_at": "2020-02-18T01:56:42Z",
      "git_url": "git://github.com/jodybot/policy-ops.git",
      "ssh_url": "git@github.com:jodybot/policy-ops.git",
      "clone_url": "https://github.com/jodybot/policy-ops.git",
      "svn_url": "https://github.com/jodybot/policy-ops",
      "homepage": null,
      "size": 29,
      "stargazers_count": 0,
      "watchers_count": 0,
      "language": null,
      "has_issues": true,
      "has_projects": true,
      "has_downloads": true,
      "has_wiki": true,
      "has_pages": false,
      "forks_count": 0,
      "mirror_url": null,
      "archived": false,
      "disabled": false,
      "open_issues_count": 1,
      "license": null,
      "forks": 0,
      "open_issues": 1,
      "watchers": 0,
      "default_branch": "master"
    }
  },
  "_links": {
    "self": {
      "href": "https://api.github.com/repos/jodybot/policy-ops/pulls/39"
    },
    "html": {
      "href": "https://github.com/jodybot/policy-ops/pull/39"
    },
    "issue": {
      "href": "https://api.github.com/repos/jodybot/policy-ops/issues/39"
    },
    "comments": {
      "href": "https://api.github.com/repos/jodybot/policy-ops/issues/39/comments"
    },
    "review_comments": {
      "href": "https://api.github.com/repos/jodybot/policy-ops/pulls/39/comments"
    },
    "review_comment": {
      "href": "https://api.github.com/repos/jodybot/policy-ops/pulls/comments{/number}"
    },
    "commits": {
      "href": "https://api.github.com/repos/jodybot/policy-ops/pulls/39/commits"
    },
    "statuses": {
      "href": "https://api.github.com/repos/jodybot/policy-ops/statuses/d0fe00d30db04e8689b11c679454c152fe341596"
    }
  },
  "author_association": "OWNER",
  "merged": false,
  "mergeable": null,
  "rebaseable": null,
  "mergeable_state": "unknown",
  "merged_by": null,
  "comments": 0,
  "review_comments": 0,
  "maintainer_can_modify": false,
  "commits": 1,
  "additions": 39,
  "deletions": 0,
  "changed_files": 1
}

requestPRReview(demoproject,access-request.json) =============
{
  "url": "https://api.github.com/repos/jodybot/policy-ops/pulls/39",
  "id": 376379334,
  "node_id": "MDExOlB1bGxSZXF1ZXN0Mzc2Mzc5MzM0",
  "html_url": "https://github.com/jodybot/policy-ops/pull/39",
  "diff_url": "https://github.com/jodybot/policy-ops/pull/39.diff",
  "patch_url": "https://github.com/jodybot/policy-ops/pull/39.patch",
  "issue_url": "https://api.github.com/repos/jodybot/policy-ops/issues/39",
  "number": 39,
  "state": "open",
  "locked": false,
  "title": "demoproject project onboarding.",
  "user": {
    "login": "jodybot",
    "id": 61066454,
    "node_id": "MDQ6VXNlcjYxMDY2NDU0",
    "avatar_url": "https://avatars1.githubusercontent.com/u/61066454?v=4",
    "gravatar_id": "",
    "url": "https://api.github.com/users/jodybot",
    "html_url": "https://github.com/jodybot",
    "followers_url": "https://api.github.com/users/jodybot/followers",
    "following_url": "https://api.github.com/users/jodybot/following{/other_user}",
    "gists_url": "https://api.github.com/users/jodybot/gists{/gist_id}",
    "starred_url": "https://api.github.com/users/jodybot/starred{/owner}{/repo}",
    "subscriptions_url": "https://api.github.com/users/jodybot/subscriptions",
    "organizations_url": "https://api.github.com/users/jodybot/orgs",
    "repos_url": "https://api.github.com/users/jodybot/repos",
    "events_url": "https://api.github.com/users/jodybot/events{/privacy}",
    "received_events_url": "https://api.github.com/users/jodybot/received_events",
    "type": "User",
    "site_admin": false
  },
  "body": "access-request.json",
  "created_at": "2020-02-18T01:56:43Z",
  "updated_at": "2020-02-18T01:56:44Z",
  "closed_at": null,
  "merged_at": null,
  "merge_commit_sha": "0c0c487f19f9bf254d9bec33cca98412a9b7db97",
  "assignee": null,
  "assignees": [],
  "requested_reviewers": [
    {
      "login": "jodyhuntatx",
      "id": 8240697,
      "node_id": "MDQ6VXNlcjgyNDA2OTc=",
      "avatar_url": "https://avatars1.githubusercontent.com/u/8240697?v=4",
      "gravatar_id": "",
      "url": "https://api.github.com/users/jodyhuntatx",
      "html_url": "https://github.com/jodyhuntatx",
      "followers_url": "https://api.github.com/users/jodyhuntatx/followers",
      "following_url": "https://api.github.com/users/jodyhuntatx/following{/other_user}",
      "gists_url": "https://api.github.com/users/jodyhuntatx/gists{/gist_id}",
      "starred_url": "https://api.github.com/users/jodyhuntatx/starred{/owner}{/repo}",
      "subscriptions_url": "https://api.github.com/users/jodyhuntatx/subscriptions",
      "organizations_url": "https://api.github.com/users/jodyhuntatx/orgs",
      "repos_url": "https://api.github.com/users/jodyhuntatx/repos",
      "events_url": "https://api.github.com/users/jodyhuntatx/events{/privacy}",
      "received_events_url": "https://api.github.com/users/jodyhuntatx/received_events",
      "type": "User",
      "site_admin": false
    }
  ],
  "requested_teams": [],
  "labels": [],
  "milestone": null,
  "commits_url": "https://api.github.com/repos/jodybot/policy-ops/pulls/39/commits",
  "review_comments_url": "https://api.github.com/repos/jodybot/policy-ops/pulls/39/comments",
  "review_comment_url": "https://api.github.com/repos/jodybot/policy-ops/pulls/comments{/number}",
  "comments_url": "https://api.github.com/repos/jodybot/policy-ops/issues/39/comments",
  "statuses_url": "https://api.github.com/repos/jodybot/policy-ops/statuses/d0fe00d30db04e8689b11c679454c152fe341596",
  "head": {
    "label": "jodybot:demoproject",
    "ref": "demoproject",
    "sha": "d0fe00d30db04e8689b11c679454c152fe341596",
    "user": {
      "login": "jodybot",
      "id": 61066454,
      "node_id": "MDQ6VXNlcjYxMDY2NDU0",
      "avatar_url": "https://avatars1.githubusercontent.com/u/61066454?v=4",
      "gravatar_id": "",
      "url": "https://api.github.com/users/jodybot",
      "html_url": "https://github.com/jodybot",
      "followers_url": "https://api.github.com/users/jodybot/followers",
      "following_url": "https://api.github.com/users/jodybot/following{/other_user}",
      "gists_url": "https://api.github.com/users/jodybot/gists{/gist_id}",
      "starred_url": "https://api.github.com/users/jodybot/starred{/owner}{/repo}",
      "subscriptions_url": "https://api.github.com/users/jodybot/subscriptions",
      "organizations_url": "https://api.github.com/users/jodybot/orgs",
      "repos_url": "https://api.github.com/users/jodybot/repos",
      "events_url": "https://api.github.com/users/jodybot/events{/privacy}",
      "received_events_url": "https://api.github.com/users/jodybot/received_events",
      "type": "User",
      "site_admin": false
    },
    "repo": {
      "id": 240599847,
      "node_id": "MDEwOlJlcG9zaXRvcnkyNDA1OTk4NDc=",
      "name": "policy-ops",
      "full_name": "jodybot/policy-ops",
      "private": false,
      "owner": {
        "login": "jodybot",
        "id": 61066454,
        "node_id": "MDQ6VXNlcjYxMDY2NDU0",
        "avatar_url": "https://avatars1.githubusercontent.com/u/61066454?v=4",
        "gravatar_id": "",
        "url": "https://api.github.com/users/jodybot",
        "html_url": "https://github.com/jodybot",
        "followers_url": "https://api.github.com/users/jodybot/followers",
        "following_url": "https://api.github.com/users/jodybot/following{/other_user}",
        "gists_url": "https://api.github.com/users/jodybot/gists{/gist_id}",
        "starred_url": "https://api.github.com/users/jodybot/starred{/owner}{/repo}",
        "subscriptions_url": "https://api.github.com/users/jodybot/subscriptions",
        "organizations_url": "https://api.github.com/users/jodybot/orgs",
        "repos_url": "https://api.github.com/users/jodybot/repos",
        "events_url": "https://api.github.com/users/jodybot/events{/privacy}",
        "received_events_url": "https://api.github.com/users/jodybot/received_events",
        "type": "User",
        "site_admin": false
      },
      "html_url": "https://github.com/jodybot/policy-ops",
      "description": "test repo for yaml policy gitops management",
      "fork": false,
      "url": "https://api.github.com/repos/jodybot/policy-ops",
      "forks_url": "https://api.github.com/repos/jodybot/policy-ops/forks",
      "keys_url": "https://api.github.com/repos/jodybot/policy-ops/keys{/key_id}",
      "collaborators_url": "https://api.github.com/repos/jodybot/policy-ops/collaborators{/collaborator}",
      "teams_url": "https://api.github.com/repos/jodybot/policy-ops/teams",
      "hooks_url": "https://api.github.com/repos/jodybot/policy-ops/hooks",
      "issue_events_url": "https://api.github.com/repos/jodybot/policy-ops/issues/events{/number}",
      "events_url": "https://api.github.com/repos/jodybot/policy-ops/events",
      "assignees_url": "https://api.github.com/repos/jodybot/policy-ops/assignees{/user}",
      "branches_url": "https://api.github.com/repos/jodybot/policy-ops/branches{/branch}",
      "tags_url": "https://api.github.com/repos/jodybot/policy-ops/tags",
      "blobs_url": "https://api.github.com/repos/jodybot/policy-ops/git/blobs{/sha}",
      "git_tags_url": "https://api.github.com/repos/jodybot/policy-ops/git/tags{/sha}",
      "git_refs_url": "https://api.github.com/repos/jodybot/policy-ops/git/refs{/sha}",
      "trees_url": "https://api.github.com/repos/jodybot/policy-ops/git/trees{/sha}",
      "statuses_url": "https://api.github.com/repos/jodybot/policy-ops/statuses/{sha}",
      "languages_url": "https://api.github.com/repos/jodybot/policy-ops/languages",
      "stargazers_url": "https://api.github.com/repos/jodybot/policy-ops/stargazers",
      "contributors_url": "https://api.github.com/repos/jodybot/policy-ops/contributors",
      "subscribers_url": "https://api.github.com/repos/jodybot/policy-ops/subscribers",
      "subscription_url": "https://api.github.com/repos/jodybot/policy-ops/subscription",
      "commits_url": "https://api.github.com/repos/jodybot/policy-ops/commits{/sha}",
      "git_commits_url": "https://api.github.com/repos/jodybot/policy-ops/git/commits{/sha}",
      "comments_url": "https://api.github.com/repos/jodybot/policy-ops/comments{/number}",
      "issue_comment_url": "https://api.github.com/repos/jodybot/policy-ops/issues/comments{/number}",
      "contents_url": "https://api.github.com/repos/jodybot/policy-ops/contents/{+path}",
      "compare_url": "https://api.github.com/repos/jodybot/policy-ops/compare/{base}...{head}",
      "merges_url": "https://api.github.com/repos/jodybot/policy-ops/merges",
      "archive_url": "https://api.github.com/repos/jodybot/policy-ops/{archive_format}{/ref}",
      "downloads_url": "https://api.github.com/repos/jodybot/policy-ops/downloads",
      "issues_url": "https://api.github.com/repos/jodybot/policy-ops/issues{/number}",
      "pulls_url": "https://api.github.com/repos/jodybot/policy-ops/pulls{/number}",
      "milestones_url": "https://api.github.com/repos/jodybot/policy-ops/milestones{/number}",
      "notifications_url": "https://api.github.com/repos/jodybot/policy-ops/notifications{?since,all,participating}",
      "labels_url": "https://api.github.com/repos/jodybot/policy-ops/labels{/name}",
      "releases_url": "https://api.github.com/repos/jodybot/policy-ops/releases{/id}",
      "deployments_url": "https://api.github.com/repos/jodybot/policy-ops/deployments",
      "created_at": "2020-02-14T21:15:07Z",
      "updated_at": "2020-02-18T01:44:37Z",
      "pushed_at": "2020-02-18T01:56:43Z",
      "git_url": "git://github.com/jodybot/policy-ops.git",
      "ssh_url": "git@github.com:jodybot/policy-ops.git",
      "clone_url": "https://github.com/jodybot/policy-ops.git",
      "svn_url": "https://github.com/jodybot/policy-ops",
      "homepage": null,
      "size": 29,
      "stargazers_count": 0,
      "watchers_count": 0,
      "language": null,
      "has_issues": true,
      "has_projects": true,
      "has_downloads": true,
      "has_wiki": true,
      "has_pages": false,
      "forks_count": 0,
      "mirror_url": null,
      "archived": false,
      "disabled": false,
      "open_issues_count": 1,
      "license": null,
      "forks": 0,
      "open_issues": 1,
      "watchers": 0,
      "default_branch": "master"
    }
  },
  "base": {
    "label": "jodybot:master",
    "ref": "master",
    "sha": "ebfee58545dd442408f70659b4834d7e3aef5acb",
    "user": {
      "login": "jodybot",
      "id": 61066454,
      "node_id": "MDQ6VXNlcjYxMDY2NDU0",
      "avatar_url": "https://avatars1.githubusercontent.com/u/61066454?v=4",
      "gravatar_id": "",
      "url": "https://api.github.com/users/jodybot",
      "html_url": "https://github.com/jodybot",
      "followers_url": "https://api.github.com/users/jodybot/followers",
      "following_url": "https://api.github.com/users/jodybot/following{/other_user}",
      "gists_url": "https://api.github.com/users/jodybot/gists{/gist_id}",
      "starred_url": "https://api.github.com/users/jodybot/starred{/owner}{/repo}",
      "subscriptions_url": "https://api.github.com/users/jodybot/subscriptions",
      "organizations_url": "https://api.github.com/users/jodybot/orgs",
      "repos_url": "https://api.github.com/users/jodybot/repos",
      "events_url": "https://api.github.com/users/jodybot/events{/privacy}",
      "received_events_url": "https://api.github.com/users/jodybot/received_events",
      "type": "User",
      "site_admin": false
    },
    "repo": {
      "id": 240599847,
      "node_id": "MDEwOlJlcG9zaXRvcnkyNDA1OTk4NDc=",
      "name": "policy-ops",
      "full_name": "jodybot/policy-ops",
      "private": false,
      "owner": {
        "login": "jodybot",
        "id": 61066454,
        "node_id": "MDQ6VXNlcjYxMDY2NDU0",
        "avatar_url": "https://avatars1.githubusercontent.com/u/61066454?v=4",
        "gravatar_id": "",
        "url": "https://api.github.com/users/jodybot",
        "html_url": "https://github.com/jodybot",
        "followers_url": "https://api.github.com/users/jodybot/followers",
        "following_url": "https://api.github.com/users/jodybot/following{/other_user}",
        "gists_url": "https://api.github.com/users/jodybot/gists{/gist_id}",
        "starred_url": "https://api.github.com/users/jodybot/starred{/owner}{/repo}",
        "subscriptions_url": "https://api.github.com/users/jodybot/subscriptions",
        "organizations_url": "https://api.github.com/users/jodybot/orgs",
        "repos_url": "https://api.github.com/users/jodybot/repos",
        "events_url": "https://api.github.com/users/jodybot/events{/privacy}",
        "received_events_url": "https://api.github.com/users/jodybot/received_events",
        "type": "User",
        "site_admin": false
      },
      "html_url": "https://github.com/jodybot/policy-ops",
      "description": "test repo for yaml policy gitops management",
      "fork": false,
      "url": "https://api.github.com/repos/jodybot/policy-ops",
      "forks_url": "https://api.github.com/repos/jodybot/policy-ops/forks",
      "keys_url": "https://api.github.com/repos/jodybot/policy-ops/keys{/key_id}",
      "collaborators_url": "https://api.github.com/repos/jodybot/policy-ops/collaborators{/collaborator}",
      "teams_url": "https://api.github.com/repos/jodybot/policy-ops/teams",
      "hooks_url": "https://api.github.com/repos/jodybot/policy-ops/hooks",
      "issue_events_url": "https://api.github.com/repos/jodybot/policy-ops/issues/events{/number}",
      "events_url": "https://api.github.com/repos/jodybot/policy-ops/events",
      "assignees_url": "https://api.github.com/repos/jodybot/policy-ops/assignees{/user}",
      "branches_url": "https://api.github.com/repos/jodybot/policy-ops/branches{/branch}",
      "tags_url": "https://api.github.com/repos/jodybot/policy-ops/tags",
      "blobs_url": "https://api.github.com/repos/jodybot/policy-ops/git/blobs{/sha}",
      "git_tags_url": "https://api.github.com/repos/jodybot/policy-ops/git/tags{/sha}",
      "git_refs_url": "https://api.github.com/repos/jodybot/policy-ops/git/refs{/sha}",
      "trees_url": "https://api.github.com/repos/jodybot/policy-ops/git/trees{/sha}",
      "statuses_url": "https://api.github.com/repos/jodybot/policy-ops/statuses/{sha}",
      "languages_url": "https://api.github.com/repos/jodybot/policy-ops/languages",
      "stargazers_url": "https://api.github.com/repos/jodybot/policy-ops/stargazers",
      "contributors_url": "https://api.github.com/repos/jodybot/policy-ops/contributors",
      "subscribers_url": "https://api.github.com/repos/jodybot/policy-ops/subscribers",
      "subscription_url": "https://api.github.com/repos/jodybot/policy-ops/subscription",
      "commits_url": "https://api.github.com/repos/jodybot/policy-ops/commits{/sha}",
      "git_commits_url": "https://api.github.com/repos/jodybot/policy-ops/git/commits{/sha}",
      "comments_url": "https://api.github.com/repos/jodybot/policy-ops/comments{/number}",
      "issue_comment_url": "https://api.github.com/repos/jodybot/policy-ops/issues/comments{/number}",
      "contents_url": "https://api.github.com/repos/jodybot/policy-ops/contents/{+path}",
      "compare_url": "https://api.github.com/repos/jodybot/policy-ops/compare/{base}...{head}",
      "merges_url": "https://api.github.com/repos/jodybot/policy-ops/merges",
      "archive_url": "https://api.github.com/repos/jodybot/policy-ops/{archive_format}{/ref}",
      "downloads_url": "https://api.github.com/repos/jodybot/policy-ops/downloads",
      "issues_url": "https://api.github.com/repos/jodybot/policy-ops/issues{/number}",
      "pulls_url": "https://api.github.com/repos/jodybot/policy-ops/pulls{/number}",
      "milestones_url": "https://api.github.com/repos/jodybot/policy-ops/milestones{/number}",
      "notifications_url": "https://api.github.com/repos/jodybot/policy-ops/notifications{?since,all,participating}",
      "labels_url": "https://api.github.com/repos/jodybot/policy-ops/labels{/name}",
      "releases_url": "https://api.github.com/repos/jodybot/policy-ops/releases{/id}",
      "deployments_url": "https://api.github.com/repos/jodybot/policy-ops/deployments",
      "created_at": "2020-02-14T21:15:07Z",
      "updated_at": "2020-02-18T01:44:37Z",
      "pushed_at": "2020-02-18T01:56:43Z",
      "git_url": "git://github.com/jodybot/policy-ops.git",
      "ssh_url": "git@github.com:jodybot/policy-ops.git",
      "clone_url": "https://github.com/jodybot/policy-ops.git",
      "svn_url": "https://github.com/jodybot/policy-ops",
      "homepage": null,
      "size": 29,
      "stargazers_count": 0,
      "watchers_count": 0,
      "language": null,
      "has_issues": true,
      "has_projects": true,
      "has_downloads": true,
      "has_wiki": true,
      "has_pages": false,
      "forks_count": 0,
      "mirror_url": null,
      "archived": false,
      "disabled": false,
      "open_issues_count": 1,
      "license": null,
      "forks": 0,
      "open_issues": 1,
      "watchers": 0,
      "default_branch": "master"
    }
  },
  "_links": {
    "self": {
      "href": "https://api.github.com/repos/jodybot/policy-ops/pulls/39"
    },
    "html": {
      "href": "https://github.com/jodybot/policy-ops/pull/39"
    },
    "issue": {
      "href": "https://api.github.com/repos/jodybot/policy-ops/issues/39"
    },
    "comments": {
      "href": "https://api.github.com/repos/jodybot/policy-ops/issues/39/comments"
    },
    "review_comments": {
      "href": "https://api.github.com/repos/jodybot/policy-ops/pulls/39/comments"
    },
    "review_comment": {
      "href": "https://api.github.com/repos/jodybot/policy-ops/pulls/comments{/number}"
    },
    "commits": {
      "href": "https://api.github.com/repos/jodybot/policy-ops/pulls/39/commits"
    },
    "statuses": {
      "href": "https://api.github.com/repos/jodybot/policy-ops/statuses/d0fe00d30db04e8689b11c679454c152fe341596"
    }
  },
  "author_association": "OWNER"
}

createPullRequestReview(demoproject,access-request.json) =============
{
  "id": 360031292,
  "node_id": "MDE3OlB1bGxSZXF1ZXN0UmV2aWV3MzYwMDMxMjky",
  "user": {
    "login": "jodyhuntatx",
    "id": 8240697,
    "node_id": "MDQ6VXNlcjgyNDA2OTc=",
    "avatar_url": "https://avatars1.githubusercontent.com/u/8240697?v=4",
    "gravatar_id": "",
    "url": "https://api.github.com/users/jodyhuntatx",
    "html_url": "https://github.com/jodyhuntatx",
    "followers_url": "https://api.github.com/users/jodyhuntatx/followers",
    "following_url": "https://api.github.com/users/jodyhuntatx/following{/other_user}",
    "gists_url": "https://api.github.com/users/jodyhuntatx/gists{/gist_id}",
    "starred_url": "https://api.github.com/users/jodyhuntatx/starred{/owner}{/repo}",
    "subscriptions_url": "https://api.github.com/users/jodyhuntatx/subscriptions",
    "organizations_url": "https://api.github.com/users/jodyhuntatx/orgs",
    "repos_url": "https://api.github.com/users/jodyhuntatx/repos",
    "events_url": "https://api.github.com/users/jodyhuntatx/events{/privacy}",
    "received_events_url": "https://api.github.com/users/jodyhuntatx/received_events",
    "type": "User",
    "site_admin": false
  },
  "body": "jodyhuntatx",
  "state": "APPROVED",
  "html_url": "https://github.com/jodybot/policy-ops/pull/39#pullrequestreview-360031292",
  "pull_request_url": "https://api.github.com/repos/jodybot/policy-ops/pulls/39",
  "author_association": "COLLABORATOR",
  "_links": {
    "html": {
      "href": "https://github.com/jodybot/policy-ops/pull/39#pullrequestreview-360031292"
    },
    "pull_request": {
      "href": "https://api.github.com/repos/jodybot/policy-ops/pulls/39"
    }
  },
  "submitted_at": "2020-02-18T01:56:52Z",
  "commit_id": "d0fe00d30db04e8689b11c679454c152fe341596"
}

mergePullRequest(master,demoproject,access-request.json) =============
Merge successful.

createBranch(master,DemoProject) =============
{
  "ref": "refs/heads/DemoProject",
  "node_id": "MDM6UmVmMjQwNTk5ODQ3OkRlbW9Qcm9qZWN0",
  "url": "https://api.github.com/repos/jodybot/policy-ops/git/refs/heads/DemoProject",
  "object": {
    "sha": "94dffb895ee85bcd2035f53421ef81b3ba51f909",
    "type": "commit",
    "url": "https://api.github.com/repos/jodybot/policy-ops/git/commits/94dffb895ee85bcd2035f53421ef81b3ba51f909"
  }
}
{
  "url": "https://api.github.com/repos/jodybot/policy-ops/branches/DemoProject/protection",
  "required_pull_request_reviews": {
    "url": "https://api.github.com/repos/jodybot/policy-ops/branches/DemoProject/protection/required_pull_request_reviews",
    "dismiss_stale_reviews": false,
    "require_code_owner_reviews": false,
    "required_approving_review_count": 1
  },
  "enforce_admins": {
    "url": "https://api.github.com/repos/jodybot/policy-ops/branches/DemoProject/protection/enforce_admins",
    "enabled": false
  },
  "required_linear_history": {
    "enabled": false
  },
  "allow_force_pushes": {
    "enabled": false
  },
  "allow_deletions": {
    "enabled": true
  }
}

commitFile(DemoProject,2020/02/18/DemoProject/access-request.json) =============
{
  "content": {
    "name": "access-request.json",
    "path": "2020/02/18/DemoProject/access-request.json",
    "sha": "55ba056fe9219ca08ba1963421351a69f0ac3a64",
    "size": 848,
    "url": "https://api.github.com/repos/jodybot/policy-ops/contents/2020/02/18/DemoProject/access-request.json?ref=DemoProject",
    "html_url": "https://github.com/jodybot/policy-ops/blob/DemoProject/2020/02/18/DemoProject/access-request.json",
    "git_url": "https://api.github.com/repos/jodybot/policy-ops/git/blobs/55ba056fe9219ca08ba1963421351a69f0ac3a64",
    "download_url": "https://raw.githubusercontent.com/jodybot/policy-ops/DemoProject/2020/02/18/DemoProject/access-request.json",
    "type": "file",
    "_links": {
      "self": "https://api.github.com/repos/jodybot/policy-ops/contents/2020/02/18/DemoProject/access-request.json?ref=DemoProject",
      "git": "https://api.github.com/repos/jodybot/policy-ops/git/blobs/55ba056fe9219ca08ba1963421351a69f0ac3a64",
      "html": "https://github.com/jodybot/policy-ops/blob/DemoProject/2020/02/18/DemoProject/access-request.json"
    }
  },
  "commit": {
    "sha": "0d4c8664e99e1fa5e5f48fd31bfa9c07100965e7",
    "node_id": "MDY6Q29tbWl0MjQwNTk5ODQ3OjBkNGM4NjY0ZTk5ZTFmYTVlNWY0OGZkMzFiZmE5YzA3MTAwOTY1ZTc=",
    "url": "https://api.github.com/repos/jodybot/policy-ops/git/commits/0d4c8664e99e1fa5e5f48fd31bfa9c07100965e7",
    "html_url": "https://github.com/jodybot/policy-ops/commit/0d4c8664e99e1fa5e5f48fd31bfa9c07100965e7",
    "author": {
      "name": "jodybot",
      "email": "61066454+jodybot@users.noreply.github.com",
      "date": "2020-02-18T18:50:45Z"
    },
    "committer": {
      "name": "jodybot",
      "email": "61066454+jodybot@users.noreply.github.com",
      "date": "2020-02-18T18:50:45Z"
    },
    "tree": {
      "sha": "2cbf5e0ad0b1c80fe400c43b3edbb0e25003f380",
      "url": "https://api.github.com/repos/jodybot/policy-ops/git/trees/2cbf5e0ad0b1c80fe400c43b3edbb0e25003f380"
    },
    "message": "DemoProject, access-request.json, 2020-02-18/12:50:44",
    "parents": [
      {
        "sha": "94dffb895ee85bcd2035f53421ef81b3ba51f909",
        "url": "https://api.github.com/repos/jodybot/policy-ops/git/commits/94dffb895ee85bcd2035f53421ef81b3ba51f909",
        "html_url": "https://github.com/jodybot/policy-ops/commit/94dffb895ee85bcd2035f53421ef81b3ba51f909"
      }
    ],
    "verification": {
      "verified": false,
      "reason": "unsigned",
      "signature": null,
      "payload": null
    }
  }
}

createPullRequest(DemoProject,access-request.json) =============
{
  "url": "https://api.github.com/repos/jodybot/policy-ops/pulls/41",
  "id": 376778594,
  "node_id": "MDExOlB1bGxSZXF1ZXN0Mzc2Nzc4NTk0",
  "html_url": "https://github.com/jodybot/policy-ops/pull/41",
  "diff_url": "https://github.com/jodybot/policy-ops/pull/41.diff",
  "patch_url": "https://github.com/jodybot/policy-ops/pull/41.patch",
  "issue_url": "https://api.github.com/repos/jodybot/policy-ops/issues/41",
  "number": 41,
  "state": "open",
  "locked": false,
  "title": "DemoProject project onboarding.",
  "user": {
    "login": "jodybot",
    "id": 61066454,
    "node_id": "MDQ6VXNlcjYxMDY2NDU0",
    "avatar_url": "https://avatars1.githubusercontent.com/u/61066454?v=4",
    "gravatar_id": "",
    "url": "https://api.github.com/users/jodybot",
    "html_url": "https://github.com/jodybot",
    "followers_url": "https://api.github.com/users/jodybot/followers",
    "following_url": "https://api.github.com/users/jodybot/following{/other_user}",
    "gists_url": "https://api.github.com/users/jodybot/gists{/gist_id}",
    "starred_url": "https://api.github.com/users/jodybot/starred{/owner}{/repo}",
    "subscriptions_url": "https://api.github.com/users/jodybot/subscriptions",
    "organizations_url": "https://api.github.com/users/jodybot/orgs",
    "repos_url": "https://api.github.com/users/jodybot/repos",
    "events_url": "https://api.github.com/users/jodybot/events{/privacy}",
    "received_events_url": "https://api.github.com/users/jodybot/received_events",
    "type": "User",
    "site_admin": false
  },
  "body": "access-request.json",
  "created_at": "2020-02-18T18:50:46Z",
  "updated_at": "2020-02-18T18:50:46Z",
  "closed_at": null,
  "merged_at": null,
  "merge_commit_sha": null,
  "assignee": null,
  "assignees": [],
  "requested_reviewers": [],
  "requested_teams": [],
  "labels": [],
  "milestone": null,
  "commits_url": "https://api.github.com/repos/jodybot/policy-ops/pulls/41/commits",
  "review_comments_url": "https://api.github.com/repos/jodybot/policy-ops/pulls/41/comments",
  "review_comment_url": "https://api.github.com/repos/jodybot/policy-ops/pulls/comments{/number}",
  "comments_url": "https://api.github.com/repos/jodybot/policy-ops/issues/41/comments",
  "statuses_url": "https://api.github.com/repos/jodybot/policy-ops/statuses/0d4c8664e99e1fa5e5f48fd31bfa9c07100965e7",
  "head": {
    "label": "jodybot:DemoProject",
    "ref": "DemoProject",
    "sha": "0d4c8664e99e1fa5e5f48fd31bfa9c07100965e7",
    "user": {
      "login": "jodybot",
      "id": 61066454,
      "node_id": "MDQ6VXNlcjYxMDY2NDU0",
      "avatar_url": "https://avatars1.githubusercontent.com/u/61066454?v=4",
      "gravatar_id": "",
      "url": "https://api.github.com/users/jodybot",
      "html_url": "https://github.com/jodybot",
      "followers_url": "https://api.github.com/users/jodybot/followers",
      "following_url": "https://api.github.com/users/jodybot/following{/other_user}",
      "gists_url": "https://api.github.com/users/jodybot/gists{/gist_id}",
      "starred_url": "https://api.github.com/users/jodybot/starred{/owner}{/repo}",
      "subscriptions_url": "https://api.github.com/users/jodybot/subscriptions",
      "organizations_url": "https://api.github.com/users/jodybot/orgs",
      "repos_url": "https://api.github.com/users/jodybot/repos",
      "events_url": "https://api.github.com/users/jodybot/events{/privacy}",
      "received_events_url": "https://api.github.com/users/jodybot/received_events",
      "type": "User",
      "site_admin": false
    },
    "repo": {
      "id": 240599847,
      "node_id": "MDEwOlJlcG9zaXRvcnkyNDA1OTk4NDc=",
      "name": "policy-ops",
      "full_name": "jodybot/policy-ops",
      "private": false,
      "owner": {
        "login": "jodybot",
        "id": 61066454,
        "node_id": "MDQ6VXNlcjYxMDY2NDU0",
        "avatar_url": "https://avatars1.githubusercontent.com/u/61066454?v=4",
        "gravatar_id": "",
        "url": "https://api.github.com/users/jodybot",
        "html_url": "https://github.com/jodybot",
        "followers_url": "https://api.github.com/users/jodybot/followers",
        "following_url": "https://api.github.com/users/jodybot/following{/other_user}",
        "gists_url": "https://api.github.com/users/jodybot/gists{/gist_id}",
        "starred_url": "https://api.github.com/users/jodybot/starred{/owner}{/repo}",
        "subscriptions_url": "https://api.github.com/users/jodybot/subscriptions",
        "organizations_url": "https://api.github.com/users/jodybot/orgs",
        "repos_url": "https://api.github.com/users/jodybot/repos",
        "events_url": "https://api.github.com/users/jodybot/events{/privacy}",
        "received_events_url": "https://api.github.com/users/jodybot/received_events",
        "type": "User",
        "site_admin": false
      },
      "html_url": "https://github.com/jodybot/policy-ops",
      "description": "test repo for yaml policy gitops management",
      "fork": false,
      "url": "https://api.github.com/repos/jodybot/policy-ops",
      "forks_url": "https://api.github.com/repos/jodybot/policy-ops/forks",
      "keys_url": "https://api.github.com/repos/jodybot/policy-ops/keys{/key_id}",
      "collaborators_url": "https://api.github.com/repos/jodybot/policy-ops/collaborators{/collaborator}",
      "teams_url": "https://api.github.com/repos/jodybot/policy-ops/teams",
      "hooks_url": "https://api.github.com/repos/jodybot/policy-ops/hooks",
      "issue_events_url": "https://api.github.com/repos/jodybot/policy-ops/issues/events{/number}",
      "events_url": "https://api.github.com/repos/jodybot/policy-ops/events",
      "assignees_url": "https://api.github.com/repos/jodybot/policy-ops/assignees{/user}",
      "branches_url": "https://api.github.com/repos/jodybot/policy-ops/branches{/branch}",
      "tags_url": "https://api.github.com/repos/jodybot/policy-ops/tags",
      "blobs_url": "https://api.github.com/repos/jodybot/policy-ops/git/blobs{/sha}",
      "git_tags_url": "https://api.github.com/repos/jodybot/policy-ops/git/tags{/sha}",
      "git_refs_url": "https://api.github.com/repos/jodybot/policy-ops/git/refs{/sha}",
      "trees_url": "https://api.github.com/repos/jodybot/policy-ops/git/trees{/sha}",
      "statuses_url": "https://api.github.com/repos/jodybot/policy-ops/statuses/{sha}",
      "languages_url": "https://api.github.com/repos/jodybot/policy-ops/languages",
      "stargazers_url": "https://api.github.com/repos/jodybot/policy-ops/stargazers",
      "contributors_url": "https://api.github.com/repos/jodybot/policy-ops/contributors",
      "subscribers_url": "https://api.github.com/repos/jodybot/policy-ops/subscribers",
      "subscription_url": "https://api.github.com/repos/jodybot/policy-ops/subscription",
      "commits_url": "https://api.github.com/repos/jodybot/policy-ops/commits{/sha}",
      "git_commits_url": "https://api.github.com/repos/jodybot/policy-ops/git/commits{/sha}",
      "comments_url": "https://api.github.com/repos/jodybot/policy-ops/comments{/number}",
      "issue_comment_url": "https://api.github.com/repos/jodybot/policy-ops/issues/comments{/number}",
      "contents_url": "https://api.github.com/repos/jodybot/policy-ops/contents/{+path}",
      "compare_url": "https://api.github.com/repos/jodybot/policy-ops/compare/{base}...{head}",
      "merges_url": "https://api.github.com/repos/jodybot/policy-ops/merges",
      "archive_url": "https://api.github.com/repos/jodybot/policy-ops/{archive_format}{/ref}",
      "downloads_url": "https://api.github.com/repos/jodybot/policy-ops/downloads",
      "issues_url": "https://api.github.com/repos/jodybot/policy-ops/issues{/number}",
      "pulls_url": "https://api.github.com/repos/jodybot/policy-ops/pulls{/number}",
      "milestones_url": "https://api.github.com/repos/jodybot/policy-ops/milestones{/number}",
      "notifications_url": "https://api.github.com/repos/jodybot/policy-ops/notifications{?since,all,participating}",
      "labels_url": "https://api.github.com/repos/jodybot/policy-ops/labels{/name}",
      "releases_url": "https://api.github.com/repos/jodybot/policy-ops/releases{/id}",
      "deployments_url": "https://api.github.com/repos/jodybot/policy-ops/deployments",
      "created_at": "2020-02-14T21:15:07Z",
      "updated_at": "2020-02-18T02:03:34Z",
      "pushed_at": "2020-02-18T18:50:46Z",
      "git_url": "git://github.com/jodybot/policy-ops.git",
      "ssh_url": "git@github.com:jodybot/policy-ops.git",
      "clone_url": "https://github.com/jodybot/policy-ops.git",
      "svn_url": "https://github.com/jodybot/policy-ops",
      "homepage": null,
      "size": 35,
      "stargazers_count": 0,
      "watchers_count": 0,
      "language": null,
      "has_issues": true,
      "has_projects": true,
      "has_downloads": true,
      "has_wiki": true,
      "has_pages": false,
      "forks_count": 0,
      "mirror_url": null,
      "archived": false,
      "disabled": false,
      "open_issues_count": 1,
      "license": null,
      "forks": 0,
      "open_issues": 1,
      "watchers": 0,
      "default_branch": "master"
    }
  },
  "base": {
    "label": "jodybot:master",
    "ref": "master",
    "sha": "94dffb895ee85bcd2035f53421ef81b3ba51f909",
    "user": {
      "login": "jodybot",
      "id": 61066454,
      "node_id": "MDQ6VXNlcjYxMDY2NDU0",
      "avatar_url": "https://avatars1.githubusercontent.com/u/61066454?v=4",
      "gravatar_id": "",
      "url": "https://api.github.com/users/jodybot",
      "html_url": "https://github.com/jodybot",
      "followers_url": "https://api.github.com/users/jodybot/followers",
      "following_url": "https://api.github.com/users/jodybot/following{/other_user}",
      "gists_url": "https://api.github.com/users/jodybot/gists{/gist_id}",
      "starred_url": "https://api.github.com/users/jodybot/starred{/owner}{/repo}",
      "subscriptions_url": "https://api.github.com/users/jodybot/subscriptions",
      "organizations_url": "https://api.github.com/users/jodybot/orgs",
      "repos_url": "https://api.github.com/users/jodybot/repos",
      "events_url": "https://api.github.com/users/jodybot/events{/privacy}",
      "received_events_url": "https://api.github.com/users/jodybot/received_events",
      "type": "User",
      "site_admin": false
    },
    "repo": {
      "id": 240599847,
      "node_id": "MDEwOlJlcG9zaXRvcnkyNDA1OTk4NDc=",
      "name": "policy-ops",
      "full_name": "jodybot/policy-ops",
      "private": false,
      "owner": {
        "login": "jodybot",
        "id": 61066454,
        "node_id": "MDQ6VXNlcjYxMDY2NDU0",
        "avatar_url": "https://avatars1.githubusercontent.com/u/61066454?v=4",
        "gravatar_id": "",
        "url": "https://api.github.com/users/jodybot",
        "html_url": "https://github.com/jodybot",
        "followers_url": "https://api.github.com/users/jodybot/followers",
        "following_url": "https://api.github.com/users/jodybot/following{/other_user}",
        "gists_url": "https://api.github.com/users/jodybot/gists{/gist_id}",
        "starred_url": "https://api.github.com/users/jodybot/starred{/owner}{/repo}",
        "subscriptions_url": "https://api.github.com/users/jodybot/subscriptions",
        "organizations_url": "https://api.github.com/users/jodybot/orgs",
        "repos_url": "https://api.github.com/users/jodybot/repos",
        "events_url": "https://api.github.com/users/jodybot/events{/privacy}",
        "received_events_url": "https://api.github.com/users/jodybot/received_events",
        "type": "User",
        "site_admin": false
      },
      "html_url": "https://github.com/jodybot/policy-ops",
      "description": "test repo for yaml policy gitops management",
      "fork": false,
      "url": "https://api.github.com/repos/jodybot/policy-ops",
      "forks_url": "https://api.github.com/repos/jodybot/policy-ops/forks",
      "keys_url": "https://api.github.com/repos/jodybot/policy-ops/keys{/key_id}",
      "collaborators_url": "https://api.github.com/repos/jodybot/policy-ops/collaborators{/collaborator}",
      "teams_url": "https://api.github.com/repos/jodybot/policy-ops/teams",
      "hooks_url": "https://api.github.com/repos/jodybot/policy-ops/hooks",
      "issue_events_url": "https://api.github.com/repos/jodybot/policy-ops/issues/events{/number}",
      "events_url": "https://api.github.com/repos/jodybot/policy-ops/events",
      "assignees_url": "https://api.github.com/repos/jodybot/policy-ops/assignees{/user}",
      "branches_url": "https://api.github.com/repos/jodybot/policy-ops/branches{/branch}",
      "tags_url": "https://api.github.com/repos/jodybot/policy-ops/tags",
      "blobs_url": "https://api.github.com/repos/jodybot/policy-ops/git/blobs{/sha}",
      "git_tags_url": "https://api.github.com/repos/jodybot/policy-ops/git/tags{/sha}",
      "git_refs_url": "https://api.github.com/repos/jodybot/policy-ops/git/refs{/sha}",
      "trees_url": "https://api.github.com/repos/jodybot/policy-ops/git/trees{/sha}",
      "statuses_url": "https://api.github.com/repos/jodybot/policy-ops/statuses/{sha}",
      "languages_url": "https://api.github.com/repos/jodybot/policy-ops/languages",
      "stargazers_url": "https://api.github.com/repos/jodybot/policy-ops/stargazers",
      "contributors_url": "https://api.github.com/repos/jodybot/policy-ops/contributors",
      "subscribers_url": "https://api.github.com/repos/jodybot/policy-ops/subscribers",
      "subscription_url": "https://api.github.com/repos/jodybot/policy-ops/subscription",
      "commits_url": "https://api.github.com/repos/jodybot/policy-ops/commits{/sha}",
      "git_commits_url": "https://api.github.com/repos/jodybot/policy-ops/git/commits{/sha}",
      "comments_url": "https://api.github.com/repos/jodybot/policy-ops/comments{/number}",
      "issue_comment_url": "https://api.github.com/repos/jodybot/policy-ops/issues/comments{/number}",
      "contents_url": "https://api.github.com/repos/jodybot/policy-ops/contents/{+path}",
      "compare_url": "https://api.github.com/repos/jodybot/policy-ops/compare/{base}...{head}",
      "merges_url": "https://api.github.com/repos/jodybot/policy-ops/merges",
      "archive_url": "https://api.github.com/repos/jodybot/policy-ops/{archive_format}{/ref}",
      "downloads_url": "https://api.github.com/repos/jodybot/policy-ops/downloads",
      "issues_url": "https://api.github.com/repos/jodybot/policy-ops/issues{/number}",
      "pulls_url": "https://api.github.com/repos/jodybot/policy-ops/pulls{/number}",
      "milestones_url": "https://api.github.com/repos/jodybot/policy-ops/milestones{/number}",
      "notifications_url": "https://api.github.com/repos/jodybot/policy-ops/notifications{?since,all,participating}",
      "labels_url": "https://api.github.com/repos/jodybot/policy-ops/labels{/name}",
      "releases_url": "https://api.github.com/repos/jodybot/policy-ops/releases{/id}",
      "deployments_url": "https://api.github.com/repos/jodybot/policy-ops/deployments",
      "created_at": "2020-02-14T21:15:07Z",
      "updated_at": "2020-02-18T02:03:34Z",
      "pushed_at": "2020-02-18T18:50:46Z",
      "git_url": "git://github.com/jodybot/policy-ops.git",
      "ssh_url": "git@github.com:jodybot/policy-ops.git",
      "clone_url": "https://github.com/jodybot/policy-ops.git",
      "svn_url": "https://github.com/jodybot/policy-ops",
      "homepage": null,
      "size": 35,
      "stargazers_count": 0,
      "watchers_count": 0,
      "language": null,
      "has_issues": true,
      "has_projects": true,
      "has_downloads": true,
      "has_wiki": true,
      "has_pages": false,
      "forks_count": 0,
      "mirror_url": null,
      "archived": false,
      "disabled": false,
      "open_issues_count": 1,
      "license": null,
      "forks": 0,
      "open_issues": 1,
      "watchers": 0,
      "default_branch": "master"
    }
  },
  "_links": {
    "self": {
      "href": "https://api.github.com/repos/jodybot/policy-ops/pulls/41"
    },
    "html": {
      "href": "https://github.com/jodybot/policy-ops/pull/41"
    },
    "issue": {
      "href": "https://api.github.com/repos/jodybot/policy-ops/issues/41"
    },
    "comments": {
      "href": "https://api.github.com/repos/jodybot/policy-ops/issues/41/comments"
    },
    "review_comments": {
      "href": "https://api.github.com/repos/jodybot/policy-ops/pulls/41/comments"
    },
    "review_comment": {
      "href": "https://api.github.com/repos/jodybot/policy-ops/pulls/comments{/number}"
    },
    "commits": {
      "href": "https://api.github.com/repos/jodybot/policy-ops/pulls/41/commits"
    },
    "statuses": {
      "href": "https://api.github.com/repos/jodybot/policy-ops/statuses/0d4c8664e99e1fa5e5f48fd31bfa9c07100965e7"
    }
  },
  "author_association": "OWNER",
  "merged": false,
  "mergeable": null,
  "rebaseable": null,
  "mergeable_state": "unknown",
  "merged_by": null,
  "comments": 0,
  "review_comments": 0,
  "maintainer_can_modify": false,
  "commits": 1,
  "additions": 36,
  "deletions": 0,
  "changed_files": 1
}

requestPRReview(DemoProject,access-request.json) =============
{
  "url": "https://api.github.com/repos/jodybot/policy-ops/pulls/41",
  "id": 376778594,
  "node_id": "MDExOlB1bGxSZXF1ZXN0Mzc2Nzc4NTk0",
  "html_url": "https://github.com/jodybot/policy-ops/pull/41",
  "diff_url": "https://github.com/jodybot/policy-ops/pull/41.diff",
  "patch_url": "https://github.com/jodybot/policy-ops/pull/41.patch",
  "issue_url": "https://api.github.com/repos/jodybot/policy-ops/issues/41",
  "number": 41,
  "state": "open",
  "locked": false,
  "title": "DemoProject project onboarding.",
  "user": {
    "login": "jodybot",
    "id": 61066454,
    "node_id": "MDQ6VXNlcjYxMDY2NDU0",
    "avatar_url": "https://avatars1.githubusercontent.com/u/61066454?v=4",
    "gravatar_id": "",
    "url": "https://api.github.com/users/jodybot",
    "html_url": "https://github.com/jodybot",
    "followers_url": "https://api.github.com/users/jodybot/followers",
    "following_url": "https://api.github.com/users/jodybot/following{/other_user}",
    "gists_url": "https://api.github.com/users/jodybot/gists{/gist_id}",
    "starred_url": "https://api.github.com/users/jodybot/starred{/owner}{/repo}",
    "subscriptions_url": "https://api.github.com/users/jodybot/subscriptions",
    "organizations_url": "https://api.github.com/users/jodybot/orgs",
    "repos_url": "https://api.github.com/users/jodybot/repos",
    "events_url": "https://api.github.com/users/jodybot/events{/privacy}",
    "received_events_url": "https://api.github.com/users/jodybot/received_events",
    "type": "User",
    "site_admin": false
  },
  "body": "access-request.json",
  "created_at": "2020-02-18T18:50:46Z",
  "updated_at": "2020-02-18T18:50:48Z",
  "closed_at": null,
  "merged_at": null,
  "merge_commit_sha": "2604c1e564f2064487d465f19ab72d5a90ab2c97",
  "assignee": null,
  "assignees": [],
  "requested_reviewers": [
    {
      "login": "jodyhuntatx",
      "id": 8240697,
      "node_id": "MDQ6VXNlcjgyNDA2OTc=",
      "avatar_url": "https://avatars1.githubusercontent.com/u/8240697?v=4",
      "gravatar_id": "",
      "url": "https://api.github.com/users/jodyhuntatx",
      "html_url": "https://github.com/jodyhuntatx",
      "followers_url": "https://api.github.com/users/jodyhuntatx/followers",
      "following_url": "https://api.github.com/users/jodyhuntatx/following{/other_user}",
      "gists_url": "https://api.github.com/users/jodyhuntatx/gists{/gist_id}",
      "starred_url": "https://api.github.com/users/jodyhuntatx/starred{/owner}{/repo}",
      "subscriptions_url": "https://api.github.com/users/jodyhuntatx/subscriptions",
      "organizations_url": "https://api.github.com/users/jodyhuntatx/orgs",
      "repos_url": "https://api.github.com/users/jodyhuntatx/repos",
      "events_url": "https://api.github.com/users/jodyhuntatx/events{/privacy}",
      "received_events_url": "https://api.github.com/users/jodyhuntatx/received_events",
      "type": "User",
      "site_admin": false
    }
  ],
  "requested_teams": [],
  "labels": [],
  "milestone": null,
  "commits_url": "https://api.github.com/repos/jodybot/policy-ops/pulls/41/commits",
  "review_comments_url": "https://api.github.com/repos/jodybot/policy-ops/pulls/41/comments",
  "review_comment_url": "https://api.github.com/repos/jodybot/policy-ops/pulls/comments{/number}",
  "comments_url": "https://api.github.com/repos/jodybot/policy-ops/issues/41/comments",
  "statuses_url": "https://api.github.com/repos/jodybot/policy-ops/statuses/0d4c8664e99e1fa5e5f48fd31bfa9c07100965e7",
  "head": {
    "label": "jodybot:DemoProject",
    "ref": "DemoProject",
    "sha": "0d4c8664e99e1fa5e5f48fd31bfa9c07100965e7",
    "user": {
      "login": "jodybot",
      "id": 61066454,
      "node_id": "MDQ6VXNlcjYxMDY2NDU0",
      "avatar_url": "https://avatars1.githubusercontent.com/u/61066454?v=4",
      "gravatar_id": "",
      "url": "https://api.github.com/users/jodybot",
      "html_url": "https://github.com/jodybot",
      "followers_url": "https://api.github.com/users/jodybot/followers",
      "following_url": "https://api.github.com/users/jodybot/following{/other_user}",
      "gists_url": "https://api.github.com/users/jodybot/gists{/gist_id}",
      "starred_url": "https://api.github.com/users/jodybot/starred{/owner}{/repo}",
      "subscriptions_url": "https://api.github.com/users/jodybot/subscriptions",
      "organizations_url": "https://api.github.com/users/jodybot/orgs",
      "repos_url": "https://api.github.com/users/jodybot/repos",
      "events_url": "https://api.github.com/users/jodybot/events{/privacy}",
      "received_events_url": "https://api.github.com/users/jodybot/received_events",
      "type": "User",
      "site_admin": false
    },
    "repo": {
      "id": 240599847,
      "node_id": "MDEwOlJlcG9zaXRvcnkyNDA1OTk4NDc=",
      "name": "policy-ops",
      "full_name": "jodybot/policy-ops",
      "private": false,
      "owner": {
        "login": "jodybot",
        "id": 61066454,
        "node_id": "MDQ6VXNlcjYxMDY2NDU0",
        "avatar_url": "https://avatars1.githubusercontent.com/u/61066454?v=4",
        "gravatar_id": "",
        "url": "https://api.github.com/users/jodybot",
        "html_url": "https://github.com/jodybot",
        "followers_url": "https://api.github.com/users/jodybot/followers",
        "following_url": "https://api.github.com/users/jodybot/following{/other_user}",
        "gists_url": "https://api.github.com/users/jodybot/gists{/gist_id}",
        "starred_url": "https://api.github.com/users/jodybot/starred{/owner}{/repo}",
        "subscriptions_url": "https://api.github.com/users/jodybot/subscriptions",
        "organizations_url": "https://api.github.com/users/jodybot/orgs",
        "repos_url": "https://api.github.com/users/jodybot/repos",
        "events_url": "https://api.github.com/users/jodybot/events{/privacy}",
        "received_events_url": "https://api.github.com/users/jodybot/received_events",
        "type": "User",
        "site_admin": false
      },
      "html_url": "https://github.com/jodybot/policy-ops",
      "description": "test repo for yaml policy gitops management",
      "fork": false,
      "url": "https://api.github.com/repos/jodybot/policy-ops",
      "forks_url": "https://api.github.com/repos/jodybot/policy-ops/forks",
      "keys_url": "https://api.github.com/repos/jodybot/policy-ops/keys{/key_id}",
      "collaborators_url": "https://api.github.com/repos/jodybot/policy-ops/collaborators{/collaborator}",
      "teams_url": "https://api.github.com/repos/jodybot/policy-ops/teams",
      "hooks_url": "https://api.github.com/repos/jodybot/policy-ops/hooks",
      "issue_events_url": "https://api.github.com/repos/jodybot/policy-ops/issues/events{/number}",
      "events_url": "https://api.github.com/repos/jodybot/policy-ops/events",
      "assignees_url": "https://api.github.com/repos/jodybot/policy-ops/assignees{/user}",
      "branches_url": "https://api.github.com/repos/jodybot/policy-ops/branches{/branch}",
      "tags_url": "https://api.github.com/repos/jodybot/policy-ops/tags",
      "blobs_url": "https://api.github.com/repos/jodybot/policy-ops/git/blobs{/sha}",
      "git_tags_url": "https://api.github.com/repos/jodybot/policy-ops/git/tags{/sha}",
      "git_refs_url": "https://api.github.com/repos/jodybot/policy-ops/git/refs{/sha}",
      "trees_url": "https://api.github.com/repos/jodybot/policy-ops/git/trees{/sha}",
      "statuses_url": "https://api.github.com/repos/jodybot/policy-ops/statuses/{sha}",
      "languages_url": "https://api.github.com/repos/jodybot/policy-ops/languages",
      "stargazers_url": "https://api.github.com/repos/jodybot/policy-ops/stargazers",
      "contributors_url": "https://api.github.com/repos/jodybot/policy-ops/contributors",
      "subscribers_url": "https://api.github.com/repos/jodybot/policy-ops/subscribers",
      "subscription_url": "https://api.github.com/repos/jodybot/policy-ops/subscription",
      "commits_url": "https://api.github.com/repos/jodybot/policy-ops/commits{/sha}",
      "git_commits_url": "https://api.github.com/repos/jodybot/policy-ops/git/commits{/sha}",
      "comments_url": "https://api.github.com/repos/jodybot/policy-ops/comments{/number}",
      "issue_comment_url": "https://api.github.com/repos/jodybot/policy-ops/issues/comments{/number}",
      "contents_url": "https://api.github.com/repos/jodybot/policy-ops/contents/{+path}",
      "compare_url": "https://api.github.com/repos/jodybot/policy-ops/compare/{base}...{head}",
      "merges_url": "https://api.github.com/repos/jodybot/policy-ops/merges",
      "archive_url": "https://api.github.com/repos/jodybot/policy-ops/{archive_format}{/ref}",
      "downloads_url": "https://api.github.com/repos/jodybot/policy-ops/downloads",
      "issues_url": "https://api.github.com/repos/jodybot/policy-ops/issues{/number}",
      "pulls_url": "https://api.github.com/repos/jodybot/policy-ops/pulls{/number}",
      "milestones_url": "https://api.github.com/repos/jodybot/policy-ops/milestones{/number}",
      "notifications_url": "https://api.github.com/repos/jodybot/policy-ops/notifications{?since,all,participating}",
      "labels_url": "https://api.github.com/repos/jodybot/policy-ops/labels{/name}",
      "releases_url": "https://api.github.com/repos/jodybot/policy-ops/releases{/id}",
      "deployments_url": "https://api.github.com/repos/jodybot/policy-ops/deployments",
      "created_at": "2020-02-14T21:15:07Z",
      "updated_at": "2020-02-18T02:03:34Z",
      "pushed_at": "2020-02-18T18:50:47Z",
      "git_url": "git://github.com/jodybot/policy-ops.git",
      "ssh_url": "git@github.com:jodybot/policy-ops.git",
      "clone_url": "https://github.com/jodybot/policy-ops.git",
      "svn_url": "https://github.com/jodybot/policy-ops",
      "homepage": null,
      "size": 35,
      "stargazers_count": 0,
      "watchers_count": 0,
      "language": null,
      "has_issues": true,
      "has_projects": true,
      "has_downloads": true,
      "has_wiki": true,
      "has_pages": false,
      "forks_count": 0,
      "mirror_url": null,
      "archived": false,
      "disabled": false,
      "open_issues_count": 1,
      "license": null,
      "forks": 0,
      "open_issues": 1,
      "watchers": 0,
      "default_branch": "master"
    }
  },
  "base": {
    "label": "jodybot:master",
    "ref": "master",
    "sha": "94dffb895ee85bcd2035f53421ef81b3ba51f909",
    "user": {
      "login": "jodybot",
      "id": 61066454,
      "node_id": "MDQ6VXNlcjYxMDY2NDU0",
      "avatar_url": "https://avatars1.githubusercontent.com/u/61066454?v=4",
      "gravatar_id": "",
      "url": "https://api.github.com/users/jodybot",
      "html_url": "https://github.com/jodybot",
      "followers_url": "https://api.github.com/users/jodybot/followers",
      "following_url": "https://api.github.com/users/jodybot/following{/other_user}",
      "gists_url": "https://api.github.com/users/jodybot/gists{/gist_id}",
      "starred_url": "https://api.github.com/users/jodybot/starred{/owner}{/repo}",
      "subscriptions_url": "https://api.github.com/users/jodybot/subscriptions",
      "organizations_url": "https://api.github.com/users/jodybot/orgs",
      "repos_url": "https://api.github.com/users/jodybot/repos",
      "events_url": "https://api.github.com/users/jodybot/events{/privacy}",
      "received_events_url": "https://api.github.com/users/jodybot/received_events",
      "type": "User",
      "site_admin": false
    },
    "repo": {
      "id": 240599847,
      "node_id": "MDEwOlJlcG9zaXRvcnkyNDA1OTk4NDc=",
      "name": "policy-ops",
      "full_name": "jodybot/policy-ops",
      "private": false,
      "owner": {
        "login": "jodybot",
        "id": 61066454,
        "node_id": "MDQ6VXNlcjYxMDY2NDU0",
        "avatar_url": "https://avatars1.githubusercontent.com/u/61066454?v=4",
        "gravatar_id": "",
        "url": "https://api.github.com/users/jodybot",
        "html_url": "https://github.com/jodybot",
        "followers_url": "https://api.github.com/users/jodybot/followers",
        "following_url": "https://api.github.com/users/jodybot/following{/other_user}",
        "gists_url": "https://api.github.com/users/jodybot/gists{/gist_id}",
        "starred_url": "https://api.github.com/users/jodybot/starred{/owner}{/repo}",
        "subscriptions_url": "https://api.github.com/users/jodybot/subscriptions",
        "organizations_url": "https://api.github.com/users/jodybot/orgs",
        "repos_url": "https://api.github.com/users/jodybot/repos",
        "events_url": "https://api.github.com/users/jodybot/events{/privacy}",
        "received_events_url": "https://api.github.com/users/jodybot/received_events",
        "type": "User",
        "site_admin": false
      },
      "html_url": "https://github.com/jodybot/policy-ops",
      "description": "test repo for yaml policy gitops management",
      "fork": false,
      "url": "https://api.github.com/repos/jodybot/policy-ops",
      "forks_url": "https://api.github.com/repos/jodybot/policy-ops/forks",
      "keys_url": "https://api.github.com/repos/jodybot/policy-ops/keys{/key_id}",
      "collaborators_url": "https://api.github.com/repos/jodybot/policy-ops/collaborators{/collaborator}",
      "teams_url": "https://api.github.com/repos/jodybot/policy-ops/teams",
      "hooks_url": "https://api.github.com/repos/jodybot/policy-ops/hooks",
      "issue_events_url": "https://api.github.com/repos/jodybot/policy-ops/issues/events{/number}",
      "events_url": "https://api.github.com/repos/jodybot/policy-ops/events",
      "assignees_url": "https://api.github.com/repos/jodybot/policy-ops/assignees{/user}",
      "branches_url": "https://api.github.com/repos/jodybot/policy-ops/branches{/branch}",
      "tags_url": "https://api.github.com/repos/jodybot/policy-ops/tags",
      "blobs_url": "https://api.github.com/repos/jodybot/policy-ops/git/blobs{/sha}",
      "git_tags_url": "https://api.github.com/repos/jodybot/policy-ops/git/tags{/sha}",
      "git_refs_url": "https://api.github.com/repos/jodybot/policy-ops/git/refs{/sha}",
      "trees_url": "https://api.github.com/repos/jodybot/policy-ops/git/trees{/sha}",
      "statuses_url": "https://api.github.com/repos/jodybot/policy-ops/statuses/{sha}",
      "languages_url": "https://api.github.com/repos/jodybot/policy-ops/languages",
      "stargazers_url": "https://api.github.com/repos/jodybot/policy-ops/stargazers",
      "contributors_url": "https://api.github.com/repos/jodybot/policy-ops/contributors",
      "subscribers_url": "https://api.github.com/repos/jodybot/policy-ops/subscribers",
      "subscription_url": "https://api.github.com/repos/jodybot/policy-ops/subscription",
      "commits_url": "https://api.github.com/repos/jodybot/policy-ops/commits{/sha}",
      "git_commits_url": "https://api.github.com/repos/jodybot/policy-ops/git/commits{/sha}",
      "comments_url": "https://api.github.com/repos/jodybot/policy-ops/comments{/number}",
      "issue_comment_url": "https://api.github.com/repos/jodybot/policy-ops/issues/comments{/number}",
      "contents_url": "https://api.github.com/repos/jodybot/policy-ops/contents/{+path}",
      "compare_url": "https://api.github.com/repos/jodybot/policy-ops/compare/{base}...{head}",
      "merges_url": "https://api.github.com/repos/jodybot/policy-ops/merges",
      "archive_url": "https://api.github.com/repos/jodybot/policy-ops/{archive_format}{/ref}",
      "downloads_url": "https://api.github.com/repos/jodybot/policy-ops/downloads",
      "issues_url": "https://api.github.com/repos/jodybot/policy-ops/issues{/number}",
      "pulls_url": "https://api.github.com/repos/jodybot/policy-ops/pulls{/number}",
      "milestones_url": "https://api.github.com/repos/jodybot/policy-ops/milestones{/number}",
      "notifications_url": "https://api.github.com/repos/jodybot/policy-ops/notifications{?since,all,participating}",
      "labels_url": "https://api.github.com/repos/jodybot/policy-ops/labels{/name}",
      "releases_url": "https://api.github.com/repos/jodybot/policy-ops/releases{/id}",
      "deployments_url": "https://api.github.com/repos/jodybot/policy-ops/deployments",
      "created_at": "2020-02-14T21:15:07Z",
      "updated_at": "2020-02-18T02:03:34Z",
      "pushed_at": "2020-02-18T18:50:47Z",
      "git_url": "git://github.com/jodybot/policy-ops.git",
      "ssh_url": "git@github.com:jodybot/policy-ops.git",
      "clone_url": "https://github.com/jodybot/policy-ops.git",
      "svn_url": "https://github.com/jodybot/policy-ops",
      "homepage": null,
      "size": 35,
      "stargazers_count": 0,
      "watchers_count": 0,
      "language": null,
      "has_issues": true,
      "has_projects": true,
      "has_downloads": true,
      "has_wiki": true,
      "has_pages": false,
      "forks_count": 0,
      "mirror_url": null,
      "archived": false,
      "disabled": false,
      "open_issues_count": 1,
      "license": null,
      "forks": 0,
      "open_issues": 1,
      "watchers": 0,
      "default_branch": "master"
    }
  },
  "_links": {
    "self": {
      "href": "https://api.github.com/repos/jodybot/policy-ops/pulls/41"
    },
    "html": {
      "href": "https://github.com/jodybot/policy-ops/pull/41"
    },
    "issue": {
      "href": "https://api.github.com/repos/jodybot/policy-ops/issues/41"
    },
    "comments": {
      "href": "https://api.github.com/repos/jodybot/policy-ops/issues/41/comments"
    },
    "review_comments": {
      "href": "https://api.github.com/repos/jodybot/policy-ops/pulls/41/comments"
    },
    "review_comment": {
      "href": "https://api.github.com/repos/jodybot/policy-ops/pulls/comments{/number}"
    },
    "commits": {
      "href": "https://api.github.com/repos/jodybot/policy-ops/pulls/41/commits"
    },
    "statuses": {
      "href": "https://api.github.com/repos/jodybot/policy-ops/statuses/0d4c8664e99e1fa5e5f48fd31bfa9c07100965e7"
    }
  },
  "author_association": "OWNER"
}
