
createBranch(master,DualAccountCreate) =============
{
  "ref": "refs/heads/DualAccountCreate",
  "node_id": "MDM6UmVmMjQwNTk5ODQ3OkR1YWxBY2NvdW50Q3JlYXRl",
  "url": "https://api.github.com/repos/jodybot/policy-ops/git/refs/heads/DualAccountCreate",
  "object": {
    "sha": "67ec0b3b8573ae3bd8cc5d32e1435966bb411e4e",
    "type": "commit",
    "url": "https://api.github.com/repos/jodybot/policy-ops/git/commits/67ec0b3b8573ae3bd8cc5d32e1435966bb411e4e"
  }
}
{
  "url": "https://api.github.com/repos/jodybot/policy-ops/branches/DualAccountCreate/protection",
  "required_pull_request_reviews": {
    "url": "https://api.github.com/repos/jodybot/policy-ops/branches/DualAccountCreate/protection/required_pull_request_reviews",
    "dismiss_stale_reviews": false,
    "require_code_owner_reviews": false,
    "required_approving_review_count": 1
  },
  "enforce_admins": {
    "url": "https://api.github.com/repos/jodybot/policy-ops/branches/DualAccountCreate/protection/enforce_admins",
    "enabled": false
  },
  "required_linear_history": {
    "enabled": false
  },
  "allow_force_pushes": {
    "enabled": false
  },
  "allow_deletions": {
    "enabled": false
  }
}

commitFile(DualAccountCreate,2020/02/17/DualAccountCreate/access-request.json) =============
{
  "content": {
    "name": "access-request.json",
    "path": "2020/02/17/DualAccountCreate/access-request.json",
    "sha": "a31ee9598f86cb5d3d2a12f28369108812577f64",
    "size": 890,
    "url": "https://api.github.com/repos/jodybot/policy-ops/contents/2020/02/17/DualAccountCreate/access-request.json?ref=DualAccountCreate",
    "html_url": "https://github.com/jodybot/policy-ops/blob/DualAccountCreate/2020/02/17/DualAccountCreate/access-request.json",
    "git_url": "https://api.github.com/repos/jodybot/policy-ops/git/blobs/a31ee9598f86cb5d3d2a12f28369108812577f64",
    "download_url": "https://raw.githubusercontent.com/jodybot/policy-ops/DualAccountCreate/2020/02/17/DualAccountCreate/access-request.json",
    "type": "file",
    "_links": {
      "self": "https://api.github.com/repos/jodybot/policy-ops/contents/2020/02/17/DualAccountCreate/access-request.json?ref=DualAccountCreate",
      "git": "https://api.github.com/repos/jodybot/policy-ops/git/blobs/a31ee9598f86cb5d3d2a12f28369108812577f64",
      "html": "https://github.com/jodybot/policy-ops/blob/DualAccountCreate/2020/02/17/DualAccountCreate/access-request.json"
    }
  },
  "commit": {
    "sha": "686412ec7accc3cf4ca72a4d729f7e6a04ae9379",
    "node_id": "MDY6Q29tbWl0MjQwNTk5ODQ3OjY4NjQxMmVjN2FjY2MzY2Y0Y2E3MmE0ZDcyOWY3ZTZhMDRhZTkzNzk=",
    "url": "https://api.github.com/repos/jodybot/policy-ops/git/commits/686412ec7accc3cf4ca72a4d729f7e6a04ae9379",
    "html_url": "https://github.com/jodybot/policy-ops/commit/686412ec7accc3cf4ca72a4d729f7e6a04ae9379",
    "author": {
      "name": "jodybot",
      "email": "61066454+jodybot@users.noreply.github.com",
      "date": "2020-02-18T01:42:45Z"
    },
    "committer": {
      "name": "jodybot",
      "email": "61066454+jodybot@users.noreply.github.com",
      "date": "2020-02-18T01:42:45Z"
    },
    "tree": {
      "sha": "9040ee35e99fcdfb1935118d21a681f98f15bb8d",
      "url": "https://api.github.com/repos/jodybot/policy-ops/git/trees/9040ee35e99fcdfb1935118d21a681f98f15bb8d"
    },
    "message": "DualAccountCreate, access-request.json, 2020-02-17/19:42:45",
    "parents": [
      {
        "sha": "67ec0b3b8573ae3bd8cc5d32e1435966bb411e4e",
        "url": "https://api.github.com/repos/jodybot/policy-ops/git/commits/67ec0b3b8573ae3bd8cc5d32e1435966bb411e4e",
        "html_url": "https://github.com/jodybot/policy-ops/commit/67ec0b3b8573ae3bd8cc5d32e1435966bb411e4e"
      }
    ],
    "verification": {
      "verified": false,
      "reason": "unsigned",
      "signature": null,
      "payload": null
    }
  }
}

createPullRequest(DualAccountCreate,access-request.json) =============
{
  "url": "https://api.github.com/repos/jodybot/policy-ops/pulls/38",
  "id": 376376966,
  "node_id": "MDExOlB1bGxSZXF1ZXN0Mzc2Mzc2OTY2",
  "html_url": "https://github.com/jodybot/policy-ops/pull/38",
  "diff_url": "https://github.com/jodybot/policy-ops/pull/38.diff",
  "patch_url": "https://github.com/jodybot/policy-ops/pull/38.patch",
  "issue_url": "https://api.github.com/repos/jodybot/policy-ops/issues/38",
  "number": 38,
  "state": "open",
  "locked": false,
  "title": "DualAccountCreate project onboarding.",
  "user": {
    "login": "jodybot",
    "id": 61066454,
    "node_id": "MDQ6VXNlcjYxMDY2NDU0",
    "avatar_url": "https://avatars1.githubusercontent.com/u/61066454?v=4",
    "gravatar_id": "",
    "url": "https://api.github.com/users/jodybot",
    "html_url": "https://github.com/jodybot",
    "followers_url": "https://api.github.com/users/jodybot/followers",
    "following_url": "https://api.github.com/users/jodybot/following{/other_user}",
    "gists_url": "https://api.github.com/users/jodybot/gists{/gist_id}",
    "starred_url": "https://api.github.com/users/jodybot/starred{/owner}{/repo}",
    "subscriptions_url": "https://api.github.com/users/jodybot/subscriptions",
    "organizations_url": "https://api.github.com/users/jodybot/orgs",
    "repos_url": "https://api.github.com/users/jodybot/repos",
    "events_url": "https://api.github.com/users/jodybot/events{/privacy}",
    "received_events_url": "https://api.github.com/users/jodybot/received_events",
    "type": "User",
    "site_admin": false
  },
  "body": "access-request.json",
  "created_at": "2020-02-18T01:42:47Z",
  "updated_at": "2020-02-18T01:42:47Z",
  "closed_at": null,
  "merged_at": null,
  "merge_commit_sha": null,
  "assignee": null,
  "assignees": [],
  "requested_reviewers": [],
  "requested_teams": [],
  "labels": [],
  "milestone": null,
  "commits_url": "https://api.github.com/repos/jodybot/policy-ops/pulls/38/commits",
  "review_comments_url": "https://api.github.com/repos/jodybot/policy-ops/pulls/38/comments",
  "review_comment_url": "https://api.github.com/repos/jodybot/policy-ops/pulls/comments{/number}",
  "comments_url": "https://api.github.com/repos/jodybot/policy-ops/issues/38/comments",
  "statuses_url": "https://api.github.com/repos/jodybot/policy-ops/statuses/686412ec7accc3cf4ca72a4d729f7e6a04ae9379",
  "head": {
    "label": "jodybot:DualAccountCreate",
    "ref": "DualAccountCreate",
    "sha": "686412ec7accc3cf4ca72a4d729f7e6a04ae9379",
    "user": {
      "login": "jodybot",
      "id": 61066454,
      "node_id": "MDQ6VXNlcjYxMDY2NDU0",
      "avatar_url": "https://avatars1.githubusercontent.com/u/61066454?v=4",
      "gravatar_id": "",
      "url": "https://api.github.com/users/jodybot",
      "html_url": "https://github.com/jodybot",
      "followers_url": "https://api.github.com/users/jodybot/followers",
      "following_url": "https://api.github.com/users/jodybot/following{/other_user}",
      "gists_url": "https://api.github.com/users/jodybot/gists{/gist_id}",
      "starred_url": "https://api.github.com/users/jodybot/starred{/owner}{/repo}",
      "subscriptions_url": "https://api.github.com/users/jodybot/subscriptions",
      "organizations_url": "https://api.github.com/users/jodybot/orgs",
      "repos_url": "https://api.github.com/users/jodybot/repos",
      "events_url": "https://api.github.com/users/jodybot/events{/privacy}",
      "received_events_url": "https://api.github.com/users/jodybot/received_events",
      "type": "User",
      "site_admin": false
    },
    "repo": {
      "id": 240599847,
      "node_id": "MDEwOlJlcG9zaXRvcnkyNDA1OTk4NDc=",
      "name": "policy-ops",
      "full_name": "jodybot/policy-ops",
      "private": false,
      "owner": {
        "login": "jodybot",
        "id": 61066454,
        "node_id": "MDQ6VXNlcjYxMDY2NDU0",
        "avatar_url": "https://avatars1.githubusercontent.com/u/61066454?v=4",
        "gravatar_id": "",
        "url": "https://api.github.com/users/jodybot",
        "html_url": "https://github.com/jodybot",
        "followers_url": "https://api.github.com/users/jodybot/followers",
        "following_url": "https://api.github.com/users/jodybot/following{/other_user}",
        "gists_url": "https://api.github.com/users/jodybot/gists{/gist_id}",
        "starred_url": "https://api.github.com/users/jodybot/starred{/owner}{/repo}",
        "subscriptions_url": "https://api.github.com/users/jodybot/subscriptions",
        "organizations_url": "https://api.github.com/users/jodybot/orgs",
        "repos_url": "https://api.github.com/users/jodybot/repos",
        "events_url": "https://api.github.com/users/jodybot/events{/privacy}",
        "received_events_url": "https://api.github.com/users/jodybot/received_events",
        "type": "User",
        "site_admin": false
      },
      "html_url": "https://github.com/jodybot/policy-ops",
      "description": "test repo for yaml policy gitops management",
      "fork": false,
      "url": "https://api.github.com/repos/jodybot/policy-ops",
      "forks_url": "https://api.github.com/repos/jodybot/policy-ops/forks",
      "keys_url": "https://api.github.com/repos/jodybot/policy-ops/keys{/key_id}",
      "collaborators_url": "https://api.github.com/repos/jodybot/policy-ops/collaborators{/collaborator}",
      "teams_url": "https://api.github.com/repos/jodybot/policy-ops/teams",
      "hooks_url": "https://api.github.com/repos/jodybot/policy-ops/hooks",
      "issue_events_url": "https://api.github.com/repos/jodybot/policy-ops/issues/events{/number}",
      "events_url": "https://api.github.com/repos/jodybot/policy-ops/events",
      "assignees_url": "https://api.github.com/repos/jodybot/policy-ops/assignees{/user}",
      "branches_url": "https://api.github.com/repos/jodybot/policy-ops/branches{/branch}",
      "tags_url": "https://api.github.com/repos/jodybot/policy-ops/tags",
      "blobs_url": "https://api.github.com/repos/jodybot/policy-ops/git/blobs{/sha}",
      "git_tags_url": "https://api.github.com/repos/jodybot/policy-ops/git/tags{/sha}",
      "git_refs_url": "https://api.github.com/repos/jodybot/policy-ops/git/refs{/sha}",
      "trees_url": "https://api.github.com/repos/jodybot/policy-ops/git/trees{/sha}",
      "statuses_url": "https://api.github.com/repos/jodybot/policy-ops/statuses/{sha}",
      "languages_url": "https://api.github.com/repos/jodybot/policy-ops/languages",
      "stargazers_url": "https://api.github.com/repos/jodybot/policy-ops/stargazers",
      "contributors_url": "https://api.github.com/repos/jodybot/policy-ops/contributors",
      "subscribers_url": "https://api.github.com/repos/jodybot/policy-ops/subscribers",
      "subscription_url": "https://api.github.com/repos/jodybot/policy-ops/subscription",
      "commits_url": "https://api.github.com/repos/jodybot/policy-ops/commits{/sha}",
      "git_commits_url": "https://api.github.com/repos/jodybot/policy-ops/git/commits{/sha}",
      "comments_url": "https://api.github.com/repos/jodybot/policy-ops/comments{/number}",
      "issue_comment_url": "https://api.github.com/repos/jodybot/policy-ops/issues/comments{/number}",
      "contents_url": "https://api.github.com/repos/jodybot/policy-ops/contents/{+path}",
      "compare_url": "https://api.github.com/repos/jodybot/policy-ops/compare/{base}...{head}",
      "merges_url": "https://api.github.com/repos/jodybot/policy-ops/merges",
      "archive_url": "https://api.github.com/repos/jodybot/policy-ops/{archive_format}{/ref}",
      "downloads_url": "https://api.github.com/repos/jodybot/policy-ops/downloads",
      "issues_url": "https://api.github.com/repos/jodybot/policy-ops/issues{/number}",
      "pulls_url": "https://api.github.com/repos/jodybot/policy-ops/pulls{/number}",
      "milestones_url": "https://api.github.com/repos/jodybot/policy-ops/milestones{/number}",
      "notifications_url": "https://api.github.com/repos/jodybot/policy-ops/notifications{?since,all,participating}",
      "labels_url": "https://api.github.com/repos/jodybot/policy-ops/labels{/name}",
      "releases_url": "https://api.github.com/repos/jodybot/policy-ops/releases{/id}",
      "deployments_url": "https://api.github.com/repos/jodybot/policy-ops/deployments",
      "created_at": "2020-02-14T21:15:07Z",
      "updated_at": "2020-02-18T01:19:49Z",
      "pushed_at": "2020-02-18T01:42:46Z",
      "git_url": "git://github.com/jodybot/policy-ops.git",
      "ssh_url": "git@github.com:jodybot/policy-ops.git",
      "clone_url": "https://github.com/jodybot/policy-ops.git",
      "svn_url": "https://github.com/jodybot/policy-ops",
      "homepage": null,
      "size": 29,
      "stargazers_count": 0,
      "watchers_count": 0,
      "language": null,
      "has_issues": true,
      "has_projects": true,
      "has_downloads": true,
      "has_wiki": true,
      "has_pages": false,
      "forks_count": 0,
      "mirror_url": null,
      "archived": false,
      "disabled": false,
      "open_issues_count": 1,
      "license": null,
      "forks": 0,
      "open_issues": 1,
      "watchers": 0,
      "default_branch": "master"
    }
  },
  "base": {
    "label": "jodybot:master",
    "ref": "master",
    "sha": "67ec0b3b8573ae3bd8cc5d32e1435966bb411e4e",
    "user": {
      "login": "jodybot",
      "id": 61066454,
      "node_id": "MDQ6VXNlcjYxMDY2NDU0",
      "avatar_url": "https://avatars1.githubusercontent.com/u/61066454?v=4",
      "gravatar_id": "",
      "url": "https://api.github.com/users/jodybot",
      "html_url": "https://github.com/jodybot",
      "followers_url": "https://api.github.com/users/jodybot/followers",
      "following_url": "https://api.github.com/users/jodybot/following{/other_user}",
      "gists_url": "https://api.github.com/users/jodybot/gists{/gist_id}",
      "starred_url": "https://api.github.com/users/jodybot/starred{/owner}{/repo}",
      "subscriptions_url": "https://api.github.com/users/jodybot/subscriptions",
      "organizations_url": "https://api.github.com/users/jodybot/orgs",
      "repos_url": "https://api.github.com/users/jodybot/repos",
      "events_url": "https://api.github.com/users/jodybot/events{/privacy}",
      "received_events_url": "https://api.github.com/users/jodybot/received_events",
      "type": "User",
      "site_admin": false
    },
    "repo": {
      "id": 240599847,
      "node_id": "MDEwOlJlcG9zaXRvcnkyNDA1OTk4NDc=",
      "name": "policy-ops",
      "full_name": "jodybot/policy-ops",
      "private": false,
      "owner": {
        "login": "jodybot",
        "id": 61066454,
        "node_id": "MDQ6VXNlcjYxMDY2NDU0",
        "avatar_url": "https://avatars1.githubusercontent.com/u/61066454?v=4",
        "gravatar_id": "",
        "url": "https://api.github.com/users/jodybot",
        "html_url": "https://github.com/jodybot",
        "followers_url": "https://api.github.com/users/jodybot/followers",
        "following_url": "https://api.github.com/users/jodybot/following{/other_user}",
        "gists_url": "https://api.github.com/users/jodybot/gists{/gist_id}",
        "starred_url": "https://api.github.com/users/jodybot/starred{/owner}{/repo}",
        "subscriptions_url": "https://api.github.com/users/jodybot/subscriptions",
        "organizations_url": "https://api.github.com/users/jodybot/orgs",
        "repos_url": "https://api.github.com/users/jodybot/repos",
        "events_url": "https://api.github.com/users/jodybot/events{/privacy}",
        "received_events_url": "https://api.github.com/users/jodybot/received_events",
        "type": "User",
        "site_admin": false
      },
      "html_url": "https://github.com/jodybot/policy-ops",
      "description": "test repo for yaml policy gitops management",
      "fork": false,
      "url": "https://api.github.com/repos/jodybot/policy-ops",
      "forks_url": "https://api.github.com/repos/jodybot/policy-ops/forks",
      "keys_url": "https://api.github.com/repos/jodybot/policy-ops/keys{/key_id}",
      "collaborators_url": "https://api.github.com/repos/jodybot/policy-ops/collaborators{/collaborator}",
      "teams_url": "https://api.github.com/repos/jodybot/policy-ops/teams",
      "hooks_url": "https://api.github.com/repos/jodybot/policy-ops/hooks",
      "issue_events_url": "https://api.github.com/repos/jodybot/policy-ops/issues/events{/number}",
      "events_url": "https://api.github.com/repos/jodybot/policy-ops/events",
      "assignees_url": "https://api.github.com/repos/jodybot/policy-ops/assignees{/user}",
      "branches_url": "https://api.github.com/repos/jodybot/policy-ops/branches{/branch}",
      "tags_url": "https://api.github.com/repos/jodybot/policy-ops/tags",
      "blobs_url": "https://api.github.com/repos/jodybot/policy-ops/git/blobs{/sha}",
      "git_tags_url": "https://api.github.com/repos/jodybot/policy-ops/git/tags{/sha}",
      "git_refs_url": "https://api.github.com/repos/jodybot/policy-ops/git/refs{/sha}",
      "trees_url": "https://api.github.com/repos/jodybot/policy-ops/git/trees{/sha}",
      "statuses_url": "https://api.github.com/repos/jodybot/policy-ops/statuses/{sha}",
      "languages_url": "https://api.github.com/repos/jodybot/policy-ops/languages",
      "stargazers_url": "https://api.github.com/repos/jodybot/policy-ops/stargazers",
      "contributors_url": "https://api.github.com/repos/jodybot/policy-ops/contributors",
      "subscribers_url": "https://api.github.com/repos/jodybot/policy-ops/subscribers",
      "subscription_url": "https://api.github.com/repos/jodybot/policy-ops/subscription",
      "commits_url": "https://api.github.com/repos/jodybot/policy-ops/commits{/sha}",
      "git_commits_url": "https://api.github.com/repos/jodybot/policy-ops/git/commits{/sha}",
      "comments_url": "https://api.github.com/repos/jodybot/policy-ops/comments{/number}",
      "issue_comment_url": "https://api.github.com/repos/jodybot/policy-ops/issues/comments{/number}",
      "contents_url": "https://api.github.com/repos/jodybot/policy-ops/contents/{+path}",
      "compare_url": "https://api.github.com/repos/jodybot/policy-ops/compare/{base}...{head}",
      "merges_url": "https://api.github.com/repos/jodybot/policy-ops/merges",
      "archive_url": "https://api.github.com/repos/jodybot/policy-ops/{archive_format}{/ref}",
      "downloads_url": "https://api.github.com/repos/jodybot/policy-ops/downloads",
      "issues_url": "https://api.github.com/repos/jodybot/policy-ops/issues{/number}",
      "pulls_url": "https://api.github.com/repos/jodybot/policy-ops/pulls{/number}",
      "milestones_url": "https://api.github.com/repos/jodybot/policy-ops/milestones{/number}",
      "notifications_url": "https://api.github.com/repos/jodybot/policy-ops/notifications{?since,all,participating}",
      "labels_url": "https://api.github.com/repos/jodybot/policy-ops/labels{/name}",
      "releases_url": "https://api.github.com/repos/jodybot/policy-ops/releases{/id}",
      "deployments_url": "https://api.github.com/repos/jodybot/policy-ops/deployments",
      "created_at": "2020-02-14T21:15:07Z",
      "updated_at": "2020-02-18T01:19:49Z",
      "pushed_at": "2020-02-18T01:42:46Z",
      "git_url": "git://github.com/jodybot/policy-ops.git",
      "ssh_url": "git@github.com:jodybot/policy-ops.git",
      "clone_url": "https://github.com/jodybot/policy-ops.git",
      "svn_url": "https://github.com/jodybot/policy-ops",
      "homepage": null,
      "size": 29,
      "stargazers_count": 0,
      "watchers_count": 0,
      "language": null,
      "has_issues": true,
      "has_projects": true,
      "has_downloads": true,
      "has_wiki": true,
      "has_pages": false,
      "forks_count": 0,
      "mirror_url": null,
      "archived": false,
      "disabled": false,
      "open_issues_count": 1,
      "license": null,
      "forks": 0,
      "open_issues": 1,
      "watchers": 0,
      "default_branch": "master"
    }
  },
  "_links": {
    "self": {
      "href": "https://api.github.com/repos/jodybot/policy-ops/pulls/38"
    },
    "html": {
      "href": "https://github.com/jodybot/policy-ops/pull/38"
    },
    "issue": {
      "href": "https://api.github.com/repos/jodybot/policy-ops/issues/38"
    },
    "comments": {
      "href": "https://api.github.com/repos/jodybot/policy-ops/issues/38/comments"
    },
    "review_comments": {
      "href": "https://api.github.com/repos/jodybot/policy-ops/pulls/38/comments"
    },
    "review_comment": {
      "href": "https://api.github.com/repos/jodybot/policy-ops/pulls/comments{/number}"
    },
    "commits": {
      "href": "https://api.github.com/repos/jodybot/policy-ops/pulls/38/commits"
    },
    "statuses": {
      "href": "https://api.github.com/repos/jodybot/policy-ops/statuses/686412ec7accc3cf4ca72a4d729f7e6a04ae9379"
    }
  },
  "author_association": "OWNER",
  "merged": false,
  "mergeable": null,
  "rebaseable": null,
  "mergeable_state": "unknown",
  "merged_by": null,
  "comments": 0,
  "review_comments": 0,
  "maintainer_can_modify": false,
  "commits": 1,
  "additions": 39,
  "deletions": 0,
  "changed_files": 1
}

requestPRReview(DualAccountCreate,access-request.json) =============
{
  "url": "https://api.github.com/repos/jodybot/policy-ops/pulls/38",
  "id": 376376966,
  "node_id": "MDExOlB1bGxSZXF1ZXN0Mzc2Mzc2OTY2",
  "html_url": "https://github.com/jodybot/policy-ops/pull/38",
  "diff_url": "https://github.com/jodybot/policy-ops/pull/38.diff",
  "patch_url": "https://github.com/jodybot/policy-ops/pull/38.patch",
  "issue_url": "https://api.github.com/repos/jodybot/policy-ops/issues/38",
  "number": 38,
  "state": "open",
  "locked": false,
  "title": "DualAccountCreate project onboarding.",
  "user": {
    "login": "jodybot",
    "id": 61066454,
    "node_id": "MDQ6VXNlcjYxMDY2NDU0",
    "avatar_url": "https://avatars1.githubusercontent.com/u/61066454?v=4",
    "gravatar_id": "",
    "url": "https://api.github.com/users/jodybot",
    "html_url": "https://github.com/jodybot",
    "followers_url": "https://api.github.com/users/jodybot/followers",
    "following_url": "https://api.github.com/users/jodybot/following{/other_user}",
    "gists_url": "https://api.github.com/users/jodybot/gists{/gist_id}",
    "starred_url": "https://api.github.com/users/jodybot/starred{/owner}{/repo}",
    "subscriptions_url": "https://api.github.com/users/jodybot/subscriptions",
    "organizations_url": "https://api.github.com/users/jodybot/orgs",
    "repos_url": "https://api.github.com/users/jodybot/repos",
    "events_url": "https://api.github.com/users/jodybot/events{/privacy}",
    "received_events_url": "https://api.github.com/users/jodybot/received_events",
    "type": "User",
    "site_admin": false
  },
  "body": "access-request.json",
  "created_at": "2020-02-18T01:42:47Z",
  "updated_at": "2020-02-18T01:42:48Z",
  "closed_at": null,
  "merged_at": null,
  "merge_commit_sha": "620a4e131c9ed05ca65865aee4a24701d9d4c8e0",
  "assignee": null,
  "assignees": [],
  "requested_reviewers": [
    {
      "login": "jodyhuntatx",
      "id": 8240697,
      "node_id": "MDQ6VXNlcjgyNDA2OTc=",
      "avatar_url": "https://avatars1.githubusercontent.com/u/8240697?v=4",
      "gravatar_id": "",
      "url": "https://api.github.com/users/jodyhuntatx",
      "html_url": "https://github.com/jodyhuntatx",
      "followers_url": "https://api.github.com/users/jodyhuntatx/followers",
      "following_url": "https://api.github.com/users/jodyhuntatx/following{/other_user}",
      "gists_url": "https://api.github.com/users/jodyhuntatx/gists{/gist_id}",
      "starred_url": "https://api.github.com/users/jodyhuntatx/starred{/owner}{/repo}",
      "subscriptions_url": "https://api.github.com/users/jodyhuntatx/subscriptions",
      "organizations_url": "https://api.github.com/users/jodyhuntatx/orgs",
      "repos_url": "https://api.github.com/users/jodyhuntatx/repos",
      "events_url": "https://api.github.com/users/jodyhuntatx/events{/privacy}",
      "received_events_url": "https://api.github.com/users/jodyhuntatx/received_events",
      "type": "User",
      "site_admin": false
    }
  ],
  "requested_teams": [],
  "labels": [],
  "milestone": null,
  "commits_url": "https://api.github.com/repos/jodybot/policy-ops/pulls/38/commits",
  "review_comments_url": "https://api.github.com/repos/jodybot/policy-ops/pulls/38/comments",
  "review_comment_url": "https://api.github.com/repos/jodybot/policy-ops/pulls/comments{/number}",
  "comments_url": "https://api.github.com/repos/jodybot/policy-ops/issues/38/comments",
  "statuses_url": "https://api.github.com/repos/jodybot/policy-ops/statuses/686412ec7accc3cf4ca72a4d729f7e6a04ae9379",
  "head": {
    "label": "jodybot:DualAccountCreate",
    "ref": "DualAccountCreate",
    "sha": "686412ec7accc3cf4ca72a4d729f7e6a04ae9379",
    "user": {
      "login": "jodybot",
      "id": 61066454,
      "node_id": "MDQ6VXNlcjYxMDY2NDU0",
      "avatar_url": "https://avatars1.githubusercontent.com/u/61066454?v=4",
      "gravatar_id": "",
      "url": "https://api.github.com/users/jodybot",
      "html_url": "https://github.com/jodybot",
      "followers_url": "https://api.github.com/users/jodybot/followers",
      "following_url": "https://api.github.com/users/jodybot/following{/other_user}",
      "gists_url": "https://api.github.com/users/jodybot/gists{/gist_id}",
      "starred_url": "https://api.github.com/users/jodybot/starred{/owner}{/repo}",
      "subscriptions_url": "https://api.github.com/users/jodybot/subscriptions",
      "organizations_url": "https://api.github.com/users/jodybot/orgs",
      "repos_url": "https://api.github.com/users/jodybot/repos",
      "events_url": "https://api.github.com/users/jodybot/events{/privacy}",
      "received_events_url": "https://api.github.com/users/jodybot/received_events",
      "type": "User",
      "site_admin": false
    },
    "repo": {
      "id": 240599847,
      "node_id": "MDEwOlJlcG9zaXRvcnkyNDA1OTk4NDc=",
      "name": "policy-ops",
      "full_name": "jodybot/policy-ops",
      "private": false,
      "owner": {
        "login": "jodybot",
        "id": 61066454,
        "node_id": "MDQ6VXNlcjYxMDY2NDU0",
        "avatar_url": "https://avatars1.githubusercontent.com/u/61066454?v=4",
        "gravatar_id": "",
        "url": "https://api.github.com/users/jodybot",
        "html_url": "https://github.com/jodybot",
        "followers_url": "https://api.github.com/users/jodybot/followers",
        "following_url": "https://api.github.com/users/jodybot/following{/other_user}",
        "gists_url": "https://api.github.com/users/jodybot/gists{/gist_id}",
        "starred_url": "https://api.github.com/users/jodybot/starred{/owner}{/repo}",
        "subscriptions_url": "https://api.github.com/users/jodybot/subscriptions",
        "organizations_url": "https://api.github.com/users/jodybot/orgs",
        "repos_url": "https://api.github.com/users/jodybot/repos",
        "events_url": "https://api.github.com/users/jodybot/events{/privacy}",
        "received_events_url": "https://api.github.com/users/jodybot/received_events",
        "type": "User",
        "site_admin": false
      },
      "html_url": "https://github.com/jodybot/policy-ops",
      "description": "test repo for yaml policy gitops management",
      "fork": false,
      "url": "https://api.github.com/repos/jodybot/policy-ops",
      "forks_url": "https://api.github.com/repos/jodybot/policy-ops/forks",
      "keys_url": "https://api.github.com/repos/jodybot/policy-ops/keys{/key_id}",
      "collaborators_url": "https://api.github.com/repos/jodybot/policy-ops/collaborators{/collaborator}",
      "teams_url": "https://api.github.com/repos/jodybot/policy-ops/teams",
      "hooks_url": "https://api.github.com/repos/jodybot/policy-ops/hooks",
      "issue_events_url": "https://api.github.com/repos/jodybot/policy-ops/issues/events{/number}",
      "events_url": "https://api.github.com/repos/jodybot/policy-ops/events",
      "assignees_url": "https://api.github.com/repos/jodybot/policy-ops/assignees{/user}",
      "branches_url": "https://api.github.com/repos/jodybot/policy-ops/branches{/branch}",
      "tags_url": "https://api.github.com/repos/jodybot/policy-ops/tags",
      "blobs_url": "https://api.github.com/repos/jodybot/policy-ops/git/blobs{/sha}",
      "git_tags_url": "https://api.github.com/repos/jodybot/policy-ops/git/tags{/sha}",
      "git_refs_url": "https://api.github.com/repos/jodybot/policy-ops/git/refs{/sha}",
      "trees_url": "https://api.github.com/repos/jodybot/policy-ops/git/trees{/sha}",
      "statuses_url": "https://api.github.com/repos/jodybot/policy-ops/statuses/{sha}",
      "languages_url": "https://api.github.com/repos/jodybot/policy-ops/languages",
      "stargazers_url": "https://api.github.com/repos/jodybot/policy-ops/stargazers",
      "contributors_url": "https://api.github.com/repos/jodybot/policy-ops/contributors",
      "subscribers_url": "https://api.github.com/repos/jodybot/policy-ops/subscribers",
      "subscription_url": "https://api.github.com/repos/jodybot/policy-ops/subscription",
      "commits_url": "https://api.github.com/repos/jodybot/policy-ops/commits{/sha}",
      "git_commits_url": "https://api.github.com/repos/jodybot/policy-ops/git/commits{/sha}",
      "comments_url": "https://api.github.com/repos/jodybot/policy-ops/comments{/number}",
      "issue_comment_url": "https://api.github.com/repos/jodybot/policy-ops/issues/comments{/number}",
      "contents_url": "https://api.github.com/repos/jodybot/policy-ops/contents/{+path}",
      "compare_url": "https://api.github.com/repos/jodybot/policy-ops/compare/{base}...{head}",
      "merges_url": "https://api.github.com/repos/jodybot/policy-ops/merges",
      "archive_url": "https://api.github.com/repos/jodybot/policy-ops/{archive_format}{/ref}",
      "downloads_url": "https://api.github.com/repos/jodybot/policy-ops/downloads",
      "issues_url": "https://api.github.com/repos/jodybot/policy-ops/issues{/number}",
      "pulls_url": "https://api.github.com/repos/jodybot/policy-ops/pulls{/number}",
      "milestones_url": "https://api.github.com/repos/jodybot/policy-ops/milestones{/number}",
      "notifications_url": "https://api.github.com/repos/jodybot/policy-ops/notifications{?since,all,participating}",
      "labels_url": "https://api.github.com/repos/jodybot/policy-ops/labels{/name}",
      "releases_url": "https://api.github.com/repos/jodybot/policy-ops/releases{/id}",
      "deployments_url": "https://api.github.com/repos/jodybot/policy-ops/deployments",
      "created_at": "2020-02-14T21:15:07Z",
      "updated_at": "2020-02-18T01:19:49Z",
      "pushed_at": "2020-02-18T01:42:47Z",
      "git_url": "git://github.com/jodybot/policy-ops.git",
      "ssh_url": "git@github.com:jodybot/policy-ops.git",
      "clone_url": "https://github.com/jodybot/policy-ops.git",
      "svn_url": "https://github.com/jodybot/policy-ops",
      "homepage": null,
      "size": 29,
      "stargazers_count": 0,
      "watchers_count": 0,
      "language": null,
      "has_issues": true,
      "has_projects": true,
      "has_downloads": true,
      "has_wiki": true,
      "has_pages": false,
      "forks_count": 0,
      "mirror_url": null,
      "archived": false,
      "disabled": false,
      "open_issues_count": 1,
      "license": null,
      "forks": 0,
      "open_issues": 1,
      "watchers": 0,
      "default_branch": "master"
    }
  },
  "base": {
    "label": "jodybot:master",
    "ref": "master",
    "sha": "67ec0b3b8573ae3bd8cc5d32e1435966bb411e4e",
    "user": {
      "login": "jodybot",
      "id": 61066454,
      "node_id": "MDQ6VXNlcjYxMDY2NDU0",
      "avatar_url": "https://avatars1.githubusercontent.com/u/61066454?v=4",
      "gravatar_id": "",
      "url": "https://api.github.com/users/jodybot",
      "html_url": "https://github.com/jodybot",
      "followers_url": "https://api.github.com/users/jodybot/followers",
      "following_url": "https://api.github.com/users/jodybot/following{/other_user}",
      "gists_url": "https://api.github.com/users/jodybot/gists{/gist_id}",
      "starred_url": "https://api.github.com/users/jodybot/starred{/owner}{/repo}",
      "subscriptions_url": "https://api.github.com/users/jodybot/subscriptions",
      "organizations_url": "https://api.github.com/users/jodybot/orgs",
      "repos_url": "https://api.github.com/users/jodybot/repos",
      "events_url": "https://api.github.com/users/jodybot/events{/privacy}",
      "received_events_url": "https://api.github.com/users/jodybot/received_events",
      "type": "User",
      "site_admin": false
    },
    "repo": {
      "id": 240599847,
      "node_id": "MDEwOlJlcG9zaXRvcnkyNDA1OTk4NDc=",
      "name": "policy-ops",
      "full_name": "jodybot/policy-ops",
      "private": false,
      "owner": {
        "login": "jodybot",
        "id": 61066454,
        "node_id": "MDQ6VXNlcjYxMDY2NDU0",
        "avatar_url": "https://avatars1.githubusercontent.com/u/61066454?v=4",
        "gravatar_id": "",
        "url": "https://api.github.com/users/jodybot",
        "html_url": "https://github.com/jodybot",
        "followers_url": "https://api.github.com/users/jodybot/followers",
        "following_url": "https://api.github.com/users/jodybot/following{/other_user}",
        "gists_url": "https://api.github.com/users/jodybot/gists{/gist_id}",
        "starred_url": "https://api.github.com/users/jodybot/starred{/owner}{/repo}",
        "subscriptions_url": "https://api.github.com/users/jodybot/subscriptions",
        "organizations_url": "https://api.github.com/users/jodybot/orgs",
        "repos_url": "https://api.github.com/users/jodybot/repos",
        "events_url": "https://api.github.com/users/jodybot/events{/privacy}",
        "received_events_url": "https://api.github.com/users/jodybot/received_events",
        "type": "User",
        "site_admin": false
      },
      "html_url": "https://github.com/jodybot/policy-ops",
      "description": "test repo for yaml policy gitops management",
      "fork": false,
      "url": "https://api.github.com/repos/jodybot/policy-ops",
      "forks_url": "https://api.github.com/repos/jodybot/policy-ops/forks",
      "keys_url": "https://api.github.com/repos/jodybot/policy-ops/keys{/key_id}",
      "collaborators_url": "https://api.github.com/repos/jodybot/policy-ops/collaborators{/collaborator}",
      "teams_url": "https://api.github.com/repos/jodybot/policy-ops/teams",
      "hooks_url": "https://api.github.com/repos/jodybot/policy-ops/hooks",
      "issue_events_url": "https://api.github.com/repos/jodybot/policy-ops/issues/events{/number}",
      "events_url": "https://api.github.com/repos/jodybot/policy-ops/events",
      "assignees_url": "https://api.github.com/repos/jodybot/policy-ops/assignees{/user}",
      "branches_url": "https://api.github.com/repos/jodybot/policy-ops/branches{/branch}",
      "tags_url": "https://api.github.com/repos/jodybot/policy-ops/tags",
      "blobs_url": "https://api.github.com/repos/jodybot/policy-ops/git/blobs{/sha}",
      "git_tags_url": "https://api.github.com/repos/jodybot/policy-ops/git/tags{/sha}",
      "git_refs_url": "https://api.github.com/repos/jodybot/policy-ops/git/refs{/sha}",
      "trees_url": "https://api.github.com/repos/jodybot/policy-ops/git/trees{/sha}",
      "statuses_url": "https://api.github.com/repos/jodybot/policy-ops/statuses/{sha}",
      "languages_url": "https://api.github.com/repos/jodybot/policy-ops/languages",
      "stargazers_url": "https://api.github.com/repos/jodybot/policy-ops/stargazers",
      "contributors_url": "https://api.github.com/repos/jodybot/policy-ops/contributors",
      "subscribers_url": "https://api.github.com/repos/jodybot/policy-ops/subscribers",
      "subscription_url": "https://api.github.com/repos/jodybot/policy-ops/subscription",
      "commits_url": "https://api.github.com/repos/jodybot/policy-ops/commits{/sha}",
      "git_commits_url": "https://api.github.com/repos/jodybot/policy-ops/git/commits{/sha}",
      "comments_url": "https://api.github.com/repos/jodybot/policy-ops/comments{/number}",
      "issue_comment_url": "https://api.github.com/repos/jodybot/policy-ops/issues/comments{/number}",
      "contents_url": "https://api.github.com/repos/jodybot/policy-ops/contents/{+path}",
      "compare_url": "https://api.github.com/repos/jodybot/policy-ops/compare/{base}...{head}",
      "merges_url": "https://api.github.com/repos/jodybot/policy-ops/merges",
      "archive_url": "https://api.github.com/repos/jodybot/policy-ops/{archive_format}{/ref}",
      "downloads_url": "https://api.github.com/repos/jodybot/policy-ops/downloads",
      "issues_url": "https://api.github.com/repos/jodybot/policy-ops/issues{/number}",
      "pulls_url": "https://api.github.com/repos/jodybot/policy-ops/pulls{/number}",
      "milestones_url": "https://api.github.com/repos/jodybot/policy-ops/milestones{/number}",
      "notifications_url": "https://api.github.com/repos/jodybot/policy-ops/notifications{?since,all,participating}",
      "labels_url": "https://api.github.com/repos/jodybot/policy-ops/labels{/name}",
      "releases_url": "https://api.github.com/repos/jodybot/policy-ops/releases{/id}",
      "deployments_url": "https://api.github.com/repos/jodybot/policy-ops/deployments",
      "created_at": "2020-02-14T21:15:07Z",
      "updated_at": "2020-02-18T01:19:49Z",
      "pushed_at": "2020-02-18T01:42:47Z",
      "git_url": "git://github.com/jodybot/policy-ops.git",
      "ssh_url": "git@github.com:jodybot/policy-ops.git",
      "clone_url": "https://github.com/jodybot/policy-ops.git",
      "svn_url": "https://github.com/jodybot/policy-ops",
      "homepage": null,
      "size": 29,
      "stargazers_count": 0,
      "watchers_count": 0,
      "language": null,
      "has_issues": true,
      "has_projects": true,
      "has_downloads": true,
      "has_wiki": true,
      "has_pages": false,
      "forks_count": 0,
      "mirror_url": null,
      "archived": false,
      "disabled": false,
      "open_issues_count": 1,
      "license": null,
      "forks": 0,
      "open_issues": 1,
      "watchers": 0,
      "default_branch": "master"
    }
  },
  "_links": {
    "self": {
      "href": "https://api.github.com/repos/jodybot/policy-ops/pulls/38"
    },
    "html": {
      "href": "https://github.com/jodybot/policy-ops/pull/38"
    },
    "issue": {
      "href": "https://api.github.com/repos/jodybot/policy-ops/issues/38"
    },
    "comments": {
      "href": "https://api.github.com/repos/jodybot/policy-ops/issues/38/comments"
    },
    "review_comments": {
      "href": "https://api.github.com/repos/jodybot/policy-ops/pulls/38/comments"
    },
    "review_comment": {
      "href": "https://api.github.com/repos/jodybot/policy-ops/pulls/comments{/number}"
    },
    "commits": {
      "href": "https://api.github.com/repos/jodybot/policy-ops/pulls/38/commits"
    },
    "statuses": {
      "href": "https://api.github.com/repos/jodybot/policy-ops/statuses/686412ec7accc3cf4ca72a4d729f7e6a04ae9379"
    }
  },
  "author_association": "OWNER"
}

createPullRequestReview(DualAccountCreate,access-request.json) =============
{
  "id": 360028504,
  "node_id": "MDE3OlB1bGxSZXF1ZXN0UmV2aWV3MzYwMDI4NTA0",
  "user": {
    "login": "jodyhuntatx",
    "id": 8240697,
    "node_id": "MDQ6VXNlcjgyNDA2OTc=",
    "avatar_url": "https://avatars1.githubusercontent.com/u/8240697?v=4",
    "gravatar_id": "",
    "url": "https://api.github.com/users/jodyhuntatx",
    "html_url": "https://github.com/jodyhuntatx",
    "followers_url": "https://api.github.com/users/jodyhuntatx/followers",
    "following_url": "https://api.github.com/users/jodyhuntatx/following{/other_user}",
    "gists_url": "https://api.github.com/users/jodyhuntatx/gists{/gist_id}",
    "starred_url": "https://api.github.com/users/jodyhuntatx/starred{/owner}{/repo}",
    "subscriptions_url": "https://api.github.com/users/jodyhuntatx/subscriptions",
    "organizations_url": "https://api.github.com/users/jodyhuntatx/orgs",
    "repos_url": "https://api.github.com/users/jodyhuntatx/repos",
    "events_url": "https://api.github.com/users/jodyhuntatx/events{/privacy}",
    "received_events_url": "https://api.github.com/users/jodyhuntatx/received_events",
    "type": "User",
    "site_admin": false
  },
  "body": "jodyhuntatx",
  "state": "APPROVED",
  "html_url": "https://github.com/jodybot/policy-ops/pull/38#pullrequestreview-360028504",
  "pull_request_url": "https://api.github.com/repos/jodybot/policy-ops/pulls/38",
  "author_association": "COLLABORATOR",
  "_links": {
    "html": {
      "href": "https://github.com/jodybot/policy-ops/pull/38#pullrequestreview-360028504"
    },
    "pull_request": {
      "href": "https://api.github.com/repos/jodybot/policy-ops/pulls/38"
    }
  },
  "submitted_at": "2020-02-18T01:44:08Z",
  "commit_id": "686412ec7accc3cf4ca72a4d729f7e6a04ae9379"
}

mergePullRequest(master,DualAccountCreate,access-request.json) =============
Merge successful.

mergePullRequest(master,DualAccountCreate,access-request.json) =============
Merge successful.

createPullRequestReview(DualAccountCreate,access-request.json) =============
{
  "message": "Not Found",
  "documentation_url": "https://developer.github.com/v3"
}
