
createBranch(master,EvanProject) =============
{
  "ref": "refs/heads/EvanProject",
  "node_id": "MDM6UmVmMjQwNTk5ODQ3OkV2YW5Qcm9qZWN0",
  "url": "https://api.github.com/repos/jodybot/policy-ops/git/refs/heads/EvanProject",
  "object": {
    "sha": "42ef5dc2c54cafe436205f30d6487d54e0e668f4",
    "type": "commit",
    "url": "https://api.github.com/repos/jodybot/policy-ops/git/commits/42ef5dc2c54cafe436205f30d6487d54e0e668f4"
  }
}
{
  "url": "https://api.github.com/repos/jodybot/policy-ops/branches/EvanProject/protection",
  "required_pull_request_reviews": {
    "url": "https://api.github.com/repos/jodybot/policy-ops/branches/EvanProject/protection/required_pull_request_reviews",
    "dismiss_stale_reviews": false,
    "require_code_owner_reviews": false,
    "required_approving_review_count": 1
  },
  "enforce_admins": {
    "url": "https://api.github.com/repos/jodybot/policy-ops/branches/EvanProject/protection/enforce_admins",
    "enabled": false
  },
  "required_linear_history": {
    "enabled": false
  },
  "allow_force_pushes": {
    "enabled": false
  },
  "allow_deletions": {
    "enabled": true
  }
}

commitFile(EvanProject,2020/02/19/EvanProject/access-request.json) =============
{
  "content": {
    "name": "access-request.json",
    "path": "2020/02/19/EvanProject/access-request.json",
    "sha": "5b4e2d772e628ddb3f7c46c591f0346f4dc027ca",
    "size": 781,
    "url": "https://api.github.com/repos/jodybot/policy-ops/contents/2020/02/19/EvanProject/access-request.json?ref=EvanProject",
    "html_url": "https://github.com/jodybot/policy-ops/blob/EvanProject/2020/02/19/EvanProject/access-request.json",
    "git_url": "https://api.github.com/repos/jodybot/policy-ops/git/blobs/5b4e2d772e628ddb3f7c46c591f0346f4dc027ca",
    "download_url": "https://raw.githubusercontent.com/jodybot/policy-ops/EvanProject/2020/02/19/EvanProject/access-request.json",
    "type": "file",
    "_links": {
      "self": "https://api.github.com/repos/jodybot/policy-ops/contents/2020/02/19/EvanProject/access-request.json?ref=EvanProject",
      "git": "https://api.github.com/repos/jodybot/policy-ops/git/blobs/5b4e2d772e628ddb3f7c46c591f0346f4dc027ca",
      "html": "https://github.com/jodybot/policy-ops/blob/EvanProject/2020/02/19/EvanProject/access-request.json"
    }
  },
  "commit": {
    "sha": "c1fa673ce8e2aa61c21cbcca6fe7267e1b3cd20c",
    "node_id": "MDY6Q29tbWl0MjQwNTk5ODQ3OmMxZmE2NzNjZThlMmFhNjFjMjFjYmNjYTZmZTcyNjdlMWIzY2QyMGM=",
    "url": "https://api.github.com/repos/jodybot/policy-ops/git/commits/c1fa673ce8e2aa61c21cbcca6fe7267e1b3cd20c",
    "html_url": "https://github.com/jodybot/policy-ops/commit/c1fa673ce8e2aa61c21cbcca6fe7267e1b3cd20c",
    "author": {
      "name": "jodybot",
      "email": "61066454+jodybot@users.noreply.github.com",
      "date": "2020-02-19T14:54:24Z"
    },
    "committer": {
      "name": "jodybot",
      "email": "61066454+jodybot@users.noreply.github.com",
      "date": "2020-02-19T14:54:24Z"
    },
    "tree": {
      "sha": "2334facf00a70882d03061604ad98137e86ed0dd",
      "url": "https://api.github.com/repos/jodybot/policy-ops/git/trees/2334facf00a70882d03061604ad98137e86ed0dd"
    },
    "message": "EvanProject, access-request.json, 2020-02-19/08:54:23",
    "parents": [
      {
        "sha": "42ef5dc2c54cafe436205f30d6487d54e0e668f4",
        "url": "https://api.github.com/repos/jodybot/policy-ops/git/commits/42ef5dc2c54cafe436205f30d6487d54e0e668f4",
        "html_url": "https://github.com/jodybot/policy-ops/commit/42ef5dc2c54cafe436205f30d6487d54e0e668f4"
      }
    ],
    "verification": {
      "verified": false,
      "reason": "unsigned",
      "signature": null,
      "payload": null
    }
  }
}

createPullRequest(EvanProject,access-request.json) =============
{
  "url": "https://api.github.com/repos/jodybot/policy-ops/pulls/42",
  "id": 377215899,
  "node_id": "MDExOlB1bGxSZXF1ZXN0Mzc3MjE1ODk5",
  "html_url": "https://github.com/jodybot/policy-ops/pull/42",
  "diff_url": "https://github.com/jodybot/policy-ops/pull/42.diff",
  "patch_url": "https://github.com/jodybot/policy-ops/pull/42.patch",
  "issue_url": "https://api.github.com/repos/jodybot/policy-ops/issues/42",
  "number": 42,
  "state": "open",
  "locked": false,
  "title": "EvanProject project onboarding.",
  "user": {
    "login": "jodybot",
    "id": 61066454,
    "node_id": "MDQ6VXNlcjYxMDY2NDU0",
    "avatar_url": "https://avatars1.githubusercontent.com/u/61066454?v=4",
    "gravatar_id": "",
    "url": "https://api.github.com/users/jodybot",
    "html_url": "https://github.com/jodybot",
    "followers_url": "https://api.github.com/users/jodybot/followers",
    "following_url": "https://api.github.com/users/jodybot/following{/other_user}",
    "gists_url": "https://api.github.com/users/jodybot/gists{/gist_id}",
    "starred_url": "https://api.github.com/users/jodybot/starred{/owner}{/repo}",
    "subscriptions_url": "https://api.github.com/users/jodybot/subscriptions",
    "organizations_url": "https://api.github.com/users/jodybot/orgs",
    "repos_url": "https://api.github.com/users/jodybot/repos",
    "events_url": "https://api.github.com/users/jodybot/events{/privacy}",
    "received_events_url": "https://api.github.com/users/jodybot/received_events",
    "type": "User",
    "site_admin": false
  },
  "body": "access-request.json",
  "created_at": "2020-02-19T14:54:26Z",
  "updated_at": "2020-02-19T14:54:26Z",
  "closed_at": null,
  "merged_at": null,
  "merge_commit_sha": null,
  "assignee": null,
  "assignees": [],
  "requested_reviewers": [],
  "requested_teams": [],
  "labels": [],
  "milestone": null,
  "commits_url": "https://api.github.com/repos/jodybot/policy-ops/pulls/42/commits",
  "review_comments_url": "https://api.github.com/repos/jodybot/policy-ops/pulls/42/comments",
  "review_comment_url": "https://api.github.com/repos/jodybot/policy-ops/pulls/comments{/number}",
  "comments_url": "https://api.github.com/repos/jodybot/policy-ops/issues/42/comments",
  "statuses_url": "https://api.github.com/repos/jodybot/policy-ops/statuses/c1fa673ce8e2aa61c21cbcca6fe7267e1b3cd20c",
  "head": {
    "label": "jodybot:EvanProject",
    "ref": "EvanProject",
    "sha": "c1fa673ce8e2aa61c21cbcca6fe7267e1b3cd20c",
    "user": {
      "login": "jodybot",
      "id": 61066454,
      "node_id": "MDQ6VXNlcjYxMDY2NDU0",
      "avatar_url": "https://avatars1.githubusercontent.com/u/61066454?v=4",
      "gravatar_id": "",
      "url": "https://api.github.com/users/jodybot",
      "html_url": "https://github.com/jodybot",
      "followers_url": "https://api.github.com/users/jodybot/followers",
      "following_url": "https://api.github.com/users/jodybot/following{/other_user}",
      "gists_url": "https://api.github.com/users/jodybot/gists{/gist_id}",
      "starred_url": "https://api.github.com/users/jodybot/starred{/owner}{/repo}",
      "subscriptions_url": "https://api.github.com/users/jodybot/subscriptions",
      "organizations_url": "https://api.github.com/users/jodybot/orgs",
      "repos_url": "https://api.github.com/users/jodybot/repos",
      "events_url": "https://api.github.com/users/jodybot/events{/privacy}",
      "received_events_url": "https://api.github.com/users/jodybot/received_events",
      "type": "User",
      "site_admin": false
    },
    "repo": {
      "id": 240599847,
      "node_id": "MDEwOlJlcG9zaXRvcnkyNDA1OTk4NDc=",
      "name": "policy-ops",
      "full_name": "jodybot/policy-ops",
      "private": false,
      "owner": {
        "login": "jodybot",
        "id": 61066454,
        "node_id": "MDQ6VXNlcjYxMDY2NDU0",
        "avatar_url": "https://avatars1.githubusercontent.com/u/61066454?v=4",
        "gravatar_id": "",
        "url": "https://api.github.com/users/jodybot",
        "html_url": "https://github.com/jodybot",
        "followers_url": "https://api.github.com/users/jodybot/followers",
        "following_url": "https://api.github.com/users/jodybot/following{/other_user}",
        "gists_url": "https://api.github.com/users/jodybot/gists{/gist_id}",
        "starred_url": "https://api.github.com/users/jodybot/starred{/owner}{/repo}",
        "subscriptions_url": "https://api.github.com/users/jodybot/subscriptions",
        "organizations_url": "https://api.github.com/users/jodybot/orgs",
        "repos_url": "https://api.github.com/users/jodybot/repos",
        "events_url": "https://api.github.com/users/jodybot/events{/privacy}",
        "received_events_url": "https://api.github.com/users/jodybot/received_events",
        "type": "User",
        "site_admin": false
      },
      "html_url": "https://github.com/jodybot/policy-ops",
      "description": "test repo for yaml policy gitops management",
      "fork": false,
      "url": "https://api.github.com/repos/jodybot/policy-ops",
      "forks_url": "https://api.github.com/repos/jodybot/policy-ops/forks",
      "keys_url": "https://api.github.com/repos/jodybot/policy-ops/keys{/key_id}",
      "collaborators_url": "https://api.github.com/repos/jodybot/policy-ops/collaborators{/collaborator}",
      "teams_url": "https://api.github.com/repos/jodybot/policy-ops/teams",
      "hooks_url": "https://api.github.com/repos/jodybot/policy-ops/hooks",
      "issue_events_url": "https://api.github.com/repos/jodybot/policy-ops/issues/events{/number}",
      "events_url": "https://api.github.com/repos/jodybot/policy-ops/events",
      "assignees_url": "https://api.github.com/repos/jodybot/policy-ops/assignees{/user}",
      "branches_url": "https://api.github.com/repos/jodybot/policy-ops/branches{/branch}",
      "tags_url": "https://api.github.com/repos/jodybot/policy-ops/tags",
      "blobs_url": "https://api.github.com/repos/jodybot/policy-ops/git/blobs{/sha}",
      "git_tags_url": "https://api.github.com/repos/jodybot/policy-ops/git/tags{/sha}",
      "git_refs_url": "https://api.github.com/repos/jodybot/policy-ops/git/refs{/sha}",
      "trees_url": "https://api.github.com/repos/jodybot/policy-ops/git/trees{/sha}",
      "statuses_url": "https://api.github.com/repos/jodybot/policy-ops/statuses/{sha}",
      "languages_url": "https://api.github.com/repos/jodybot/policy-ops/languages",
      "stargazers_url": "https://api.github.com/repos/jodybot/policy-ops/stargazers",
      "contributors_url": "https://api.github.com/repos/jodybot/policy-ops/contributors",
      "subscribers_url": "https://api.github.com/repos/jodybot/policy-ops/subscribers",
      "subscription_url": "https://api.github.com/repos/jodybot/policy-ops/subscription",
      "commits_url": "https://api.github.com/repos/jodybot/policy-ops/commits{/sha}",
      "git_commits_url": "https://api.github.com/repos/jodybot/policy-ops/git/commits{/sha}",
      "comments_url": "https://api.github.com/repos/jodybot/policy-ops/comments{/number}",
      "issue_comment_url": "https://api.github.com/repos/jodybot/policy-ops/issues/comments{/number}",
      "contents_url": "https://api.github.com/repos/jodybot/policy-ops/contents/{+path}",
      "compare_url": "https://api.github.com/repos/jodybot/policy-ops/compare/{base}...{head}",
      "merges_url": "https://api.github.com/repos/jodybot/policy-ops/merges",
      "archive_url": "https://api.github.com/repos/jodybot/policy-ops/{archive_format}{/ref}",
      "downloads_url": "https://api.github.com/repos/jodybot/policy-ops/downloads",
      "issues_url": "https://api.github.com/repos/jodybot/policy-ops/issues{/number}",
      "pulls_url": "https://api.github.com/repos/jodybot/policy-ops/pulls{/number}",
      "milestones_url": "https://api.github.com/repos/jodybot/policy-ops/milestones{/number}",
      "notifications_url": "https://api.github.com/repos/jodybot/policy-ops/notifications{?since,all,participating}",
      "labels_url": "https://api.github.com/repos/jodybot/policy-ops/labels{/name}",
      "releases_url": "https://api.github.com/repos/jodybot/policy-ops/releases{/id}",
      "deployments_url": "https://api.github.com/repos/jodybot/policy-ops/deployments",
      "created_at": "2020-02-14T21:15:07Z",
      "updated_at": "2020-02-18T18:53:40Z",
      "pushed_at": "2020-02-19T14:54:25Z",
      "git_url": "git://github.com/jodybot/policy-ops.git",
      "ssh_url": "git@github.com:jodybot/policy-ops.git",
      "clone_url": "https://github.com/jodybot/policy-ops.git",
      "svn_url": "https://github.com/jodybot/policy-ops",
      "homepage": null,
      "size": 37,
      "stargazers_count": 0,
      "watchers_count": 0,
      "language": null,
      "has_issues": true,
      "has_projects": true,
      "has_downloads": true,
      "has_wiki": true,
      "has_pages": false,
      "forks_count": 0,
      "mirror_url": null,
      "archived": false,
      "disabled": false,
      "open_issues_count": 1,
      "license": null,
      "forks": 0,
      "open_issues": 1,
      "watchers": 0,
      "default_branch": "master"
    }
  },
  "base": {
    "label": "jodybot:master",
    "ref": "master",
    "sha": "42ef5dc2c54cafe436205f30d6487d54e0e668f4",
    "user": {
      "login": "jodybot",
      "id": 61066454,
      "node_id": "MDQ6VXNlcjYxMDY2NDU0",
      "avatar_url": "https://avatars1.githubusercontent.com/u/61066454?v=4",
      "gravatar_id": "",
      "url": "https://api.github.com/users/jodybot",
      "html_url": "https://github.com/jodybot",
      "followers_url": "https://api.github.com/users/jodybot/followers",
      "following_url": "https://api.github.com/users/jodybot/following{/other_user}",
      "gists_url": "https://api.github.com/users/jodybot/gists{/gist_id}",
      "starred_url": "https://api.github.com/users/jodybot/starred{/owner}{/repo}",
      "subscriptions_url": "https://api.github.com/users/jodybot/subscriptions",
      "organizations_url": "https://api.github.com/users/jodybot/orgs",
      "repos_url": "https://api.github.com/users/jodybot/repos",
      "events_url": "https://api.github.com/users/jodybot/events{/privacy}",
      "received_events_url": "https://api.github.com/users/jodybot/received_events",
      "type": "User",
      "site_admin": false
    },
    "repo": {
      "id": 240599847,
      "node_id": "MDEwOlJlcG9zaXRvcnkyNDA1OTk4NDc=",
      "name": "policy-ops",
      "full_name": "jodybot/policy-ops",
      "private": false,
      "owner": {
        "login": "jodybot",
        "id": 61066454,
        "node_id": "MDQ6VXNlcjYxMDY2NDU0",
        "avatar_url": "https://avatars1.githubusercontent.com/u/61066454?v=4",
        "gravatar_id": "",
        "url": "https://api.github.com/users/jodybot",
        "html_url": "https://github.com/jodybot",
        "followers_url": "https://api.github.com/users/jodybot/followers",
        "following_url": "https://api.github.com/users/jodybot/following{/other_user}",
        "gists_url": "https://api.github.com/users/jodybot/gists{/gist_id}",
        "starred_url": "https://api.github.com/users/jodybot/starred{/owner}{/repo}",
        "subscriptions_url": "https://api.github.com/users/jodybot/subscriptions",
        "organizations_url": "https://api.github.com/users/jodybot/orgs",
        "repos_url": "https://api.github.com/users/jodybot/repos",
        "events_url": "https://api.github.com/users/jodybot/events{/privacy}",
        "received_events_url": "https://api.github.com/users/jodybot/received_events",
        "type": "User",
        "site_admin": false
      },
      "html_url": "https://github.com/jodybot/policy-ops",
      "description": "test repo for yaml policy gitops management",
      "fork": false,
      "url": "https://api.github.com/repos/jodybot/policy-ops",
      "forks_url": "https://api.github.com/repos/jodybot/policy-ops/forks",
      "keys_url": "https://api.github.com/repos/jodybot/policy-ops/keys{/key_id}",
      "collaborators_url": "https://api.github.com/repos/jodybot/policy-ops/collaborators{/collaborator}",
      "teams_url": "https://api.github.com/repos/jodybot/policy-ops/teams",
      "hooks_url": "https://api.github.com/repos/jodybot/policy-ops/hooks",
      "issue_events_url": "https://api.github.com/repos/jodybot/policy-ops/issues/events{/number}",
      "events_url": "https://api.github.com/repos/jodybot/policy-ops/events",
      "assignees_url": "https://api.github.com/repos/jodybot/policy-ops/assignees{/user}",
      "branches_url": "https://api.github.com/repos/jodybot/policy-ops/branches{/branch}",
      "tags_url": "https://api.github.com/repos/jodybot/policy-ops/tags",
      "blobs_url": "https://api.github.com/repos/jodybot/policy-ops/git/blobs{/sha}",
      "git_tags_url": "https://api.github.com/repos/jodybot/policy-ops/git/tags{/sha}",
      "git_refs_url": "https://api.github.com/repos/jodybot/policy-ops/git/refs{/sha}",
      "trees_url": "https://api.github.com/repos/jodybot/policy-ops/git/trees{/sha}",
      "statuses_url": "https://api.github.com/repos/jodybot/policy-ops/statuses/{sha}",
      "languages_url": "https://api.github.com/repos/jodybot/policy-ops/languages",
      "stargazers_url": "https://api.github.com/repos/jodybot/policy-ops/stargazers",
      "contributors_url": "https://api.github.com/repos/jodybot/policy-ops/contributors",
      "subscribers_url": "https://api.github.com/repos/jodybot/policy-ops/subscribers",
      "subscription_url": "https://api.github.com/repos/jodybot/policy-ops/subscription",
      "commits_url": "https://api.github.com/repos/jodybot/policy-ops/commits{/sha}",
      "git_commits_url": "https://api.github.com/repos/jodybot/policy-ops/git/commits{/sha}",
      "comments_url": "https://api.github.com/repos/jodybot/policy-ops/comments{/number}",
      "issue_comment_url": "https://api.github.com/repos/jodybot/policy-ops/issues/comments{/number}",
      "contents_url": "https://api.github.com/repos/jodybot/policy-ops/contents/{+path}",
      "compare_url": "https://api.github.com/repos/jodybot/policy-ops/compare/{base}...{head}",
      "merges_url": "https://api.github.com/repos/jodybot/policy-ops/merges",
      "archive_url": "https://api.github.com/repos/jodybot/policy-ops/{archive_format}{/ref}",
      "downloads_url": "https://api.github.com/repos/jodybot/policy-ops/downloads",
      "issues_url": "https://api.github.com/repos/jodybot/policy-ops/issues{/number}",
      "pulls_url": "https://api.github.com/repos/jodybot/policy-ops/pulls{/number}",
      "milestones_url": "https://api.github.com/repos/jodybot/policy-ops/milestones{/number}",
      "notifications_url": "https://api.github.com/repos/jodybot/policy-ops/notifications{?since,all,participating}",
      "labels_url": "https://api.github.com/repos/jodybot/policy-ops/labels{/name}",
      "releases_url": "https://api.github.com/repos/jodybot/policy-ops/releases{/id}",
      "deployments_url": "https://api.github.com/repos/jodybot/policy-ops/deployments",
      "created_at": "2020-02-14T21:15:07Z",
      "updated_at": "2020-02-18T18:53:40Z",
      "pushed_at": "2020-02-19T14:54:25Z",
      "git_url": "git://github.com/jodybot/policy-ops.git",
      "ssh_url": "git@github.com:jodybot/policy-ops.git",
      "clone_url": "https://github.com/jodybot/policy-ops.git",
      "svn_url": "https://github.com/jodybot/policy-ops",
      "homepage": null,
      "size": 37,
      "stargazers_count": 0,
      "watchers_count": 0,
      "language": null,
      "has_issues": true,
      "has_projects": true,
      "has_downloads": true,
      "has_wiki": true,
      "has_pages": false,
      "forks_count": 0,
      "mirror_url": null,
      "archived": false,
      "disabled": false,
      "open_issues_count": 1,
      "license": null,
      "forks": 0,
      "open_issues": 1,
      "watchers": 0,
      "default_branch": "master"
    }
  },
  "_links": {
    "self": {
      "href": "https://api.github.com/repos/jodybot/policy-ops/pulls/42"
    },
    "html": {
      "href": "https://github.com/jodybot/policy-ops/pull/42"
    },
    "issue": {
      "href": "https://api.github.com/repos/jodybot/policy-ops/issues/42"
    },
    "comments": {
      "href": "https://api.github.com/repos/jodybot/policy-ops/issues/42/comments"
    },
    "review_comments": {
      "href": "https://api.github.com/repos/jodybot/policy-ops/pulls/42/comments"
    },
    "review_comment": {
      "href": "https://api.github.com/repos/jodybot/policy-ops/pulls/comments{/number}"
    },
    "commits": {
      "href": "https://api.github.com/repos/jodybot/policy-ops/pulls/42/commits"
    },
    "statuses": {
      "href": "https://api.github.com/repos/jodybot/policy-ops/statuses/c1fa673ce8e2aa61c21cbcca6fe7267e1b3cd20c"
    }
  },
  "author_association": "OWNER",
  "merged": false,
  "mergeable": null,
  "rebaseable": null,
  "mergeable_state": "unknown",
  "merged_by": null,
  "comments": 0,
  "review_comments": 0,
  "maintainer_can_modify": false,
  "commits": 1,
  "additions": 36,
  "deletions": 0,
  "changed_files": 1
}

requestPRReview(EvanProject,access-request.json) =============
{
  "url": "https://api.github.com/repos/jodybot/policy-ops/pulls/42",
  "id": 377215899,
  "node_id": "MDExOlB1bGxSZXF1ZXN0Mzc3MjE1ODk5",
  "html_url": "https://github.com/jodybot/policy-ops/pull/42",
  "diff_url": "https://github.com/jodybot/policy-ops/pull/42.diff",
  "patch_url": "https://github.com/jodybot/policy-ops/pull/42.patch",
  "issue_url": "https://api.github.com/repos/jodybot/policy-ops/issues/42",
  "number": 42,
  "state": "open",
  "locked": false,
  "title": "EvanProject project onboarding.",
  "user": {
    "login": "jodybot",
    "id": 61066454,
    "node_id": "MDQ6VXNlcjYxMDY2NDU0",
    "avatar_url": "https://avatars1.githubusercontent.com/u/61066454?v=4",
    "gravatar_id": "",
    "url": "https://api.github.com/users/jodybot",
    "html_url": "https://github.com/jodybot",
    "followers_url": "https://api.github.com/users/jodybot/followers",
    "following_url": "https://api.github.com/users/jodybot/following{/other_user}",
    "gists_url": "https://api.github.com/users/jodybot/gists{/gist_id}",
    "starred_url": "https://api.github.com/users/jodybot/starred{/owner}{/repo}",
    "subscriptions_url": "https://api.github.com/users/jodybot/subscriptions",
    "organizations_url": "https://api.github.com/users/jodybot/orgs",
    "repos_url": "https://api.github.com/users/jodybot/repos",
    "events_url": "https://api.github.com/users/jodybot/events{/privacy}",
    "received_events_url": "https://api.github.com/users/jodybot/received_events",
    "type": "User",
    "site_admin": false
  },
  "body": "access-request.json",
  "created_at": "2020-02-19T14:54:26Z",
  "updated_at": "2020-02-19T14:54:32Z",
  "closed_at": null,
  "merged_at": null,
  "merge_commit_sha": "4bb57ab53ca31785f743f94651c0f0883bfe8024",
  "assignee": null,
  "assignees": [],
  "requested_reviewers": [
    {
      "login": "jodyhuntatx",
      "id": 8240697,
      "node_id": "MDQ6VXNlcjgyNDA2OTc=",
      "avatar_url": "https://avatars1.githubusercontent.com/u/8240697?v=4",
      "gravatar_id": "",
      "url": "https://api.github.com/users/jodyhuntatx",
      "html_url": "https://github.com/jodyhuntatx",
      "followers_url": "https://api.github.com/users/jodyhuntatx/followers",
      "following_url": "https://api.github.com/users/jodyhuntatx/following{/other_user}",
      "gists_url": "https://api.github.com/users/jodyhuntatx/gists{/gist_id}",
      "starred_url": "https://api.github.com/users/jodyhuntatx/starred{/owner}{/repo}",
      "subscriptions_url": "https://api.github.com/users/jodyhuntatx/subscriptions",
      "organizations_url": "https://api.github.com/users/jodyhuntatx/orgs",
      "repos_url": "https://api.github.com/users/jodyhuntatx/repos",
      "events_url": "https://api.github.com/users/jodyhuntatx/events{/privacy}",
      "received_events_url": "https://api.github.com/users/jodyhuntatx/received_events",
      "type": "User",
      "site_admin": false
    }
  ],
  "requested_teams": [],
  "labels": [],
  "milestone": null,
  "commits_url": "https://api.github.com/repos/jodybot/policy-ops/pulls/42/commits",
  "review_comments_url": "https://api.github.com/repos/jodybot/policy-ops/pulls/42/comments",
  "review_comment_url": "https://api.github.com/repos/jodybot/policy-ops/pulls/comments{/number}",
  "comments_url": "https://api.github.com/repos/jodybot/policy-ops/issues/42/comments",
  "statuses_url": "https://api.github.com/repos/jodybot/policy-ops/statuses/c1fa673ce8e2aa61c21cbcca6fe7267e1b3cd20c",
  "head": {
    "label": "jodybot:EvanProject",
    "ref": "EvanProject",
    "sha": "c1fa673ce8e2aa61c21cbcca6fe7267e1b3cd20c",
    "user": {
      "login": "jodybot",
      "id": 61066454,
      "node_id": "MDQ6VXNlcjYxMDY2NDU0",
      "avatar_url": "https://avatars1.githubusercontent.com/u/61066454?v=4",
      "gravatar_id": "",
      "url": "https://api.github.com/users/jodybot",
      "html_url": "https://github.com/jodybot",
      "followers_url": "https://api.github.com/users/jodybot/followers",
      "following_url": "https://api.github.com/users/jodybot/following{/other_user}",
      "gists_url": "https://api.github.com/users/jodybot/gists{/gist_id}",
      "starred_url": "https://api.github.com/users/jodybot/starred{/owner}{/repo}",
      "subscriptions_url": "https://api.github.com/users/jodybot/subscriptions",
      "organizations_url": "https://api.github.com/users/jodybot/orgs",
      "repos_url": "https://api.github.com/users/jodybot/repos",
      "events_url": "https://api.github.com/users/jodybot/events{/privacy}",
      "received_events_url": "https://api.github.com/users/jodybot/received_events",
      "type": "User",
      "site_admin": false
    },
    "repo": {
      "id": 240599847,
      "node_id": "MDEwOlJlcG9zaXRvcnkyNDA1OTk4NDc=",
      "name": "policy-ops",
      "full_name": "jodybot/policy-ops",
      "private": false,
      "owner": {
        "login": "jodybot",
        "id": 61066454,
        "node_id": "MDQ6VXNlcjYxMDY2NDU0",
        "avatar_url": "https://avatars1.githubusercontent.com/u/61066454?v=4",
        "gravatar_id": "",
        "url": "https://api.github.com/users/jodybot",
        "html_url": "https://github.com/jodybot",
        "followers_url": "https://api.github.com/users/jodybot/followers",
        "following_url": "https://api.github.com/users/jodybot/following{/other_user}",
        "gists_url": "https://api.github.com/users/jodybot/gists{/gist_id}",
        "starred_url": "https://api.github.com/users/jodybot/starred{/owner}{/repo}",
        "subscriptions_url": "https://api.github.com/users/jodybot/subscriptions",
        "organizations_url": "https://api.github.com/users/jodybot/orgs",
        "repos_url": "https://api.github.com/users/jodybot/repos",
        "events_url": "https://api.github.com/users/jodybot/events{/privacy}",
        "received_events_url": "https://api.github.com/users/jodybot/received_events",
        "type": "User",
        "site_admin": false
      },
      "html_url": "https://github.com/jodybot/policy-ops",
      "description": "test repo for yaml policy gitops management",
      "fork": false,
      "url": "https://api.github.com/repos/jodybot/policy-ops",
      "forks_url": "https://api.github.com/repos/jodybot/policy-ops/forks",
      "keys_url": "https://api.github.com/repos/jodybot/policy-ops/keys{/key_id}",
      "collaborators_url": "https://api.github.com/repos/jodybot/policy-ops/collaborators{/collaborator}",
      "teams_url": "https://api.github.com/repos/jodybot/policy-ops/teams",
      "hooks_url": "https://api.github.com/repos/jodybot/policy-ops/hooks",
      "issue_events_url": "https://api.github.com/repos/jodybot/policy-ops/issues/events{/number}",
      "events_url": "https://api.github.com/repos/jodybot/policy-ops/events",
      "assignees_url": "https://api.github.com/repos/jodybot/policy-ops/assignees{/user}",
      "branches_url": "https://api.github.com/repos/jodybot/policy-ops/branches{/branch}",
      "tags_url": "https://api.github.com/repos/jodybot/policy-ops/tags",
      "blobs_url": "https://api.github.com/repos/jodybot/policy-ops/git/blobs{/sha}",
      "git_tags_url": "https://api.github.com/repos/jodybot/policy-ops/git/tags{/sha}",
      "git_refs_url": "https://api.github.com/repos/jodybot/policy-ops/git/refs{/sha}",
      "trees_url": "https://api.github.com/repos/jodybot/policy-ops/git/trees{/sha}",
      "statuses_url": "https://api.github.com/repos/jodybot/policy-ops/statuses/{sha}",
      "languages_url": "https://api.github.com/repos/jodybot/policy-ops/languages",
      "stargazers_url": "https://api.github.com/repos/jodybot/policy-ops/stargazers",
      "contributors_url": "https://api.github.com/repos/jodybot/policy-ops/contributors",
      "subscribers_url": "https://api.github.com/repos/jodybot/policy-ops/subscribers",
      "subscription_url": "https://api.github.com/repos/jodybot/policy-ops/subscription",
      "commits_url": "https://api.github.com/repos/jodybot/policy-ops/commits{/sha}",
      "git_commits_url": "https://api.github.com/repos/jodybot/policy-ops/git/commits{/sha}",
      "comments_url": "https://api.github.com/repos/jodybot/policy-ops/comments{/number}",
      "issue_comment_url": "https://api.github.com/repos/jodybot/policy-ops/issues/comments{/number}",
      "contents_url": "https://api.github.com/repos/jodybot/policy-ops/contents/{+path}",
      "compare_url": "https://api.github.com/repos/jodybot/policy-ops/compare/{base}...{head}",
      "merges_url": "https://api.github.com/repos/jodybot/policy-ops/merges",
      "archive_url": "https://api.github.com/repos/jodybot/policy-ops/{archive_format}{/ref}",
      "downloads_url": "https://api.github.com/repos/jodybot/policy-ops/downloads",
      "issues_url": "https://api.github.com/repos/jodybot/policy-ops/issues{/number}",
      "pulls_url": "https://api.github.com/repos/jodybot/policy-ops/pulls{/number}",
      "milestones_url": "https://api.github.com/repos/jodybot/policy-ops/milestones{/number}",
      "notifications_url": "https://api.github.com/repos/jodybot/policy-ops/notifications{?since,all,participating}",
      "labels_url": "https://api.github.com/repos/jodybot/policy-ops/labels{/name}",
      "releases_url": "https://api.github.com/repos/jodybot/policy-ops/releases{/id}",
      "deployments_url": "https://api.github.com/repos/jodybot/policy-ops/deployments",
      "created_at": "2020-02-14T21:15:07Z",
      "updated_at": "2020-02-18T18:53:40Z",
      "pushed_at": "2020-02-19T14:54:29Z",
      "git_url": "git://github.com/jodybot/policy-ops.git",
      "ssh_url": "git@github.com:jodybot/policy-ops.git",
      "clone_url": "https://github.com/jodybot/policy-ops.git",
      "svn_url": "https://github.com/jodybot/policy-ops",
      "homepage": null,
      "size": 37,
      "stargazers_count": 0,
      "watchers_count": 0,
      "language": null,
      "has_issues": true,
      "has_projects": true,
      "has_downloads": true,
      "has_wiki": true,
      "has_pages": false,
      "forks_count": 0,
      "mirror_url": null,
      "archived": false,
      "disabled": false,
      "open_issues_count": 1,
      "license": null,
      "forks": 0,
      "open_issues": 1,
      "watchers": 0,
      "default_branch": "master"
    }
  },
  "base": {
    "label": "jodybot:master",
    "ref": "master",
    "sha": "42ef5dc2c54cafe436205f30d6487d54e0e668f4",
    "user": {
      "login": "jodybot",
      "id": 61066454,
      "node_id": "MDQ6VXNlcjYxMDY2NDU0",
      "avatar_url": "https://avatars1.githubusercontent.com/u/61066454?v=4",
      "gravatar_id": "",
      "url": "https://api.github.com/users/jodybot",
      "html_url": "https://github.com/jodybot",
      "followers_url": "https://api.github.com/users/jodybot/followers",
      "following_url": "https://api.github.com/users/jodybot/following{/other_user}",
      "gists_url": "https://api.github.com/users/jodybot/gists{/gist_id}",
      "starred_url": "https://api.github.com/users/jodybot/starred{/owner}{/repo}",
      "subscriptions_url": "https://api.github.com/users/jodybot/subscriptions",
      "organizations_url": "https://api.github.com/users/jodybot/orgs",
      "repos_url": "https://api.github.com/users/jodybot/repos",
      "events_url": "https://api.github.com/users/jodybot/events{/privacy}",
      "received_events_url": "https://api.github.com/users/jodybot/received_events",
      "type": "User",
      "site_admin": false
    },
    "repo": {
      "id": 240599847,
      "node_id": "MDEwOlJlcG9zaXRvcnkyNDA1OTk4NDc=",
      "name": "policy-ops",
      "full_name": "jodybot/policy-ops",
      "private": false,
      "owner": {
        "login": "jodybot",
        "id": 61066454,
        "node_id": "MDQ6VXNlcjYxMDY2NDU0",
        "avatar_url": "https://avatars1.githubusercontent.com/u/61066454?v=4",
        "gravatar_id": "",
        "url": "https://api.github.com/users/jodybot",
        "html_url": "https://github.com/jodybot",
        "followers_url": "https://api.github.com/users/jodybot/followers",
        "following_url": "https://api.github.com/users/jodybot/following{/other_user}",
        "gists_url": "https://api.github.com/users/jodybot/gists{/gist_id}",
        "starred_url": "https://api.github.com/users/jodybot/starred{/owner}{/repo}",
        "subscriptions_url": "https://api.github.com/users/jodybot/subscriptions",
        "organizations_url": "https://api.github.com/users/jodybot/orgs",
        "repos_url": "https://api.github.com/users/jodybot/repos",
        "events_url": "https://api.github.com/users/jodybot/events{/privacy}",
        "received_events_url": "https://api.github.com/users/jodybot/received_events",
        "type": "User",
        "site_admin": false
      },
      "html_url": "https://github.com/jodybot/policy-ops",
      "description": "test repo for yaml policy gitops management",
      "fork": false,
      "url": "https://api.github.com/repos/jodybot/policy-ops",
      "forks_url": "https://api.github.com/repos/jodybot/policy-ops/forks",
      "keys_url": "https://api.github.com/repos/jodybot/policy-ops/keys{/key_id}",
      "collaborators_url": "https://api.github.com/repos/jodybot/policy-ops/collaborators{/collaborator}",
      "teams_url": "https://api.github.com/repos/jodybot/policy-ops/teams",
      "hooks_url": "https://api.github.com/repos/jodybot/policy-ops/hooks",
      "issue_events_url": "https://api.github.com/repos/jodybot/policy-ops/issues/events{/number}",
      "events_url": "https://api.github.com/repos/jodybot/policy-ops/events",
      "assignees_url": "https://api.github.com/repos/jodybot/policy-ops/assignees{/user}",
      "branches_url": "https://api.github.com/repos/jodybot/policy-ops/branches{/branch}",
      "tags_url": "https://api.github.com/repos/jodybot/policy-ops/tags",
      "blobs_url": "https://api.github.com/repos/jodybot/policy-ops/git/blobs{/sha}",
      "git_tags_url": "https://api.github.com/repos/jodybot/policy-ops/git/tags{/sha}",
      "git_refs_url": "https://api.github.com/repos/jodybot/policy-ops/git/refs{/sha}",
      "trees_url": "https://api.github.com/repos/jodybot/policy-ops/git/trees{/sha}",
      "statuses_url": "https://api.github.com/repos/jodybot/policy-ops/statuses/{sha}",
      "languages_url": "https://api.github.com/repos/jodybot/policy-ops/languages",
      "stargazers_url": "https://api.github.com/repos/jodybot/policy-ops/stargazers",
      "contributors_url": "https://api.github.com/repos/jodybot/policy-ops/contributors",
      "subscribers_url": "https://api.github.com/repos/jodybot/policy-ops/subscribers",
      "subscription_url": "https://api.github.com/repos/jodybot/policy-ops/subscription",
      "commits_url": "https://api.github.com/repos/jodybot/policy-ops/commits{/sha}",
      "git_commits_url": "https://api.github.com/repos/jodybot/policy-ops/git/commits{/sha}",
      "comments_url": "https://api.github.com/repos/jodybot/policy-ops/comments{/number}",
      "issue_comment_url": "https://api.github.com/repos/jodybot/policy-ops/issues/comments{/number}",
      "contents_url": "https://api.github.com/repos/jodybot/policy-ops/contents/{+path}",
      "compare_url": "https://api.github.com/repos/jodybot/policy-ops/compare/{base}...{head}",
      "merges_url": "https://api.github.com/repos/jodybot/policy-ops/merges",
      "archive_url": "https://api.github.com/repos/jodybot/policy-ops/{archive_format}{/ref}",
      "downloads_url": "https://api.github.com/repos/jodybot/policy-ops/downloads",
      "issues_url": "https://api.github.com/repos/jodybot/policy-ops/issues{/number}",
      "pulls_url": "https://api.github.com/repos/jodybot/policy-ops/pulls{/number}",
      "milestones_url": "https://api.github.com/repos/jodybot/policy-ops/milestones{/number}",
      "notifications_url": "https://api.github.com/repos/jodybot/policy-ops/notifications{?since,all,participating}",
      "labels_url": "https://api.github.com/repos/jodybot/policy-ops/labels{/name}",
      "releases_url": "https://api.github.com/repos/jodybot/policy-ops/releases{/id}",
      "deployments_url": "https://api.github.com/repos/jodybot/policy-ops/deployments",
      "created_at": "2020-02-14T21:15:07Z",
      "updated_at": "2020-02-18T18:53:40Z",
      "pushed_at": "2020-02-19T14:54:29Z",
      "git_url": "git://github.com/jodybot/policy-ops.git",
      "ssh_url": "git@github.com:jodybot/policy-ops.git",
      "clone_url": "https://github.com/jodybot/policy-ops.git",
      "svn_url": "https://github.com/jodybot/policy-ops",
      "homepage": null,
      "size": 37,
      "stargazers_count": 0,
      "watchers_count": 0,
      "language": null,
      "has_issues": true,
      "has_projects": true,
      "has_downloads": true,
      "has_wiki": true,
      "has_pages": false,
      "forks_count": 0,
      "mirror_url": null,
      "archived": false,
      "disabled": false,
      "open_issues_count": 1,
      "license": null,
      "forks": 0,
      "open_issues": 1,
      "watchers": 0,
      "default_branch": "master"
    }
  },
  "_links": {
    "self": {
      "href": "https://api.github.com/repos/jodybot/policy-ops/pulls/42"
    },
    "html": {
      "href": "https://github.com/jodybot/policy-ops/pull/42"
    },
    "issue": {
      "href": "https://api.github.com/repos/jodybot/policy-ops/issues/42"
    },
    "comments": {
      "href": "https://api.github.com/repos/jodybot/policy-ops/issues/42/comments"
    },
    "review_comments": {
      "href": "https://api.github.com/repos/jodybot/policy-ops/pulls/42/comments"
    },
    "review_comment": {
      "href": "https://api.github.com/repos/jodybot/policy-ops/pulls/comments{/number}"
    },
    "commits": {
      "href": "https://api.github.com/repos/jodybot/policy-ops/pulls/42/commits"
    },
    "statuses": {
      "href": "https://api.github.com/repos/jodybot/policy-ops/statuses/c1fa673ce8e2aa61c21cbcca6fe7267e1b3cd20c"
    }
  },
  "author_association": "OWNER"
}

createPullRequestReview(EvanProject,access-request.json) =============
{
  "id": 361180446,
  "node_id": "MDE3OlB1bGxSZXF1ZXN0UmV2aWV3MzYxMTgwNDQ2",
  "user": {
    "login": "jodyhuntatx",
    "id": 8240697,
    "node_id": "MDQ6VXNlcjgyNDA2OTc=",
    "avatar_url": "https://avatars1.githubusercontent.com/u/8240697?v=4",
    "gravatar_id": "",
    "url": "https://api.github.com/users/jodyhuntatx",
    "html_url": "https://github.com/jodyhuntatx",
    "followers_url": "https://api.github.com/users/jodyhuntatx/followers",
    "following_url": "https://api.github.com/users/jodyhuntatx/following{/other_user}",
    "gists_url": "https://api.github.com/users/jodyhuntatx/gists{/gist_id}",
    "starred_url": "https://api.github.com/users/jodyhuntatx/starred{/owner}{/repo}",
    "subscriptions_url": "https://api.github.com/users/jodyhuntatx/subscriptions",
    "organizations_url": "https://api.github.com/users/jodyhuntatx/orgs",
    "repos_url": "https://api.github.com/users/jodyhuntatx/repos",
    "events_url": "https://api.github.com/users/jodyhuntatx/events{/privacy}",
    "received_events_url": "https://api.github.com/users/jodyhuntatx/received_events",
    "type": "User",
    "site_admin": false
  },
  "body": "jodyhuntatx",
  "state": "APPROVED",
  "html_url": "https://github.com/jodybot/policy-ops/pull/42#pullrequestreview-361180446",
  "pull_request_url": "https://api.github.com/repos/jodybot/policy-ops/pulls/42",
  "author_association": "COLLABORATOR",
  "_links": {
    "html": {
      "href": "https://github.com/jodybot/policy-ops/pull/42#pullrequestreview-361180446"
    },
    "pull_request": {
      "href": "https://api.github.com/repos/jodybot/policy-ops/pulls/42"
    }
  },
  "submitted_at": "2020-02-19T14:56:09Z",
  "commit_id": "c1fa673ce8e2aa61c21cbcca6fe7267e1b3cd20c"
}

mergePullRequest(master,EvanProject,access-request.json) =============
Merge successful.
