
createBranch(master,NewProject) =============

commitFile(NewProject,2020/02/19/NewProject/access-request.json) =============

createPullRequest(NewProject,access-request.json) =============

requestPRReview(NewProject,access-request.json) =============

createBranch(master,NewProject) =============
{
  "ref": "refs/heads/NewProject",
  "node_id": "MDM6UmVmMjQwNTk5ODQ3Ok5ld1Byb2plY3Q=",
  "url": "https://api.github.com/repos/jodybot/policy-ops/git/refs/heads/NewProject",
  "object": {
    "sha": "ae0970004c644a277a918f535fd95b280cdc09d7",
    "type": "commit",
    "url": "https://api.github.com/repos/jodybot/policy-ops/git/commits/ae0970004c644a277a918f535fd95b280cdc09d7"
  }
}
{
  "url": "https://api.github.com/repos/jodybot/policy-ops/branches/NewProject/protection",
  "required_pull_request_reviews": {
    "url": "https://api.github.com/repos/jodybot/policy-ops/branches/NewProject/protection/required_pull_request_reviews",
    "dismiss_stale_reviews": false,
    "require_code_owner_reviews": false,
    "required_approving_review_count": 1
  },
  "enforce_admins": {
    "url": "https://api.github.com/repos/jodybot/policy-ops/branches/NewProject/protection/enforce_admins",
    "enabled": false
  },
  "required_linear_history": {
    "enabled": false
  },
  "allow_force_pushes": {
    "enabled": false
  },
  "allow_deletions": {
    "enabled": true
  }
}

commitFile(NewProject,2020/02/19/NewProject/access-request.json) =============
{
  "content": {
    "name": "access-request.json",
    "path": "2020/02/19/NewProject/access-request.json",
    "sha": "5d94062a36485d2ab3e38f306587c495424e95e6",
    "size": 847,
    "url": "https://api.github.com/repos/jodybot/policy-ops/contents/2020/02/19/NewProject/access-request.json?ref=NewProject",
    "html_url": "https://github.com/jodybot/policy-ops/blob/NewProject/2020/02/19/NewProject/access-request.json",
    "git_url": "https://api.github.com/repos/jodybot/policy-ops/git/blobs/5d94062a36485d2ab3e38f306587c495424e95e6",
    "download_url": "https://raw.githubusercontent.com/jodybot/policy-ops/NewProject/2020/02/19/NewProject/access-request.json",
    "type": "file",
    "_links": {
      "self": "https://api.github.com/repos/jodybot/policy-ops/contents/2020/02/19/NewProject/access-request.json?ref=NewProject",
      "git": "https://api.github.com/repos/jodybot/policy-ops/git/blobs/5d94062a36485d2ab3e38f306587c495424e95e6",
      "html": "https://github.com/jodybot/policy-ops/blob/NewProject/2020/02/19/NewProject/access-request.json"
    }
  },
  "commit": {
    "sha": "fb5475aca1a3c653c1a010a0741ce81835f2a445",
    "node_id": "MDY6Q29tbWl0MjQwNTk5ODQ3OmZiNTQ3NWFjYTFhM2M2NTNjMWEwMTBhMDc0MWNlODE4MzVmMmE0NDU=",
    "url": "https://api.github.com/repos/jodybot/policy-ops/git/commits/fb5475aca1a3c653c1a010a0741ce81835f2a445",
    "html_url": "https://github.com/jodybot/policy-ops/commit/fb5475aca1a3c653c1a010a0741ce81835f2a445",
    "author": {
      "name": "jodybot",
      "email": "61066454+jodybot@users.noreply.github.com",
      "date": "2020-02-19T15:58:04Z"
    },
    "committer": {
      "name": "jodybot",
      "email": "61066454+jodybot@users.noreply.github.com",
      "date": "2020-02-19T15:58:04Z"
    },
    "tree": {
      "sha": "8873681293157ff9c00189986025f799b0a1aacf",
      "url": "https://api.github.com/repos/jodybot/policy-ops/git/trees/8873681293157ff9c00189986025f799b0a1aacf"
    },
    "message": "NewProject, access-request.json, 2020-02-19/09:58:04",
    "parents": [
      {
        "sha": "ae0970004c644a277a918f535fd95b280cdc09d7",
        "url": "https://api.github.com/repos/jodybot/policy-ops/git/commits/ae0970004c644a277a918f535fd95b280cdc09d7",
        "html_url": "https://github.com/jodybot/policy-ops/commit/ae0970004c644a277a918f535fd95b280cdc09d7"
      }
    ],
    "verification": {
      "verified": false,
      "reason": "unsigned",
      "signature": null,
      "payload": null
    }
  }
}

createPullRequest(NewProject,access-request.json) =============
{
  "url": "https://api.github.com/repos/jodybot/policy-ops/pulls/43",
  "id": 377240449,
  "node_id": "MDExOlB1bGxSZXF1ZXN0Mzc3MjQwNDQ5",
  "html_url": "https://github.com/jodybot/policy-ops/pull/43",
  "diff_url": "https://github.com/jodybot/policy-ops/pull/43.diff",
  "patch_url": "https://github.com/jodybot/policy-ops/pull/43.patch",
  "issue_url": "https://api.github.com/repos/jodybot/policy-ops/issues/43",
  "number": 43,
  "state": "open",
  "locked": false,
  "title": "NewProject project onboarding.",
  "user": {
    "login": "jodybot",
    "id": 61066454,
    "node_id": "MDQ6VXNlcjYxMDY2NDU0",
    "avatar_url": "https://avatars1.githubusercontent.com/u/61066454?v=4",
    "gravatar_id": "",
    "url": "https://api.github.com/users/jodybot",
    "html_url": "https://github.com/jodybot",
    "followers_url": "https://api.github.com/users/jodybot/followers",
    "following_url": "https://api.github.com/users/jodybot/following{/other_user}",
    "gists_url": "https://api.github.com/users/jodybot/gists{/gist_id}",
    "starred_url": "https://api.github.com/users/jodybot/starred{/owner}{/repo}",
    "subscriptions_url": "https://api.github.com/users/jodybot/subscriptions",
    "organizations_url": "https://api.github.com/users/jodybot/orgs",
    "repos_url": "https://api.github.com/users/jodybot/repos",
    "events_url": "https://api.github.com/users/jodybot/events{/privacy}",
    "received_events_url": "https://api.github.com/users/jodybot/received_events",
    "type": "User",
    "site_admin": false
  },
  "body": "access-request.json",
  "created_at": "2020-02-19T15:58:06Z",
  "updated_at": "2020-02-19T15:58:06Z",
  "closed_at": null,
  "merged_at": null,
  "merge_commit_sha": null,
  "assignee": null,
  "assignees": [],
  "requested_reviewers": [],
  "requested_teams": [],
  "labels": [],
  "milestone": null,
  "commits_url": "https://api.github.com/repos/jodybot/policy-ops/pulls/43/commits",
  "review_comments_url": "https://api.github.com/repos/jodybot/policy-ops/pulls/43/comments",
  "review_comment_url": "https://api.github.com/repos/jodybot/policy-ops/pulls/comments{/number}",
  "comments_url": "https://api.github.com/repos/jodybot/policy-ops/issues/43/comments",
  "statuses_url": "https://api.github.com/repos/jodybot/policy-ops/statuses/fb5475aca1a3c653c1a010a0741ce81835f2a445",
  "head": {
    "label": "jodybot:NewProject",
    "ref": "NewProject",
    "sha": "fb5475aca1a3c653c1a010a0741ce81835f2a445",
    "user": {
      "login": "jodybot",
      "id": 61066454,
      "node_id": "MDQ6VXNlcjYxMDY2NDU0",
      "avatar_url": "https://avatars1.githubusercontent.com/u/61066454?v=4",
      "gravatar_id": "",
      "url": "https://api.github.com/users/jodybot",
      "html_url": "https://github.com/jodybot",
      "followers_url": "https://api.github.com/users/jodybot/followers",
      "following_url": "https://api.github.com/users/jodybot/following{/other_user}",
      "gists_url": "https://api.github.com/users/jodybot/gists{/gist_id}",
      "starred_url": "https://api.github.com/users/jodybot/starred{/owner}{/repo}",
      "subscriptions_url": "https://api.github.com/users/jodybot/subscriptions",
      "organizations_url": "https://api.github.com/users/jodybot/orgs",
      "repos_url": "https://api.github.com/users/jodybot/repos",
      "events_url": "https://api.github.com/users/jodybot/events{/privacy}",
      "received_events_url": "https://api.github.com/users/jodybot/received_events",
      "type": "User",
      "site_admin": false
    },
    "repo": {
      "id": 240599847,
      "node_id": "MDEwOlJlcG9zaXRvcnkyNDA1OTk4NDc=",
      "name": "policy-ops",
      "full_name": "jodybot/policy-ops",
      "private": false,
      "owner": {
        "login": "jodybot",
        "id": 61066454,
        "node_id": "MDQ6VXNlcjYxMDY2NDU0",
        "avatar_url": "https://avatars1.githubusercontent.com/u/61066454?v=4",
        "gravatar_id": "",
        "url": "https://api.github.com/users/jodybot",
        "html_url": "https://github.com/jodybot",
        "followers_url": "https://api.github.com/users/jodybot/followers",
        "following_url": "https://api.github.com/users/jodybot/following{/other_user}",
        "gists_url": "https://api.github.com/users/jodybot/gists{/gist_id}",
        "starred_url": "https://api.github.com/users/jodybot/starred{/owner}{/repo}",
        "subscriptions_url": "https://api.github.com/users/jodybot/subscriptions",
        "organizations_url": "https://api.github.com/users/jodybot/orgs",
        "repos_url": "https://api.github.com/users/jodybot/repos",
        "events_url": "https://api.github.com/users/jodybot/events{/privacy}",
        "received_events_url": "https://api.github.com/users/jodybot/received_events",
        "type": "User",
        "site_admin": false
      },
      "html_url": "https://github.com/jodybot/policy-ops",
      "description": "test repo for yaml policy gitops management",
      "fork": false,
      "url": "https://api.github.com/repos/jodybot/policy-ops",
      "forks_url": "https://api.github.com/repos/jodybot/policy-ops/forks",
      "keys_url": "https://api.github.com/repos/jodybot/policy-ops/keys{/key_id}",
      "collaborators_url": "https://api.github.com/repos/jodybot/policy-ops/collaborators{/collaborator}",
      "teams_url": "https://api.github.com/repos/jodybot/policy-ops/teams",
      "hooks_url": "https://api.github.com/repos/jodybot/policy-ops/hooks",
      "issue_events_url": "https://api.github.com/repos/jodybot/policy-ops/issues/events{/number}",
      "events_url": "https://api.github.com/repos/jodybot/policy-ops/events",
      "assignees_url": "https://api.github.com/repos/jodybot/policy-ops/assignees{/user}",
      "branches_url": "https://api.github.com/repos/jodybot/policy-ops/branches{/branch}",
      "tags_url": "https://api.github.com/repos/jodybot/policy-ops/tags",
      "blobs_url": "https://api.github.com/repos/jodybot/policy-ops/git/blobs{/sha}",
      "git_tags_url": "https://api.github.com/repos/jodybot/policy-ops/git/tags{/sha}",
      "git_refs_url": "https://api.github.com/repos/jodybot/policy-ops/git/refs{/sha}",
      "trees_url": "https://api.github.com/repos/jodybot/policy-ops/git/trees{/sha}",
      "statuses_url": "https://api.github.com/repos/jodybot/policy-ops/statuses/{sha}",
      "languages_url": "https://api.github.com/repos/jodybot/policy-ops/languages",
      "stargazers_url": "https://api.github.com/repos/jodybot/policy-ops/stargazers",
      "contributors_url": "https://api.github.com/repos/jodybot/policy-ops/contributors",
      "subscribers_url": "https://api.github.com/repos/jodybot/policy-ops/subscribers",
      "subscription_url": "https://api.github.com/repos/jodybot/policy-ops/subscription",
      "commits_url": "https://api.github.com/repos/jodybot/policy-ops/commits{/sha}",
      "git_commits_url": "https://api.github.com/repos/jodybot/policy-ops/git/commits{/sha}",
      "comments_url": "https://api.github.com/repos/jodybot/policy-ops/comments{/number}",
      "issue_comment_url": "https://api.github.com/repos/jodybot/policy-ops/issues/comments{/number}",
      "contents_url": "https://api.github.com/repos/jodybot/policy-ops/contents/{+path}",
      "compare_url": "https://api.github.com/repos/jodybot/policy-ops/compare/{base}...{head}",
      "merges_url": "https://api.github.com/repos/jodybot/policy-ops/merges",
      "archive_url": "https://api.github.com/repos/jodybot/policy-ops/{archive_format}{/ref}",
      "downloads_url": "https://api.github.com/repos/jodybot/policy-ops/downloads",
      "issues_url": "https://api.github.com/repos/jodybot/policy-ops/issues{/number}",
      "pulls_url": "https://api.github.com/repos/jodybot/policy-ops/pulls{/number}",
      "milestones_url": "https://api.github.com/repos/jodybot/policy-ops/milestones{/number}",
      "notifications_url": "https://api.github.com/repos/jodybot/policy-ops/notifications{?since,all,participating}",
      "labels_url": "https://api.github.com/repos/jodybot/policy-ops/labels{/name}",
      "releases_url": "https://api.github.com/repos/jodybot/policy-ops/releases{/id}",
      "deployments_url": "https://api.github.com/repos/jodybot/policy-ops/deployments",
      "created_at": "2020-02-14T21:15:07Z",
      "updated_at": "2020-02-19T15:03:47Z",
      "pushed_at": "2020-02-19T15:58:05Z",
      "git_url": "git://github.com/jodybot/policy-ops.git",
      "ssh_url": "git@github.com:jodybot/policy-ops.git",
      "clone_url": "https://github.com/jodybot/policy-ops.git",
      "svn_url": "https://github.com/jodybot/policy-ops",
      "homepage": null,
      "size": 38,
      "stargazers_count": 0,
      "watchers_count": 0,
      "language": null,
      "has_issues": true,
      "has_projects": true,
      "has_downloads": true,
      "has_wiki": true,
      "has_pages": false,
      "forks_count": 0,
      "mirror_url": null,
      "archived": false,
      "disabled": false,
      "open_issues_count": 1,
      "license": null,
      "forks": 0,
      "open_issues": 1,
      "watchers": 0,
      "default_branch": "master"
    }
  },
  "base": {
    "label": "jodybot:master",
    "ref": "master",
    "sha": "ae0970004c644a277a918f535fd95b280cdc09d7",
    "user": {
      "login": "jodybot",
      "id": 61066454,
      "node_id": "MDQ6VXNlcjYxMDY2NDU0",
      "avatar_url": "https://avatars1.githubusercontent.com/u/61066454?v=4",
      "gravatar_id": "",
      "url": "https://api.github.com/users/jodybot",
      "html_url": "https://github.com/jodybot",
      "followers_url": "https://api.github.com/users/jodybot/followers",
      "following_url": "https://api.github.com/users/jodybot/following{/other_user}",
      "gists_url": "https://api.github.com/users/jodybot/gists{/gist_id}",
      "starred_url": "https://api.github.com/users/jodybot/starred{/owner}{/repo}",
      "subscriptions_url": "https://api.github.com/users/jodybot/subscriptions",
      "organizations_url": "https://api.github.com/users/jodybot/orgs",
      "repos_url": "https://api.github.com/users/jodybot/repos",
      "events_url": "https://api.github.com/users/jodybot/events{/privacy}",
      "received_events_url": "https://api.github.com/users/jodybot/received_events",
      "type": "User",
      "site_admin": false
    },
    "repo": {
      "id": 240599847,
      "node_id": "MDEwOlJlcG9zaXRvcnkyNDA1OTk4NDc=",
      "name": "policy-ops",
      "full_name": "jodybot/policy-ops",
      "private": false,
      "owner": {
        "login": "jodybot",
        "id": 61066454,
        "node_id": "MDQ6VXNlcjYxMDY2NDU0",
        "avatar_url": "https://avatars1.githubusercontent.com/u/61066454?v=4",
        "gravatar_id": "",
        "url": "https://api.github.com/users/jodybot",
        "html_url": "https://github.com/jodybot",
        "followers_url": "https://api.github.com/users/jodybot/followers",
        "following_url": "https://api.github.com/users/jodybot/following{/other_user}",
        "gists_url": "https://api.github.com/users/jodybot/gists{/gist_id}",
        "starred_url": "https://api.github.com/users/jodybot/starred{/owner}{/repo}",
        "subscriptions_url": "https://api.github.com/users/jodybot/subscriptions",
        "organizations_url": "https://api.github.com/users/jodybot/orgs",
        "repos_url": "https://api.github.com/users/jodybot/repos",
        "events_url": "https://api.github.com/users/jodybot/events{/privacy}",
        "received_events_url": "https://api.github.com/users/jodybot/received_events",
        "type": "User",
        "site_admin": false
      },
      "html_url": "https://github.com/jodybot/policy-ops",
      "description": "test repo for yaml policy gitops management",
      "fork": false,
      "url": "https://api.github.com/repos/jodybot/policy-ops",
      "forks_url": "https://api.github.com/repos/jodybot/policy-ops/forks",
      "keys_url": "https://api.github.com/repos/jodybot/policy-ops/keys{/key_id}",
      "collaborators_url": "https://api.github.com/repos/jodybot/policy-ops/collaborators{/collaborator}",
      "teams_url": "https://api.github.com/repos/jodybot/policy-ops/teams",
      "hooks_url": "https://api.github.com/repos/jodybot/policy-ops/hooks",
      "issue_events_url": "https://api.github.com/repos/jodybot/policy-ops/issues/events{/number}",
      "events_url": "https://api.github.com/repos/jodybot/policy-ops/events",
      "assignees_url": "https://api.github.com/repos/jodybot/policy-ops/assignees{/user}",
      "branches_url": "https://api.github.com/repos/jodybot/policy-ops/branches{/branch}",
      "tags_url": "https://api.github.com/repos/jodybot/policy-ops/tags",
      "blobs_url": "https://api.github.com/repos/jodybot/policy-ops/git/blobs{/sha}",
      "git_tags_url": "https://api.github.com/repos/jodybot/policy-ops/git/tags{/sha}",
      "git_refs_url": "https://api.github.com/repos/jodybot/policy-ops/git/refs{/sha}",
      "trees_url": "https://api.github.com/repos/jodybot/policy-ops/git/trees{/sha}",
      "statuses_url": "https://api.github.com/repos/jodybot/policy-ops/statuses/{sha}",
      "languages_url": "https://api.github.com/repos/jodybot/policy-ops/languages",
      "stargazers_url": "https://api.github.com/repos/jodybot/policy-ops/stargazers",
      "contributors_url": "https://api.github.com/repos/jodybot/policy-ops/contributors",
      "subscribers_url": "https://api.github.com/repos/jodybot/policy-ops/subscribers",
      "subscription_url": "https://api.github.com/repos/jodybot/policy-ops/subscription",
      "commits_url": "https://api.github.com/repos/jodybot/policy-ops/commits{/sha}",
      "git_commits_url": "https://api.github.com/repos/jodybot/policy-ops/git/commits{/sha}",
      "comments_url": "https://api.github.com/repos/jodybot/policy-ops/comments{/number}",
      "issue_comment_url": "https://api.github.com/repos/jodybot/policy-ops/issues/comments{/number}",
      "contents_url": "https://api.github.com/repos/jodybot/policy-ops/contents/{+path}",
      "compare_url": "https://api.github.com/repos/jodybot/policy-ops/compare/{base}...{head}",
      "merges_url": "https://api.github.com/repos/jodybot/policy-ops/merges",
      "archive_url": "https://api.github.com/repos/jodybot/policy-ops/{archive_format}{/ref}",
      "downloads_url": "https://api.github.com/repos/jodybot/policy-ops/downloads",
      "issues_url": "https://api.github.com/repos/jodybot/policy-ops/issues{/number}",
      "pulls_url": "https://api.github.com/repos/jodybot/policy-ops/pulls{/number}",
      "milestones_url": "https://api.github.com/repos/jodybot/policy-ops/milestones{/number}",
      "notifications_url": "https://api.github.com/repos/jodybot/policy-ops/notifications{?since,all,participating}",
      "labels_url": "https://api.github.com/repos/jodybot/policy-ops/labels{/name}",
      "releases_url": "https://api.github.com/repos/jodybot/policy-ops/releases{/id}",
      "deployments_url": "https://api.github.com/repos/jodybot/policy-ops/deployments",
      "created_at": "2020-02-14T21:15:07Z",
      "updated_at": "2020-02-19T15:03:47Z",
      "pushed_at": "2020-02-19T15:58:05Z",
      "git_url": "git://github.com/jodybot/policy-ops.git",
      "ssh_url": "git@github.com:jodybot/policy-ops.git",
      "clone_url": "https://github.com/jodybot/policy-ops.git",
      "svn_url": "https://github.com/jodybot/policy-ops",
      "homepage": null,
      "size": 38,
      "stargazers_count": 0,
      "watchers_count": 0,
      "language": null,
      "has_issues": true,
      "has_projects": true,
      "has_downloads": true,
      "has_wiki": true,
      "has_pages": false,
      "forks_count": 0,
      "mirror_url": null,
      "archived": false,
      "disabled": false,
      "open_issues_count": 1,
      "license": null,
      "forks": 0,
      "open_issues": 1,
      "watchers": 0,
      "default_branch": "master"
    }
  },
  "_links": {
    "self": {
      "href": "https://api.github.com/repos/jodybot/policy-ops/pulls/43"
    },
    "html": {
      "href": "https://github.com/jodybot/policy-ops/pull/43"
    },
    "issue": {
      "href": "https://api.github.com/repos/jodybot/policy-ops/issues/43"
    },
    "comments": {
      "href": "https://api.github.com/repos/jodybot/policy-ops/issues/43/comments"
    },
    "review_comments": {
      "href": "https://api.github.com/repos/jodybot/policy-ops/pulls/43/comments"
    },
    "review_comment": {
      "href": "https://api.github.com/repos/jodybot/policy-ops/pulls/comments{/number}"
    },
    "commits": {
      "href": "https://api.github.com/repos/jodybot/policy-ops/pulls/43/commits"
    },
    "statuses": {
      "href": "https://api.github.com/repos/jodybot/policy-ops/statuses/fb5475aca1a3c653c1a010a0741ce81835f2a445"
    }
  },
  "author_association": "OWNER",
  "merged": false,
  "mergeable": null,
  "rebaseable": null,
  "mergeable_state": "unknown",
  "merged_by": null,
  "comments": 0,
  "review_comments": 0,
  "maintainer_can_modify": false,
  "commits": 1,
  "additions": 36,
  "deletions": 0,
  "changed_files": 1
}

requestPRReview(NewProject,access-request.json) =============
{
  "url": "https://api.github.com/repos/jodybot/policy-ops/pulls/43",
  "id": 377240449,
  "node_id": "MDExOlB1bGxSZXF1ZXN0Mzc3MjQwNDQ5",
  "html_url": "https://github.com/jodybot/policy-ops/pull/43",
  "diff_url": "https://github.com/jodybot/policy-ops/pull/43.diff",
  "patch_url": "https://github.com/jodybot/policy-ops/pull/43.patch",
  "issue_url": "https://api.github.com/repos/jodybot/policy-ops/issues/43",
  "number": 43,
  "state": "open",
  "locked": false,
  "title": "NewProject project onboarding.",
  "user": {
    "login": "jodybot",
    "id": 61066454,
    "node_id": "MDQ6VXNlcjYxMDY2NDU0",
    "avatar_url": "https://avatars1.githubusercontent.com/u/61066454?v=4",
    "gravatar_id": "",
    "url": "https://api.github.com/users/jodybot",
    "html_url": "https://github.com/jodybot",
    "followers_url": "https://api.github.com/users/jodybot/followers",
    "following_url": "https://api.github.com/users/jodybot/following{/other_user}",
    "gists_url": "https://api.github.com/users/jodybot/gists{/gist_id}",
    "starred_url": "https://api.github.com/users/jodybot/starred{/owner}{/repo}",
    "subscriptions_url": "https://api.github.com/users/jodybot/subscriptions",
    "organizations_url": "https://api.github.com/users/jodybot/orgs",
    "repos_url": "https://api.github.com/users/jodybot/repos",
    "events_url": "https://api.github.com/users/jodybot/events{/privacy}",
    "received_events_url": "https://api.github.com/users/jodybot/received_events",
    "type": "User",
    "site_admin": false
  },
  "body": "access-request.json",
  "created_at": "2020-02-19T15:58:06Z",
  "updated_at": "2020-02-19T15:58:07Z",
  "closed_at": null,
  "merged_at": null,
  "merge_commit_sha": "ad8715b3970c2bf416b718ed604df9f729bdeb57",
  "assignee": null,
  "assignees": [],
  "requested_reviewers": [
    {
      "login": "jodyhuntatx",
      "id": 8240697,
      "node_id": "MDQ6VXNlcjgyNDA2OTc=",
      "avatar_url": "https://avatars1.githubusercontent.com/u/8240697?v=4",
      "gravatar_id": "",
      "url": "https://api.github.com/users/jodyhuntatx",
      "html_url": "https://github.com/jodyhuntatx",
      "followers_url": "https://api.github.com/users/jodyhuntatx/followers",
      "following_url": "https://api.github.com/users/jodyhuntatx/following{/other_user}",
      "gists_url": "https://api.github.com/users/jodyhuntatx/gists{/gist_id}",
      "starred_url": "https://api.github.com/users/jodyhuntatx/starred{/owner}{/repo}",
      "subscriptions_url": "https://api.github.com/users/jodyhuntatx/subscriptions",
      "organizations_url": "https://api.github.com/users/jodyhuntatx/orgs",
      "repos_url": "https://api.github.com/users/jodyhuntatx/repos",
      "events_url": "https://api.github.com/users/jodyhuntatx/events{/privacy}",
      "received_events_url": "https://api.github.com/users/jodyhuntatx/received_events",
      "type": "User",
      "site_admin": false
    }
  ],
  "requested_teams": [],
  "labels": [],
  "milestone": null,
  "commits_url": "https://api.github.com/repos/jodybot/policy-ops/pulls/43/commits",
  "review_comments_url": "https://api.github.com/repos/jodybot/policy-ops/pulls/43/comments",
  "review_comment_url": "https://api.github.com/repos/jodybot/policy-ops/pulls/comments{/number}",
  "comments_url": "https://api.github.com/repos/jodybot/policy-ops/issues/43/comments",
  "statuses_url": "https://api.github.com/repos/jodybot/policy-ops/statuses/fb5475aca1a3c653c1a010a0741ce81835f2a445",
  "head": {
    "label": "jodybot:NewProject",
    "ref": "NewProject",
    "sha": "fb5475aca1a3c653c1a010a0741ce81835f2a445",
    "user": {
      "login": "jodybot",
      "id": 61066454,
      "node_id": "MDQ6VXNlcjYxMDY2NDU0",
      "avatar_url": "https://avatars1.githubusercontent.com/u/61066454?v=4",
      "gravatar_id": "",
      "url": "https://api.github.com/users/jodybot",
      "html_url": "https://github.com/jodybot",
      "followers_url": "https://api.github.com/users/jodybot/followers",
      "following_url": "https://api.github.com/users/jodybot/following{/other_user}",
      "gists_url": "https://api.github.com/users/jodybot/gists{/gist_id}",
      "starred_url": "https://api.github.com/users/jodybot/starred{/owner}{/repo}",
      "subscriptions_url": "https://api.github.com/users/jodybot/subscriptions",
      "organizations_url": "https://api.github.com/users/jodybot/orgs",
      "repos_url": "https://api.github.com/users/jodybot/repos",
      "events_url": "https://api.github.com/users/jodybot/events{/privacy}",
      "received_events_url": "https://api.github.com/users/jodybot/received_events",
      "type": "User",
      "site_admin": false
    },
    "repo": {
      "id": 240599847,
      "node_id": "MDEwOlJlcG9zaXRvcnkyNDA1OTk4NDc=",
      "name": "policy-ops",
      "full_name": "jodybot/policy-ops",
      "private": false,
      "owner": {
        "login": "jodybot",
        "id": 61066454,
        "node_id": "MDQ6VXNlcjYxMDY2NDU0",
        "avatar_url": "https://avatars1.githubusercontent.com/u/61066454?v=4",
        "gravatar_id": "",
        "url": "https://api.github.com/users/jodybot",
        "html_url": "https://github.com/jodybot",
        "followers_url": "https://api.github.com/users/jodybot/followers",
        "following_url": "https://api.github.com/users/jodybot/following{/other_user}",
        "gists_url": "https://api.github.com/users/jodybot/gists{/gist_id}",
        "starred_url": "https://api.github.com/users/jodybot/starred{/owner}{/repo}",
        "subscriptions_url": "https://api.github.com/users/jodybot/subscriptions",
        "organizations_url": "https://api.github.com/users/jodybot/orgs",
        "repos_url": "https://api.github.com/users/jodybot/repos",
        "events_url": "https://api.github.com/users/jodybot/events{/privacy}",
        "received_events_url": "https://api.github.com/users/jodybot/received_events",
        "type": "User",
        "site_admin": false
      },
      "html_url": "https://github.com/jodybot/policy-ops",
      "description": "test repo for yaml policy gitops management",
      "fork": false,
      "url": "https://api.github.com/repos/jodybot/policy-ops",
      "forks_url": "https://api.github.com/repos/jodybot/policy-ops/forks",
      "keys_url": "https://api.github.com/repos/jodybot/policy-ops/keys{/key_id}",
      "collaborators_url": "https://api.github.com/repos/jodybot/policy-ops/collaborators{/collaborator}",
      "teams_url": "https://api.github.com/repos/jodybot/policy-ops/teams",
      "hooks_url": "https://api.github.com/repos/jodybot/policy-ops/hooks",
      "issue_events_url": "https://api.github.com/repos/jodybot/policy-ops/issues/events{/number}",
      "events_url": "https://api.github.com/repos/jodybot/policy-ops/events",
      "assignees_url": "https://api.github.com/repos/jodybot/policy-ops/assignees{/user}",
      "branches_url": "https://api.github.com/repos/jodybot/policy-ops/branches{/branch}",
      "tags_url": "https://api.github.com/repos/jodybot/policy-ops/tags",
      "blobs_url": "https://api.github.com/repos/jodybot/policy-ops/git/blobs{/sha}",
      "git_tags_url": "https://api.github.com/repos/jodybot/policy-ops/git/tags{/sha}",
      "git_refs_url": "https://api.github.com/repos/jodybot/policy-ops/git/refs{/sha}",
      "trees_url": "https://api.github.com/repos/jodybot/policy-ops/git/trees{/sha}",
      "statuses_url": "https://api.github.com/repos/jodybot/policy-ops/statuses/{sha}",
      "languages_url": "https://api.github.com/repos/jodybot/policy-ops/languages",
      "stargazers_url": "https://api.github.com/repos/jodybot/policy-ops/stargazers",
      "contributors_url": "https://api.github.com/repos/jodybot/policy-ops/contributors",
      "subscribers_url": "https://api.github.com/repos/jodybot/policy-ops/subscribers",
      "subscription_url": "https://api.github.com/repos/jodybot/policy-ops/subscription",
      "commits_url": "https://api.github.com/repos/jodybot/policy-ops/commits{/sha}",
      "git_commits_url": "https://api.github.com/repos/jodybot/policy-ops/git/commits{/sha}",
      "comments_url": "https://api.github.com/repos/jodybot/policy-ops/comments{/number}",
      "issue_comment_url": "https://api.github.com/repos/jodybot/policy-ops/issues/comments{/number}",
      "contents_url": "https://api.github.com/repos/jodybot/policy-ops/contents/{+path}",
      "compare_url": "https://api.github.com/repos/jodybot/policy-ops/compare/{base}...{head}",
      "merges_url": "https://api.github.com/repos/jodybot/policy-ops/merges",
      "archive_url": "https://api.github.com/repos/jodybot/policy-ops/{archive_format}{/ref}",
      "downloads_url": "https://api.github.com/repos/jodybot/policy-ops/downloads",
      "issues_url": "https://api.github.com/repos/jodybot/policy-ops/issues{/number}",
      "pulls_url": "https://api.github.com/repos/jodybot/policy-ops/pulls{/number}",
      "milestones_url": "https://api.github.com/repos/jodybot/policy-ops/milestones{/number}",
      "notifications_url": "https://api.github.com/repos/jodybot/policy-ops/notifications{?since,all,participating}",
      "labels_url": "https://api.github.com/repos/jodybot/policy-ops/labels{/name}",
      "releases_url": "https://api.github.com/repos/jodybot/policy-ops/releases{/id}",
      "deployments_url": "https://api.github.com/repos/jodybot/policy-ops/deployments",
      "created_at": "2020-02-14T21:15:07Z",
      "updated_at": "2020-02-19T15:03:47Z",
      "pushed_at": "2020-02-19T15:58:07Z",
      "git_url": "git://github.com/jodybot/policy-ops.git",
      "ssh_url": "git@github.com:jodybot/policy-ops.git",
      "clone_url": "https://github.com/jodybot/policy-ops.git",
      "svn_url": "https://github.com/jodybot/policy-ops",
      "homepage": null,
      "size": 38,
      "stargazers_count": 0,
      "watchers_count": 0,
      "language": null,
      "has_issues": true,
      "has_projects": true,
      "has_downloads": true,
      "has_wiki": true,
      "has_pages": false,
      "forks_count": 0,
      "mirror_url": null,
      "archived": false,
      "disabled": false,
      "open_issues_count": 1,
      "license": null,
      "forks": 0,
      "open_issues": 1,
      "watchers": 0,
      "default_branch": "master"
    }
  },
  "base": {
    "label": "jodybot:master",
    "ref": "master",
    "sha": "ae0970004c644a277a918f535fd95b280cdc09d7",
    "user": {
      "login": "jodybot",
      "id": 61066454,
      "node_id": "MDQ6VXNlcjYxMDY2NDU0",
      "avatar_url": "https://avatars1.githubusercontent.com/u/61066454?v=4",
      "gravatar_id": "",
      "url": "https://api.github.com/users/jodybot",
      "html_url": "https://github.com/jodybot",
      "followers_url": "https://api.github.com/users/jodybot/followers",
      "following_url": "https://api.github.com/users/jodybot/following{/other_user}",
      "gists_url": "https://api.github.com/users/jodybot/gists{/gist_id}",
      "starred_url": "https://api.github.com/users/jodybot/starred{/owner}{/repo}",
      "subscriptions_url": "https://api.github.com/users/jodybot/subscriptions",
      "organizations_url": "https://api.github.com/users/jodybot/orgs",
      "repos_url": "https://api.github.com/users/jodybot/repos",
      "events_url": "https://api.github.com/users/jodybot/events{/privacy}",
      "received_events_url": "https://api.github.com/users/jodybot/received_events",
      "type": "User",
      "site_admin": false
    },
    "repo": {
      "id": 240599847,
      "node_id": "MDEwOlJlcG9zaXRvcnkyNDA1OTk4NDc=",
      "name": "policy-ops",
      "full_name": "jodybot/policy-ops",
      "private": false,
      "owner": {
        "login": "jodybot",
        "id": 61066454,
        "node_id": "MDQ6VXNlcjYxMDY2NDU0",
        "avatar_url": "https://avatars1.githubusercontent.com/u/61066454?v=4",
        "gravatar_id": "",
        "url": "https://api.github.com/users/jodybot",
        "html_url": "https://github.com/jodybot",
        "followers_url": "https://api.github.com/users/jodybot/followers",
        "following_url": "https://api.github.com/users/jodybot/following{/other_user}",
        "gists_url": "https://api.github.com/users/jodybot/gists{/gist_id}",
        "starred_url": "https://api.github.com/users/jodybot/starred{/owner}{/repo}",
        "subscriptions_url": "https://api.github.com/users/jodybot/subscriptions",
        "organizations_url": "https://api.github.com/users/jodybot/orgs",
        "repos_url": "https://api.github.com/users/jodybot/repos",
        "events_url": "https://api.github.com/users/jodybot/events{/privacy}",
        "received_events_url": "https://api.github.com/users/jodybot/received_events",
        "type": "User",
        "site_admin": false
      },
      "html_url": "https://github.com/jodybot/policy-ops",
      "description": "test repo for yaml policy gitops management",
      "fork": false,
      "url": "https://api.github.com/repos/jodybot/policy-ops",
      "forks_url": "https://api.github.com/repos/jodybot/policy-ops/forks",
      "keys_url": "https://api.github.com/repos/jodybot/policy-ops/keys{/key_id}",
      "collaborators_url": "https://api.github.com/repos/jodybot/policy-ops/collaborators{/collaborator}",
      "teams_url": "https://api.github.com/repos/jodybot/policy-ops/teams",
      "hooks_url": "https://api.github.com/repos/jodybot/policy-ops/hooks",
      "issue_events_url": "https://api.github.com/repos/jodybot/policy-ops/issues/events{/number}",
      "events_url": "https://api.github.com/repos/jodybot/policy-ops/events",
      "assignees_url": "https://api.github.com/repos/jodybot/policy-ops/assignees{/user}",
      "branches_url": "https://api.github.com/repos/jodybot/policy-ops/branches{/branch}",
      "tags_url": "https://api.github.com/repos/jodybot/policy-ops/tags",
      "blobs_url": "https://api.github.com/repos/jodybot/policy-ops/git/blobs{/sha}",
      "git_tags_url": "https://api.github.com/repos/jodybot/policy-ops/git/tags{/sha}",
      "git_refs_url": "https://api.github.com/repos/jodybot/policy-ops/git/refs{/sha}",
      "trees_url": "https://api.github.com/repos/jodybot/policy-ops/git/trees{/sha}",
      "statuses_url": "https://api.github.com/repos/jodybot/policy-ops/statuses/{sha}",
      "languages_url": "https://api.github.com/repos/jodybot/policy-ops/languages",
      "stargazers_url": "https://api.github.com/repos/jodybot/policy-ops/stargazers",
      "contributors_url": "https://api.github.com/repos/jodybot/policy-ops/contributors",
      "subscribers_url": "https://api.github.com/repos/jodybot/policy-ops/subscribers",
      "subscription_url": "https://api.github.com/repos/jodybot/policy-ops/subscription",
      "commits_url": "https://api.github.com/repos/jodybot/policy-ops/commits{/sha}",
      "git_commits_url": "https://api.github.com/repos/jodybot/policy-ops/git/commits{/sha}",
      "comments_url": "https://api.github.com/repos/jodybot/policy-ops/comments{/number}",
      "issue_comment_url": "https://api.github.com/repos/jodybot/policy-ops/issues/comments{/number}",
      "contents_url": "https://api.github.com/repos/jodybot/policy-ops/contents/{+path}",
      "compare_url": "https://api.github.com/repos/jodybot/policy-ops/compare/{base}...{head}",
      "merges_url": "https://api.github.com/repos/jodybot/policy-ops/merges",
      "archive_url": "https://api.github.com/repos/jodybot/policy-ops/{archive_format}{/ref}",
      "downloads_url": "https://api.github.com/repos/jodybot/policy-ops/downloads",
      "issues_url": "https://api.github.com/repos/jodybot/policy-ops/issues{/number}",
      "pulls_url": "https://api.github.com/repos/jodybot/policy-ops/pulls{/number}",
      "milestones_url": "https://api.github.com/repos/jodybot/policy-ops/milestones{/number}",
      "notifications_url": "https://api.github.com/repos/jodybot/policy-ops/notifications{?since,all,participating}",
      "labels_url": "https://api.github.com/repos/jodybot/policy-ops/labels{/name}",
      "releases_url": "https://api.github.com/repos/jodybot/policy-ops/releases{/id}",
      "deployments_url": "https://api.github.com/repos/jodybot/policy-ops/deployments",
      "created_at": "2020-02-14T21:15:07Z",
      "updated_at": "2020-02-19T15:03:47Z",
      "pushed_at": "2020-02-19T15:58:07Z",
      "git_url": "git://github.com/jodybot/policy-ops.git",
      "ssh_url": "git@github.com:jodybot/policy-ops.git",
      "clone_url": "https://github.com/jodybot/policy-ops.git",
      "svn_url": "https://github.com/jodybot/policy-ops",
      "homepage": null,
      "size": 38,
      "stargazers_count": 0,
      "watchers_count": 0,
      "language": null,
      "has_issues": true,
      "has_projects": true,
      "has_downloads": true,
      "has_wiki": true,
      "has_pages": false,
      "forks_count": 0,
      "mirror_url": null,
      "archived": false,
      "disabled": false,
      "open_issues_count": 1,
      "license": null,
      "forks": 0,
      "open_issues": 1,
      "watchers": 0,
      "default_branch": "master"
    }
  },
  "_links": {
    "self": {
      "href": "https://api.github.com/repos/jodybot/policy-ops/pulls/43"
    },
    "html": {
      "href": "https://github.com/jodybot/policy-ops/pull/43"
    },
    "issue": {
      "href": "https://api.github.com/repos/jodybot/policy-ops/issues/43"
    },
    "comments": {
      "href": "https://api.github.com/repos/jodybot/policy-ops/issues/43/comments"
    },
    "review_comments": {
      "href": "https://api.github.com/repos/jodybot/policy-ops/pulls/43/comments"
    },
    "review_comment": {
      "href": "https://api.github.com/repos/jodybot/policy-ops/pulls/comments{/number}"
    },
    "commits": {
      "href": "https://api.github.com/repos/jodybot/policy-ops/pulls/43/commits"
    },
    "statuses": {
      "href": "https://api.github.com/repos/jodybot/policy-ops/statuses/fb5475aca1a3c653c1a010a0741ce81835f2a445"
    }
  },
  "author_association": "OWNER"
}

mergePullRequest(master,NewProject,access-request.json) =============
Merge successful.
